<?xml version="1.0"?><coverage lines-covered="5335" lines-valid="8785" line-rate="0.6072851451337508" branches-covered="0" branches-valid="0" branch-rate="0" complexity="0" version="1.9" timestamp="1770164558"><sources><source>/Users/forge18/Repos/typedlua</source></sources><packages><package name="crates/typedlua-core/src/typechecker/state" line-rate="0" branch-rate="0" complexity="0"><classes><class name="type_checker_state" filename="crates/typedlua-core/src/typechecker/state/type_checker_state.rs" line-rate="0" branch-rate="0" complexity="0"><methods/><lines><line number="77" hits="0"/><line number="78" hits="0"/><line number="80" hits="0"/><line number="81" hits="0"/><line number="82" hits="0"/><line number="89" hits="0"/><line number="90" hits="0"/><line number="92" hits="0"/><line number="93" hits="0"/><line number="94" hits="0"/><line number="107" hits="0"/><line number="108" hits="0"/><line number="109" hits="0"/><line number="110" hits="0"/><line number="111" hits="0"/><line number="115" hits="0"/><line number="116" hits="0"/><line number="120" hits="0"/><line number="121" hits="0"/><line number="125" hits="0"/><line number="126" hits="0"/><line number="130" hits="0"/><line number="131" hits="0"/><line number="135" hits="0"/><line number="136" hits="0"/><line number="137" hits="0"/><line number="138" hits="0"/><line number="143" hits="0"/><line number="144" hits="0"/><line number="148" hits="0"/><line number="149" hits="0"/><line number="153" hits="0"/><line number="154" hits="0"/><line number="155" hits="0"/><line number="160" hits="0"/><line number="161" hits="0"/><line number="165" hits="0"/><line number="166" hits="0"/><line number="170" hits="0"/><line number="171" hits="0"/><line number="172" hits="0"/><line number="177" hits="0"/><line number="178" hits="0"/></lines></class></classes></package><package name="crates/typedlua-core/src/codegen/strategies" line-rate="0.6136363636363636" branch-rate="0" complexity="0"><classes><class name="lua51" filename="crates/typedlua-core/src/codegen/strategies/lua51.rs" line-rate="0.9090909090909091" branch-rate="0" complexity="0"><methods/><lines><line number="12" hits="2"/><line number="13" hits="2"/><line number="16" hits="22"/><line number="17" hits="44"/><line number="18" hits="4"/><line number="19" hits="6"/><line number="20" hits="4"/><line number="21" hits="4"/><line number="22" hits="4"/><line number="26" hits="44"/><line number="29" hits="6"/><line number="30" hits="12"/><line number="33" hits="0"/><line number="34" hits="0"/><line number="37" hits="2"/><line number="38" hits="4"/><line number="41" hits="13"/><line number="42" hits="13"/><line number="45" hits="2"/><line number="46" hits="2"/><line number="49" hits="2"/><line number="50" hits="2"/></lines></class><class name="lua52" filename="crates/typedlua-core/src/codegen/strategies/lua52.rs" line-rate="0.5454545454545454" branch-rate="0" complexity="0"><methods/><lines><line number="12" hits="0"/><line number="13" hits="0"/><line number="16" hits="22"/><line number="17" hits="44"/><line number="18" hits="6"/><line number="19" hits="4"/><line number="20" hits="4"/><line number="21" hits="4"/><line number="22" hits="4"/><line number="26" hits="44"/><line number="29" hits="4"/><line number="30" hits="8"/><line number="33" hits="0"/><line number="34" hits="0"/><line number="37" hits="0"/><line number="38" hits="0"/><line number="41" hits="13"/><line number="42" hits="13"/><line number="45" hits="0"/><line number="46" hits="0"/><line number="49" hits="0"/><line number="50" hits="0"/></lines></class><class name="lua53" filename="crates/typedlua-core/src/codegen/strategies/lua53.rs" line-rate="0.8181818181818182" branch-rate="0" complexity="0"><methods/><lines><line number="12" hits="0"/><line number="13" hits="0"/><line number="16" hits="34"/><line number="17" hits="68"/><line number="18" hits="8"/><line number="19" hits="6"/><line number="20" hits="4"/><line number="21" hits="8"/><line number="22" hits="8"/><line number="26" hits="68"/><line number="29" hits="6"/><line number="30" hits="12"/><line number="33" hits="0"/><line number="34" hits="0"/><line number="37" hits="2"/><line number="38" hits="4"/><line number="41" hits="174"/><line number="42" hits="174"/><line number="45" hits="2"/><line number="46" hits="2"/><line number="49" hits="2"/><line number="50" hits="2"/></lines></class><class name="lua54" filename="crates/typedlua-core/src/codegen/strategies/lua54.rs" line-rate="0.18181818181818182" branch-rate="0" complexity="0"><methods/><lines><line number="13" hits="0"/><line number="14" hits="0"/><line number="17" hits="0"/><line number="18" hits="0"/><line number="19" hits="0"/><line number="20" hits="0"/><line number="21" hits="0"/><line number="22" hits="0"/><line number="23" hits="0"/><line number="27" hits="0"/><line number="30" hits="2"/><line number="31" hits="4"/><line number="34" hits="0"/><line number="35" hits="0"/><line number="38" hits="0"/><line number="39" hits="0"/><line number="42" hits="1672"/><line number="43" hits="1672"/><line number="46" hits="0"/><line number="47" hits="0"/><line number="50" hits="0"/><line number="51" hits="0"/></lines></class></classes></package><package name="crates/typedlua-test-helpers/src" line-rate="0" branch-rate="0" complexity="0"><classes><class name="compile" filename="crates/typedlua-test-helpers/src/compile.rs" line-rate="0" branch-rate="0" complexity="0"><methods/><lines><line number="22" hits="0"/><line number="23" hits="0"/><line number="24" hits="0"/><line number="25" hits="0"/><line number="36" hits="0"/><line number="37" hits="0"/><line number="38" hits="0"/><line number="39" hits="0"/><line number="52" hits="0"/><line number="53" hits="0"/><line number="54" hits="0"/><line number="55" hits="0"/><line number="68" hits="0"/><line number="72" hits="0"/><line number="73" hits="0"/><line number="74" hits="0"/><line number="86" hits="0"/><line number="87" hits="0"/><line number="88" hits="0"/><line number="90" hits="0"/><line number="91" hits="0"/><line number="93" hits="0"/><line number="95" hits="0"/><line number="96" hits="0"/><line number="98" hits="0"/><line number="100" hits="0"/><line number="101" hits="0"/><line number="102" hits="0"/><line number="103" hits="0"/><line number="105" hits="0"/><line number="117" hits="0"/><line number="118" hits="0"/><line number="119" hits="0"/><line number="120" hits="0"/></lines></class><class name="fixtures" filename="crates/typedlua-test-helpers/src/fixtures.rs" line-rate="0" branch-rate="0" complexity="0"><methods/><lines><line number="4" hits="0"/><line number="5" hits="0"/><line number="8" hits="0"/><line number="9" hits="0"/><line number="10" hits="0"/><line number="11" hits="0"/><line number="14" hits="0"/><line number="15" hits="0"/><line number="16" hits="0"/><line number="17" hits="0"/><line number="19" hits="0"/><line number="20" hits="0"/><line number="21" hits="0"/><line number="22" hits="0"/><line number="24" hits="0"/><line number="25" hits="0"/><line number="26" hits="0"/><line number="27" hits="0"/><line number="30" hits="0"/><line number="31" hits="0"/><line number="32" hits="0"/><line number="33" hits="0"/><line number="36" hits="0"/><line number="37" hits="0"/><line number="40" hits="0"/><line number="41" hits="0"/><line number="42" hits="0"/><line number="43" hits="0"/><line number="44" hits="0"/><line number="45" hits="0"/><line number="49" hits="0"/><line number="50" hits="0"/><line number="53" hits="0"/><line number="54" hits="0"/><line number="55" hits="0"/><line number="56" hits="0"/><line number="57" hits="0"/><line number="61" hits="0"/><line number="62" hits="0"/></lines></class><class name="mocks" filename="crates/typedlua-test-helpers/src/mocks.rs" line-rate="0" branch-rate="0" complexity="0"><methods/><lines><line number="13" hits="0"/><line number="14" hits="0"/><line number="19" hits="0"/><line number="20" hits="0"/><line number="23" hits="0"/><line number="24" hits="0"/><line number="28" hits="0"/><line number="31" hits="0"/><line number="32" hits="0"/><line number="36" hits="0"/><line number="40" hits="0"/><line number="41" hits="0"/><line number="45" hits="0"/><line number="49" hits="0"/><line number="50" hits="0"/><line number="62" hits="0"/><line number="64" hits="0"/><line number="69" hits="0"/><line number="70" hits="0"/><line number="73" hits="0"/><line number="99" hits="0"/><line number="100" hits="0"/><line number="105" hits="0"/><line number="106" hits="0"/><line number="109" hits="0"/><line number="110" hits="0"/><line number="118" hits="0"/><line number="119" hits="0"/><line number="124" hits="0"/><line number="125" hits="0"/><line number="133" hits="0"/><line number="134" hits="0"/><line number="139" hits="0"/><line number="145" hits="0"/><line number="153" hits="0"/><line number="154" hits="0"/><line number="159" hits="0"/><line number="166" hits="0"/><line number="174" hits="0"/><line number="175" hits="0"/><line number="180" hits="0"/><line number="181" hits="0"/><line number="184" hits="0"/><line number="191" hits="0"/><line number="199" hits="0"/><line number="200" hits="0"/><line number="205" hits="0"/><line number="206" hits="0"/><line number="214" hits="0"/><line number="215" hits="0"/><line number="220" hits="0"/><line number="225" hits="0"/><line number="228" hits="0"/><line number="234" hits="0"/><line number="237" hits="0"/><line number="244" hits="0"/><line number="252" hits="0"/><line number="253" hits="0"/><line number="258" hits="0"/><line number="265" hits="0"/><line number="268" hits="0"/><line number="269" hits="0"/><line number="277" hits="0"/><line number="278" hits="0"/><line number="283" hits="0"/><line number="284" hits="0"/><line number="292" hits="0"/><line number="293" hits="0"/><line number="298" hits="0"/><line number="299" hits="0"/><line number="302" hits="0"/><line number="303" hits="0"/><line number="311" hits="0"/><line number="312" hits="0"/><line number="317" hits="0"/><line number="318" hits="0"/><line number="326" hits="0"/><line number="327" hits="0"/><line number="332" hits="0"/><line number="333" hits="0"/><line number="341" hits="0"/><line number="342" hits="0"/><line number="347" hits="0"/><line number="348" hits="0"/><line number="351" hits="0"/><line number="352" hits="0"/><line number="355" hits="0"/><line number="360" hits="0"/><line number="368" hits="0"/><line number="369" hits="0"/><line number="374" hits="0"/><line number="375" hits="0"/><line number="379" hits="0"/><line number="396" hits="0"/><line number="397" hits="0"/><line number="398" hits="0"/><line number="399" hits="0"/><line number="400" hits="0"/><line number="401" hits="0"/><line number="402" hits="0"/><line number="403" hits="0"/><line number="404" hits="0"/><line number="405" hits="0"/><line number="406" hits="0"/><line number="407" hits="0"/><line number="408" hits="0"/><line number="409" hits="0"/></lines></class></classes></package><package name="src" line-rate="0" branch-rate="0" complexity="0"><classes></classes></package><package name="crates/typedlua-core/benches" line-rate="0" branch-rate="0" complexity="0"><classes></classes></package><package name="crates/typedlua-core/src/codegen" line-rate="0.8099393019726859" branch-rate="0" complexity="0"><classes><class name="builder" filename="crates/typedlua-core/src/codegen/builder.rs" line-rate="1" branch-rate="0" complexity="0"><methods/><lines><line number="85" hits="70"/><line number="88" hits="140"/><line number="114" hits="50"/><line number="115" hits="50"/><line number="116" hits="50"/><line number="137" hits="11"/><line number="138" hits="22"/><line number="139" hits="11"/><line number="159" hits="4"/><line number="160" hits="8"/><line number="161" hits="4"/><line number="185" hits="6"/><line number="186" hits="12"/><line number="187" hits="6"/><line number="209" hits="14"/><line number="210" hits="14"/><line number="211" hits="14"/><line number="233" hits="38"/><line number="234" hits="38"/><line number="235" hits="38"/><line number="261" hits="70"/><line number="262" hits="210"/><line number="263" hits="280"/><line number="264" hits="280"/><line number="265" hits="280"/><line number="266" hits="280"/><line number="268" hits="92"/><line number="269" hits="33"/><line number="272" hits="70"/></lines></class><class name="classes" filename="crates/typedlua-core/src/codegen/classes.rs" line-rate="0.9085487077534792" branch-rate="0" complexity="0"><methods/><lines><line number="6" hits="2225"/><line number="7" hits="8900"/><line number="9" hits="6675"/><line number="11" hits="4678"/><line number="12" hits="456"/><line number="13" hits="228"/><line number="15" hits="0"/><line number="18" hits="1997"/><line number="21" hits="2225"/><line number="23" hits="4450"/><line number="24" hits="6675"/><line number="25" hits="6675"/><line number="26" hits="6675"/><line number="28" hits="4450"/><line number="29" hits="6675"/><line number="30" hits="6675"/><line number="31" hits="6675"/><line number="32" hits="6675"/><line number="34" hits="2681"/><line number="35" hits="912"/><line number="36" hits="684"/><line number="37" hits="912"/><line number="38" hits="912"/><line number="39" hits="912"/><line number="40" hits="1140"/><line number="41" hits="912"/><line number="42" hits="456"/><line number="45" hits="4450"/><line number="46" hits="2225"/><line number="48" hits="7775"/><line number="50" hits="6675"/><line number="52" hits="2255"/><line number="53" hits="120"/><line number="54" hits="2225"/><line number="55" hits="17786"/><line number="56" hits="11440"/><line number="57" hits="5094"/><line number="61" hits="1988"/><line number="62" hits="1491"/><line number="63" hits="1988"/><line number="64" hits="1988"/><line number="65" hits="1988"/><line number="66" hits="1491"/><line number="67" hits="1491"/><line number="68" hits="1988"/><line number="69" hits="1988"/><line number="70" hits="1988"/><line number="71" hits="1491"/><line number="72" hits="1988"/><line number="73" hits="1491"/><line number="74" hits="1491"/><line number="75" hits="994"/><line number="78" hits="19561"/><line number="79" hits="8668"/><line number="80" hits="7100"/><line number="81" hits="10650"/><line number="83" hits="4"/><line number="84" hits="6"/><line number="86" hits="4"/><line number="87" hits="6"/><line number="89" hits="116"/><line number="90" hits="174"/><line number="92" hits="5056"/><line number="96" hits="4450"/><line number="98" hits="19489"/><line number="99" hits="8654"/><line number="100" hits="44"/><line number="101" hits="44"/><line number="105" hits="2225"/><line number="106" hits="132"/><line number="107" hits="88"/><line number="108" hits="132"/><line number="109" hits="132"/><line number="110" hits="88"/><line number="112" hits="88"/><line number="113" hits="384"/><line number="114" hits="228"/><line number="115" hits="232"/><line number="116" hits="116"/><line number="117" hits="72"/><line number="118" hits="28"/><line number="120" hits="58"/><line number="121" hits="174"/><line number="122" hits="58"/><line number="123" hits="58"/><line number="127" hits="132"/><line number="128" hits="88"/><line number="129" hits="88"/><line number="130" hits="132"/><line number="133" hits="2225"/><line number="134" hits="150"/><line number="135" hits="224"/><line number="136" hits="174"/><line number="137" hits="232"/><line number="138" hits="232"/><line number="139" hits="290"/><line number="140" hits="116"/><line number="144" hits="6675"/><line number="145" hits="2349"/><line number="146" hits="124"/><line number="147" hits="248"/><line number="149" hits="186"/><line number="150" hits="62"/><line number="152" hits="190"/><line number="153" hits="192"/><line number="154" hits="128"/><line number="156" hits="64"/><line number="161" hits="186"/><line number="162" hits="62"/><line number="164" hits="110"/><line number="165" hits="134"/><line number="166" hits="82"/><line number="167" hits="60"/><line number="171" hits="142"/><line number="172" hits="60"/><line number="173" hits="80"/><line number="174" hits="80"/><line number="175" hits="80"/><line number="176" hits="80"/><line number="177" hits="80"/><line number="178" hits="80"/><line number="179" hits="80"/><line number="180" hits="80"/><line number="181" hits="40"/><line number="186" hits="6675"/><line number="188" hits="4450"/><line number="189" hits="2225"/><line number="191" hits="11125"/><line number="193" hits="4450"/><line number="194" hits="6675"/><line number="195" hits="6675"/><line number="196" hits="6675"/><line number="197" hits="6675"/><line number="199" hits="4450"/><line number="200" hits="6675"/><line number="201" hits="6675"/><line number="203" hits="4450"/><line number="204" hits="6675"/><line number="205" hits="6675"/><line number="207" hits="4450"/><line number="208" hits="19561"/><line number="209" hits="15384"/><line number="210" hits="16790"/><line number="211" hits="10074"/><line number="212" hits="13432"/><line number="213" hits="6716"/><line number="214" hits="6716"/><line number="216" hits="6716"/><line number="219" hits="4450"/><line number="220" hits="4450"/><line number="221" hits="6675"/><line number="223" hits="4450"/><line number="224" hits="6675"/><line number="225" hits="6675"/><line number="227" hits="4450"/><line number="228" hits="19561"/><line number="229" hits="15768"/><line number="230" hits="17750"/><line number="231" hits="10650"/><line number="232" hits="14200"/><line number="233" hits="7100"/><line number="234" hits="7100"/><line number="236" hits="7100"/><line number="239" hits="4450"/><line number="240" hits="4450"/><line number="241" hits="6675"/><line number="243" hits="4450"/><line number="244" hits="6675"/><line number="245" hits="6675"/><line number="247" hits="4450"/><line number="248" hits="4450"/><line number="249" hits="6675"/><line number="250" hits="6675"/><line number="252" hits="4450"/><line number="253" hits="4450"/><line number="254" hits="6675"/><line number="256" hits="2681"/><line number="257" hits="1140"/><line number="258" hits="684"/><line number="259" hits="912"/><line number="260" hits="456"/><line number="261" hits="456"/><line number="263" hits="684"/><line number="264" hits="684"/><line number="265" hits="912"/><line number="266" hits="456"/><line number="267" hits="456"/><line number="269" hits="684"/><line number="270" hits="684"/><line number="271" hits="912"/><line number="272" hits="684"/><line number="273" hits="684"/><line number="274" hits="912"/><line number="275" hits="684"/><line number="276" hits="684"/><line number="277" hits="456"/><line number="280" hits="2681"/><line number="281" hits="1140"/><line number="282" hits="684"/><line number="283" hits="912"/><line number="284" hits="684"/><line number="287" hits="6675"/><line number="288" hits="4450"/><line number="289" hits="17800"/><line number="290" hits="15575"/><line number="291" hits="13350"/><line number="292" hits="11125"/><line number="293" hits="8900"/><line number="294" hits="6675"/><line number="295" hits="4450"/><line number="296" hits="2225"/><line number="298" hits="6675"/><line number="299" hits="4450"/><line number="300" hits="17800"/><line number="301" hits="15575"/><line number="302" hits="13350"/><line number="303" hits="11125"/><line number="304" hits="8900"/><line number="305" hits="6675"/><line number="306" hits="4450"/><line number="307" hits="2225"/><line number="309" hits="6675"/><line number="311" hits="2225"/><line number="314" hits="2380"/><line number="315" hits="9520"/><line number="317" hits="11860"/><line number="318" hits="4816"/><line number="319" hits="102"/><line number="320" hits="104"/><line number="321" hits="78"/><line number="323" hits="78"/><line number="324" hits="52"/><line number="325" hits="78"/><line number="326" hits="78"/><line number="327" hits="78"/><line number="329" hits="38"/><line number="330" hits="16"/><line number="331" hits="8"/><line number="333" hits="78"/><line number="334" hits="52"/><line number="336" hits="78"/><line number="338" hits="52"/><line number="339" hits="52"/><line number="340" hits="78"/><line number="342" hits="26"/><line number="343" hits="104"/><line number="349" hits="1698"/><line number="350" hits="3396"/><line number="352" hits="1698"/><line number="353" hits="5094"/><line number="354" hits="3396"/><line number="355" hits="5094"/><line number="356" hits="5094"/><line number="357" hits="5094"/><line number="359" hits="11406"/><line number="360" hits="12944"/><line number="361" hits="6472"/><line number="363" hits="5094"/><line number="365" hits="3396"/><line number="367" hits="5094"/><line number="369" hits="3396"/><line number="370" hits="3396"/><line number="371" hits="5094"/><line number="373" hits="5094"/><line number="374" hits="3396"/><line number="375" hits="5094"/><line number="376" hits="5094"/><line number="377" hits="5094"/><line number="379" hits="9868"/><line number="380" hits="4792"/><line number="381" hits="3112"/><line number="383" hits="9708"/><line number="385" hits="5094"/><line number="387" hits="3396"/><line number="389" hits="3396"/><line number="390" hits="5094"/><line number="391" hits="5094"/><line number="392" hits="5094"/><line number="394" hits="3396"/><line number="395" hits="5094"/><line number="396" hits="5094"/><line number="397" hits="11406"/><line number="398" hits="12944"/><line number="399" hits="6472"/><line number="401" hits="5094"/><line number="403" hits="3396"/><line number="404" hits="5094"/><line number="406" hits="3396"/><line number="407" hits="3396"/><line number="408" hits="5094"/><line number="410" hits="0"/><line number="411" hits="0"/><line number="412" hits="0"/><line number="413" hits="0"/><line number="414" hits="0"/><line number="416" hits="0"/><line number="417" hits="0"/><line number="418" hits="0"/><line number="420" hits="0"/><line number="422" hits="0"/><line number="424" hits="0"/><line number="426" hits="0"/><line number="427" hits="0"/><line number="428" hits="0"/><line number="429" hits="0"/><line number="431" hits="0"/><line number="433" hits="0"/><line number="434" hits="0"/><line number="436" hits="0"/><line number="437" hits="0"/><line number="438" hits="0"/><line number="442" hits="30"/><line number="448" hits="120"/><line number="450" hits="90"/><line number="451" hits="60"/><line number="452" hits="90"/><line number="453" hits="90"/><line number="454" hits="90"/><line number="456" hits="168"/><line number="457" hits="184"/><line number="458" hits="230"/><line number="459" hits="92"/><line number="461" hits="90"/><line number="463" hits="60"/><line number="465" hits="34"/><line number="466" hits="8"/><line number="467" hits="8"/><line number="468" hits="16"/><line number="469" hits="12"/><line number="470" hits="12"/><line number="471" hits="22"/><line number="472" hits="24"/><line number="473" hits="12"/><line number="475" hits="12"/><line number="479" hits="122"/><line number="480" hits="92"/><line number="482" hits="46"/><line number="483" hits="46"/><line number="485" hits="8"/><line number="487" hits="84"/><line number="489" hits="184"/><line number="490" hits="138"/><line number="492" hits="138"/><line number="493" hits="184"/><line number="494" hits="138"/><line number="495" hits="138"/><line number="498" hits="60"/><line number="499" hits="60"/><line number="500" hits="90"/><line number="502" hits="90"/><line number="503" hits="60"/><line number="504" hits="90"/><line number="505" hits="90"/><line number="506" hits="90"/><line number="508" hits="152"/><line number="509" hits="64"/><line number="510" hits="36"/><line number="512" hits="184"/><line number="513" hits="138"/><line number="515" hits="90"/><line number="517" hits="60"/><line number="519" hits="60"/><line number="520" hits="90"/><line number="521" hits="90"/><line number="522" hits="90"/><line number="524" hits="60"/><line number="525" hits="90"/><line number="526" hits="90"/><line number="527" hits="168"/><line number="528" hits="184"/><line number="529" hits="230"/><line number="530" hits="92"/><line number="532" hits="90"/><line number="534" hits="60"/><line number="535" hits="90"/><line number="537" hits="60"/><line number="538" hits="60"/><line number="539" hits="90"/><line number="542" hits="3550"/><line number="543" hits="3550"/><line number="544" hits="10"/><line number="547" hits="10620"/><line number="548" hits="7080"/><line number="549" hits="10620"/><line number="550" hits="10620"/><line number="552" hits="3586"/><line number="553" hits="92"/><line number="555" hits="6988"/><line number="558" hits="14160"/><line number="559" hits="10620"/><line number="560" hits="10620"/><line number="562" hits="10544"/><line number="563" hits="1808"/><line number="564" hits="152"/><line number="566" hits="5196"/><line number="568" hits="10620"/><line number="570" hits="10620"/><line number="571" hits="10620"/><line number="572" hits="14160"/><line number="573" hits="3540"/><line number="576" hits="7080"/><line number="577" hits="10620"/><line number="579" hits="3540"/><line number="580" hits="64"/><line number="581" hits="48"/><line number="582" hits="64"/><line number="583" hits="64"/><line number="584" hits="80"/><line number="585" hits="64"/><line number="586" hits="64"/><line number="588" hits="64"/><line number="589" hits="80"/><line number="590" hits="32"/><line number="595" hits="2"/><line number="596" hits="6"/><line number="597" hits="4"/><line number="598" hits="6"/><line number="599" hits="6"/><line number="601" hits="2"/><line number="602" hits="0"/><line number="604" hits="4"/><line number="607" hits="6"/><line number="608" hits="8"/><line number="609" hits="6"/><line number="610" hits="6"/><line number="612" hits="4"/><line number="613" hits="6"/><line number="614" hits="4"/><line number="616" hits="4"/><line number="617" hits="6"/><line number="620" hits="2"/><line number="621" hits="6"/><line number="622" hits="4"/><line number="623" hits="6"/><line number="624" hits="6"/><line number="626" hits="2"/><line number="627" hits="0"/><line number="629" hits="4"/><line number="632" hits="6"/><line number="633" hits="8"/><line number="634" hits="6"/><line number="635" hits="6"/><line number="636" hits="6"/><line number="637" hits="6"/><line number="639" hits="4"/><line number="640" hits="6"/><line number="641" hits="4"/><line number="643" hits="4"/><line number="644" hits="6"/><line number="647" hits="58"/><line number="648" hits="174"/><line number="649" hits="116"/><line number="650" hits="174"/><line number="651" hits="174"/><line number="652" hits="174"/><line number="653" hits="232"/><line number="654" hits="174"/><line number="656" hits="174"/><line number="658" hits="58"/><line number="659" hits="204"/><line number="660" hits="208"/><line number="661" hits="104"/><line number="664" hits="174"/><line number="666" hits="116"/><line number="667" hits="174"/><line number="668" hits="116"/><line number="670" hits="116"/><line number="671" hits="174"/><line number="673" hits="58"/><line number="674" hits="0"/><line number="675" hits="0"/><line number="676" hits="0"/><line number="677" hits="0"/><line number="678" hits="0"/><line number="680" hits="0"/><line number="681" hits="0"/><line number="682" hits="0"/><line number="686" hits="116"/><line number="687" hits="116"/><line number="688" hits="80"/><line number="689" hits="16"/><line number="690" hits="40"/><line number="691" hits="0"/><line number="692" hits="0"/><line number="693" hits="0"/><line number="694" hits="0"/><line number="695" hits="0"/><line number="696" hits="16"/><line number="697" hits="0"/><line number="698" hits="16"/><line number="699" hits="0"/><line number="700" hits="0"/><line number="701" hits="0"/><line number="702" hits="0"/><line number="703" hits="0"/><line number="704" hits="0"/><line number="705" hits="0"/><line number="706" hits="0"/><line number="707" hits="16"/><line number="708" hits="8"/><line number="709" hits="8"/><line number="710" hits="16"/><line number="711" hits="16"/></lines></class><class name="decorators" filename="crates/typedlua-core/src/codegen/decorators.rs" line-rate="0.8111111111111111" branch-rate="0" complexity="0"><methods/><lines><line number="5" hits="74"/><line number="8" hits="74"/><line number="9" hits="124"/><line number="10" hits="310"/><line number="11" hits="248"/><line number="12" hits="248"/><line number="13" hits="248"/><line number="14" hits="124"/><line number="17" hits="20"/><line number="19" hits="30"/><line number="20" hits="30"/><line number="21" hits="40"/><line number="22" hits="10"/><line number="23" hits="0"/><line number="25" hits="30"/><line number="27" hits="30"/><line number="28" hits="30"/><line number="29" hits="30"/><line number="32" hits="4"/><line number="33" hits="2"/><line number="34" hits="8"/><line number="35" hits="8"/><line number="36" hits="10"/><line number="37" hits="8"/><line number="38" hits="8"/><line number="39" hits="8"/><line number="40" hits="4"/><line number="45" hits="12"/><line number="51" hits="12"/><line number="52" hits="24"/><line number="53" hits="60"/><line number="54" hits="24"/><line number="57" hits="0"/><line number="59" hits="0"/><line number="60" hits="0"/><line number="61" hits="0"/><line number="62" hits="0"/><line number="63" hits="0"/><line number="65" hits="0"/><line number="67" hits="0"/><line number="70" hits="0"/><line number="71" hits="0"/><line number="72" hits="0"/><line number="73" hits="0"/><line number="74" hits="0"/><line number="75" hits="0"/><line number="80" hits="64"/><line number="81" hits="250"/><line number="84" hits="1870"/><line number="85" hits="194144"/><line number="86" hits="288477"/><line number="87" hits="44"/><line number="88" hits="44"/><line number="93" hits="96159"/><line number="94" hits="96159"/><line number="95" hits="2207"/><line number="96" hits="2269"/><line number="97" hits="144"/><line number="98" hits="34"/><line number="102" hits="19387"/><line number="103" hits="15476"/><line number="104" hits="7044"/><line number="105" hits="6676"/><line number="106" hits="4"/><line number="107" hits="4"/><line number="108" hits="1748"/><line number="111" hits="6890"/><line number="112" hits="54"/><line number="113" hits="10"/><line number="117" hits="2163"/><line number="119" hits="93952"/><line number="123" hits="66"/><line number="129" hits="66"/><line number="130" hits="54"/><line number="131" hits="216"/><line number="132" hits="162"/><line number="134" hits="10"/><line number="135" hits="20"/><line number="136" hits="40"/><line number="137" hits="30"/><line number="139" hits="0"/><line number="143" hits="4"/><line number="145" hits="4"/><line number="146" hits="8"/><line number="147" hits="8"/><line number="148" hits="2"/><line number="150" hits="0"/><line number="156" hits="44"/><line number="157" hits="132"/><line number="158" hits="132"/></lines></class><class name="emitter" filename="crates/typedlua-core/src/codegen/emitter.rs" line-rate="0.6133333333333333" branch-rate="0" complexity="0"><methods/><lines><line number="16" hits="1902"/><line number="18" hits="3804"/><line number="20" hits="5706"/><line number="26" hits="15"/><line number="27" hits="30"/><line number="28" hits="15"/><line number="31" hits="70"/><line number="32" hits="70"/><line number="33" hits="140"/><line number="34" hits="0"/><line number="35" hits="0"/><line number="36" hits="140"/><line number="38" hits="70"/><line number="41" hits="0"/><line number="42" hits="0"/><line number="43" hits="0"/><line number="46" hits="2163765"/><line number="47" hits="6491295"/><line number="48" hits="2163977"/><line number="49" hits="212"/><line number="53" hits="460870"/><line number="54" hits="460870"/><line number="55" hits="0"/><line number="56" hits="0"/><line number="58" hits="460870"/><line number="59" hits="1843480"/><line number="60" hits="460870"/><line number="63" hits="460898"/><line number="64" hits="84"/><line number="65" hits="84"/><line number="66" hits="56"/><line number="71" hits="104147"/><line number="72" hits="312441"/><line number="73" hits="104147"/><line number="77" hits="104147"/><line number="78" hits="208294"/><line number="79" hits="104147"/><line number="83" hits="432820"/><line number="84" hits="865640"/><line number="85" hits="0"/><line number="87" hits="647184"/><line number="88" hits="428728"/><line number="90" hits="432860"/><line number="91" hits="40"/><line number="95" hits="0"/><line number="96" hits="0"/><line number="97" hits="0"/><line number="100" hits="0"/><line number="101" hits="0"/><line number="104" hits="0"/><line number="105" hits="0"/><line number="108" hits="0"/><line number="109" hits="0"/><line number="112" hits="0"/><line number="113" hits="0"/><line number="116" hits="0"/><line number="117" hits="0"/><line number="120" hits="1870"/><line number="121" hits="3740"/><line number="124" hits="38"/><line number="125" hits="124"/><line number="128" hits="6"/><line number="129" hits="12"/><line number="132" hits="0"/><line number="133" hits="0"/><line number="136" hits="20"/><line number="137" hits="40"/><line number="140" hits="264"/><line number="141" hits="264"/><line number="144" hits="0"/><line number="145" hits="0"/><line number="149" hits="0"/><line number="153" hits="0"/><line number="161" hits="0"/><line number="162" hits="0"/></lines></class><class name="enums" filename="crates/typedlua-core/src/codegen/enums.rs" line-rate="0.9130434782608695" branch-rate="0" complexity="0"><methods/><lines><line number="6" hits="28"/><line number="10" hits="112"/><line number="12" hits="56"/><line number="13" hits="12"/><line number="14" hits="12"/><line number="16" hits="8"/><line number="17" hits="12"/><line number="18" hits="12"/><line number="19" hits="12"/><line number="20" hits="12"/><line number="21" hits="8"/><line number="22" hits="32"/><line number="23" hits="24"/><line number="24" hits="48"/><line number="25" hits="36"/><line number="26" hits="36"/><line number="27" hits="18"/><line number="28" hits="6"/><line number="29" hits="6"/><line number="30" hits="18"/><line number="32" hits="0"/><line number="33" hits="0"/><line number="34" hits="0"/><line number="35" hits="0"/><line number="39" hits="18"/><line number="41" hits="32"/><line number="42" hits="16"/><line number="44" hits="36"/><line number="46" hits="8"/><line number="47" hits="8"/><line number="48" hits="12"/><line number="50" hits="72"/><line number="54" hits="24"/><line number="59" hits="72"/><line number="61" hits="72"/><line number="62" hits="48"/><line number="63" hits="72"/><line number="65" hits="48"/><line number="66" hits="72"/><line number="68" hits="48"/><line number="69" hits="72"/><line number="70" hits="72"/><line number="71" hits="48"/><line number="72" hits="72"/><line number="74" hits="48"/><line number="75" hits="72"/><line number="76" hits="48"/><line number="77" hits="48"/><line number="78" hits="72"/><line number="79" hits="48"/><line number="80" hits="72"/><line number="81" hits="48"/><line number="82" hits="48"/><line number="83" hits="72"/><line number="84" hits="24"/><line number="85" hits="24"/><line number="87" hits="48"/><line number="88" hits="48"/><line number="89" hits="72"/><line number="90" hits="48"/><line number="91" hits="48"/><line number="92" hits="72"/><line number="94" hits="48"/><line number="95" hits="72"/><line number="96" hits="72"/><line number="97" hits="72"/><line number="98" hits="48"/><line number="99" hits="48"/><line number="100" hits="72"/><line number="101" hits="48"/><line number="102" hits="48"/><line number="103" hits="72"/><line number="105" hits="72"/><line number="106" hits="48"/><line number="107" hits="72"/><line number="108" hits="72"/><line number="109" hits="72"/><line number="111" hits="126"/><line number="112" hits="136"/><line number="113" hits="136"/><line number="115" hits="72"/><line number="116" hits="48"/><line number="117" hits="48"/><line number="118" hits="72"/><line number="119" hits="72"/><line number="120" hits="72"/><line number="121" hits="48"/><line number="123" hits="72"/><line number="124" hits="48"/><line number="125" hits="72"/><line number="127" hits="72"/><line number="128" hits="48"/><line number="129" hits="72"/><line number="130" hits="160"/><line number="131" hits="224"/><line number="132" hits="168"/><line number="133" hits="168"/><line number="134" hits="168"/><line number="135" hits="168"/><line number="136" hits="168"/><line number="137" hits="144"/><line number="138" hits="64"/><line number="141" hits="72"/><line number="143" hits="48"/><line number="145" hits="160"/><line number="146" hits="168"/><line number="147" hits="112"/><line number="148" hits="168"/><line number="149" hits="168"/><line number="150" hits="224"/><line number="151" hits="168"/><line number="153" hits="56"/><line number="154" hits="18"/><line number="155" hits="12"/><line number="156" hits="12"/><line number="157" hits="18"/><line number="158" hits="12"/><line number="159" hits="18"/><line number="161" hits="36"/><line number="162" hits="48"/><line number="163" hits="36"/><line number="164" hits="36"/><line number="165" hits="48"/><line number="166" hits="48"/><line number="167" hits="24"/><line number="169" hits="0"/><line number="170" hits="0"/><line number="174" hits="12"/><line number="175" hits="12"/><line number="176" hits="18"/><line number="177" hits="18"/><line number="178" hits="18"/><line number="180" hits="150"/><line number="181" hits="150"/><line number="182" hits="150"/><line number="183" hits="150"/><line number="184" hits="150"/><line number="185" hits="150"/><line number="187" hits="224"/><line number="188" hits="232"/><line number="189" hits="116"/><line number="191" hits="150"/><line number="194" hits="112"/><line number="195" hits="168"/><line number="196" hits="168"/><line number="197" hits="168"/><line number="198" hits="168"/><line number="199" hits="168"/><line number="200" hits="168"/><line number="201" hits="168"/><line number="203" hits="48"/><line number="204" hits="72"/><line number="206" hits="48"/><line number="209" hits="72"/><line number="210" hits="26"/><line number="211" hits="6"/><line number="212" hits="4"/><line number="214" hits="96"/><line number="215" hits="72"/><line number="216" hits="26"/><line number="217" hits="6"/><line number="218" hits="4"/><line number="220" hits="96"/><line number="221" hits="72"/><line number="222" hits="26"/><line number="223" hits="6"/><line number="224" hits="4"/><line number="226" hits="48"/><line number="227" hits="72"/><line number="228" hits="48"/><line number="229" hits="24"/><line number="231" hits="72"/><line number="232" hits="26"/><line number="233" hits="6"/><line number="234" hits="4"/><line number="236" hits="48"/><line number="237" hits="72"/><line number="238" hits="48"/><line number="239" hits="24"/><line number="242" hits="32"/><line number="243" hits="12"/><line number="246" hits="4"/><line number="247" hits="0"/><line number="248" hits="0"/><line number="251" hits="8"/><line number="252" hits="16"/><line number="253" hits="8"/><line number="254" hits="4"/><line number="255" hits="8"/><line number="257" hits="12"/><line number="258" hits="8"/><line number="259" hits="0"/><line number="260" hits="0"/><line number="262" hits="0"/><line number="264" hits="12"/><line number="265" hits="8"/><line number="266" hits="12"/><line number="267" hits="8"/><line number="268" hits="8"/><line number="269" hits="12"/><line number="275" hits="0"/><line number="279" hits="0"/><line number="280" hits="0"/><line number="284" hits="0"/><line number="286" hits="0"/><line number="287" hits="0"/><line number="290" hits="0"/></lines></class><class name="expressions" filename="crates/typedlua-core/src/codegen/expressions.rs" line-rate="0.8494208494208494" branch-rate="0" complexity="0"><methods/><lines><line number="14" hits="20"/><line number="15" hits="4"/><line number="16" hits="0"/><line number="17" hits="0"/><line number="18" hits="0"/><line number="19" hits="2"/><line number="20" hits="4"/><line number="21" hits="2"/><line number="22" hits="0"/><line number="23" hits="0"/><line number="24" hits="0"/><line number="25" hits="12"/><line number="31" hits="216"/><line number="32" hits="216"/><line number="33" hits="128"/><line number="34" hits="6"/><line number="35" hits="66"/><line number="36" hits="4"/><line number="37" hits="8"/><line number="39" hits="58"/><line number="44" hits="153533"/><line number="45" hits="153533"/><line number="46" hits="89327"/><line number="47" hits="31900"/><line number="48" hits="32018"/><line number="49" hits="20"/><line number="50" hits="4"/><line number="51" hits="16"/><line number="52" hits="96"/><line number="53" hits="42"/><line number="54" hits="2"/><line number="55" hits="34"/><line number="56" hits="8"/><line number="57" hits="38"/><line number="58" hits="6"/><line number="59" hits="12"/><line number="60" hits="10"/><line number="62" hits="0"/><line number="63" hits="0"/><line number="64" hits="0"/><line number="65" hits="0"/><line number="66" hits="0"/><line number="67" hits="0"/><line number="73" hits="46"/><line number="74" hits="46"/><line number="75" hits="20"/><line number="76" hits="20"/><line number="77" hits="6"/><line number="78" hits="0"/><line number="83" hits="20"/><line number="84" hits="40"/><line number="87" hits="190"/><line number="88" hits="380"/><line number="91" hits="153533"/><line number="92" hits="307066"/><line number="95" hits="46"/><line number="96" hits="92"/><line number="99" hits="132"/><line number="100" hits="396"/><line number="101" hits="396"/><line number="102" hits="396"/><line number="106" hits="533239"/><line number="107" hits="533239"/><line number="108" hits="237124"/><line number="109" hits="1211700"/><line number="110" hits="614820"/><line number="111" hits="614820"/><line number="113" hits="138"/><line number="114" hits="138"/><line number="116" hits="19080"/><line number="117" hits="19080"/><line number="119" hits="13296"/><line number="120" hits="13296"/><line number="122" hits="630"/><line number="123" hits="630"/><line number="124" hits="630"/><line number="125" hits="630"/><line number="126" hits="868"/><line number="127" hits="286"/><line number="128" hits="124"/><line number="130" hits="672"/><line number="132" hits="630"/><line number="134" hits="13956"/><line number="135" hits="13934"/><line number="136" hits="66"/><line number="137" hits="110"/><line number="138" hits="88"/><line number="139" hits="88"/><line number="140" hits="110"/><line number="141" hits="44"/><line number="143" hits="0"/><line number="146" hits="27824"/><line number="147" hits="27824"/><line number="148" hits="34780"/><line number="149" hits="13912"/><line number="152" hits="66"/><line number="153" hits="88"/><line number="154" hits="88"/><line number="155" hits="88"/><line number="156" hits="44"/><line number="158" hits="162"/><line number="159" hits="324"/><line number="161" hits="1552"/><line number="163" hits="162"/><line number="164" hits="408"/><line number="165" hits="2988"/><line number="166" hits="2596"/><line number="167" hits="2476"/><line number="169" hits="4074"/><line number="171" hits="408"/><line number="173" hits="78"/><line number="175" hits="158"/><line number="176" hits="66"/><line number="177" hits="60"/><line number="178" hits="120"/><line number="179" hits="120"/><line number="180" hits="60"/><line number="182" hits="72"/><line number="183" hits="144"/><line number="184" hits="144"/><line number="185" hits="72"/><line number="190" hits="78"/><line number="193" hits="268"/><line number="194" hits="536"/><line number="196" hits="746"/><line number="198" hits="268"/><line number="199" hits="768"/><line number="200" hits="1444"/><line number="201" hits="706"/><line number="202" hits="480"/><line number="204" hits="1398"/><line number="206" hits="768"/><line number="208" hits="36"/><line number="210" hits="64"/><line number="211" hits="26"/><line number="212" hits="18"/><line number="213" hits="24"/><line number="214" hits="30"/><line number="215" hits="24"/><line number="216" hits="24"/><line number="217" hits="24"/><line number="218" hits="12"/><line number="220" hits="0"/><line number="221" hits="0"/><line number="222" hits="0"/><line number="223" hits="0"/><line number="224" hits="0"/><line number="225" hits="0"/><line number="227" hits="40"/><line number="228" hits="80"/><line number="229" hits="80"/><line number="230" hits="40"/><line number="235" hits="36"/><line number="238" hits="8"/><line number="239" hits="24"/><line number="240" hits="32"/><line number="241" hits="8"/><line number="242" hits="0"/><line number="244" hits="24"/><line number="246" hits="24"/><line number="247" hits="16"/><line number="248" hits="24"/><line number="249" hits="16"/><line number="250" hits="16"/><line number="251" hits="24"/><line number="253" hits="106"/><line number="254" hits="318"/><line number="255" hits="388"/><line number="256" hits="106"/><line number="257" hits="36"/><line number="259" hits="264"/><line number="261" hits="318"/><line number="262" hits="212"/><line number="263" hits="106"/><line number="264" hits="168"/><line number="265" hits="252"/><line number="266" hits="336"/><line number="267" hits="336"/><line number="268" hits="168"/><line number="270" hits="44"/><line number="271" hits="44"/><line number="274" hits="212"/><line number="275" hits="212"/><line number="276" hits="318"/><line number="278" hits="16"/><line number="279" hits="16"/><line number="280" hits="16"/><line number="281" hits="16"/><line number="282" hits="16"/><line number="283" hits="16"/><line number="284" hits="16"/><line number="285" hits="8"/><line number="287" hits="132"/><line number="288" hits="132"/><line number="290" hits="168"/><line number="291" hits="16"/><line number="292" hits="24"/><line number="293" hits="24"/><line number="294" hits="24"/><line number="295" hits="8"/><line number="296" hits="24"/><line number="297" hits="36"/><line number="298" hits="12"/><line number="299" hits="4"/><line number="301" hits="10"/><line number="302" hits="0"/><line number="303" hits="0"/><line number="304" hits="0"/><line number="306" hits="20"/><line number="310" hits="24"/><line number="312" hits="48"/><line number="313" hits="192"/><line number="314" hits="192"/><line number="315" hits="192"/><line number="316" hits="96"/><line number="319" hits="0"/><line number="320" hits="0"/><line number="322" hits="108"/><line number="323" hits="216"/><line number="324" hits="216"/><line number="325" hits="108"/><line number="327" hits="0"/><line number="328" hits="0"/><line number="331" hits="0"/><line number="332" hits="0"/><line number="333" hits="0"/><line number="335" hits="0"/><line number="338" hits="44"/><line number="339" hits="132"/><line number="340" hits="88"/><line number="342" hits="132"/><line number="343" hits="132"/><line number="345" hits="228"/><line number="346" hits="92"/><line number="347" hits="112"/><line number="348" hits="168"/><line number="350" hits="72"/><line number="351" hits="72"/><line number="356" hits="88"/><line number="357" hits="132"/><line number="359" hits="156"/><line number="360" hits="68"/><line number="361" hits="24"/><line number="363" hits="56"/><line number="365" hits="168"/><line number="366" hits="168"/><line number="367" hits="280"/><line number="368" hits="168"/><line number="370" hits="142"/><line number="371" hits="120"/><line number="372" hits="150"/><line number="373" hits="60"/><line number="377" hits="44"/><line number="378" hits="0"/><line number="380" hits="132"/><line number="382" hits="0"/><line number="383" hits="0"/><line number="385" hits="152"/><line number="386" hits="76"/><line number="387" hits="18"/><line number="389" hits="8"/><line number="390" hits="8"/><line number="391" hits="10"/><line number="392" hits="4"/><line number="393" hits="270"/><line number="394" hits="184"/><line number="395" hits="184"/><line number="396" hits="184"/><line number="397" hits="184"/><line number="398" hits="184"/><line number="399" hits="230"/><line number="400" hits="184"/><line number="401" hits="92"/><line number="403" hits="112"/><line number="404" hits="112"/><line number="405" hits="112"/><line number="406" hits="84"/><line number="407" hits="140"/><line number="408" hits="112"/><line number="409" hits="56"/><line number="412" hits="16"/><line number="413" hits="8"/><line number="414" hits="6"/><line number="416" hits="8"/><line number="417" hits="8"/><line number="418" hits="8"/><line number="419" hits="4"/><line number="420" hits="24"/><line number="421" hits="16"/><line number="422" hits="16"/><line number="423" hits="16"/><line number="424" hits="16"/><line number="425" hits="16"/><line number="426" hits="16"/><line number="427" hits="8"/><line number="429" hits="8"/><line number="430" hits="8"/><line number="431" hits="8"/><line number="432" hits="6"/><line number="433" hits="8"/><line number="434" hits="4"/><line number="437" hits="16"/><line number="438" hits="8"/><line number="439" hits="0"/><line number="441" hits="0"/><line number="442" hits="0"/><line number="443" hits="28"/><line number="444" hits="16"/><line number="445" hits="16"/><line number="446" hits="16"/><line number="447" hits="16"/><line number="448" hits="8"/><line number="450" hits="16"/><line number="451" hits="16"/><line number="452" hits="8"/><line number="455" hits="0"/><line number="456" hits="0"/><line number="457" hits="0"/><line number="459" hits="0"/><line number="460" hits="0"/><line number="461" hits="0"/><line number="462" hits="0"/><line number="463" hits="0"/><line number="464" hits="0"/><line number="465" hits="0"/><line number="466" hits="0"/><line number="468" hits="0"/><line number="470" hits="0"/><line number="471" hits="0"/><line number="472" hits="0"/><line number="473" hits="0"/><line number="474" hits="0"/><line number="475" hits="0"/><line number="476" hits="0"/><line number="477" hits="0"/><line number="478" hits="0"/><line number="479" hits="0"/><line number="480" hits="0"/><line number="481" hits="0"/><line number="482" hits="0"/><line number="484" hits="0"/><line number="486" hits="0"/><line number="488" hits="0"/><line number="489" hits="0"/><line number="490" hits="0"/><line number="491" hits="0"/><line number="492" hits="0"/><line number="493" hits="0"/><line number="494" hits="0"/><line number="495" hits="0"/><line number="496" hits="0"/><line number="498" hits="0"/><line number="500" hits="0"/><line number="503" hits="12"/><line number="504" hits="24"/><line number="505" hits="24"/><line number="506" hits="24"/><line number="507" hits="24"/><line number="508" hits="30"/><line number="509" hits="24"/><line number="510" hits="24"/><line number="511" hits="24"/><line number="512" hits="24"/><line number="513" hits="12"/><line number="515" hits="12"/><line number="516" hits="16"/><line number="517" hits="16"/><line number="518" hits="16"/><line number="519" hits="16"/><line number="520" hits="16"/><line number="521" hits="8"/><line number="526" hits="106"/><line number="527" hits="106"/><line number="528" hits="36"/><line number="530" hits="12"/><line number="531" hits="4"/><line number="534" hits="384"/><line number="535" hits="312"/><line number="536" hits="312"/><line number="537" hits="312"/><line number="538" hits="312"/><line number="539" hits="312"/><line number="540" hits="312"/><line number="541" hits="156"/><line number="543" hits="96"/><line number="544" hits="96"/><line number="545" hits="96"/><line number="546" hits="72"/><line number="547" hits="96"/><line number="548" hits="96"/><line number="549" hits="96"/><line number="550" hits="72"/><line number="551" hits="48"/><line number="555" hits="66"/><line number="556" hits="198"/><line number="557" hits="198"/><line number="558" hits="132"/><line number="560" hits="132"/><line number="561" hits="198"/><line number="562" hits="198"/><line number="563" hits="198"/><line number="565" hits="424"/><line number="566" hits="292"/><line number="567" hits="212"/><line number="568" hits="132"/><line number="570" hits="160"/><line number="573" hits="584"/><line number="575" hits="170"/><line number="576" hits="48"/><line number="577" hits="48"/><line number="578" hits="24"/><line number="581" hits="438"/><line number="582" hits="438"/><line number="583" hits="292"/><line number="585" hits="584"/><line number="587" hits="292"/><line number="588" hits="146"/><line number="589" hits="288"/><line number="590" hits="576"/><line number="591" hits="576"/><line number="592" hits="288"/><line number="594" hits="2"/><line number="595" hits="14"/><line number="596" hits="8"/><line number="598" hits="4"/><line number="599" hits="6"/><line number="603" hits="292"/><line number="606" hits="132"/><line number="607" hits="198"/><line number="608" hits="132"/><line number="609" hits="132"/><line number="610" hits="198"/><line number="611" hits="132"/><line number="612" hits="132"/><line number="613" hits="198"/><line number="615" hits="132"/><line number="616" hits="132"/><line number="617" hits="198"/><line number="620" hits="224"/><line number="621" hits="224"/><line number="622" hits="34"/><line number="623" hits="68"/><line number="625" hits="20"/><line number="626" hits="40"/><line number="628" hits="232"/><line number="629" hits="464"/><line number="630" hits="464"/><line number="631" hits="232"/><line number="633" hits="8"/><line number="634" hits="24"/><line number="635" hits="24"/><line number="636" hits="24"/><line number="638" hits="44"/><line number="639" hits="14"/><line number="640" hits="24"/><line number="641" hits="48"/><line number="642" hits="60"/><line number="643" hits="36"/><line number="645" hits="2"/><line number="646" hits="0"/><line number="650" hits="20"/><line number="651" hits="80"/><line number="652" hits="80"/><line number="653" hits="40"/><line number="655" hits="26"/><line number="656" hits="78"/><line number="657" hits="184"/><line number="658" hits="106"/><line number="659" hits="80"/><line number="661" hits="264"/><line number="663" hits="78"/><line number="668" hits="208"/><line number="669" hits="208"/><line number="670" hits="40"/><line number="671" hits="60"/><line number="672" hits="80"/><line number="673" hits="100"/><line number="674" hits="80"/><line number="675" hits="80"/><line number="676" hits="80"/><line number="677" hits="40"/><line number="679" hits="8"/><line number="680" hits="44"/><line number="681" hits="14"/><line number="682" hits="24"/><line number="683" hits="60"/><line number="684" hits="36"/><line number="686" hits="4"/><line number="687" hits="6"/><line number="688" hits="8"/><line number="689" hits="10"/><line number="690" hits="8"/><line number="691" hits="8"/><line number="692" hits="8"/><line number="693" hits="8"/><line number="694" hits="8"/><line number="695" hits="8"/><line number="696" hits="4"/><line number="698" hits="0"/><line number="702" hits="22"/><line number="703" hits="86"/><line number="704" hits="76"/><line number="705" hits="110"/><line number="706" hits="88"/><line number="707" hits="66"/><line number="709" hits="30"/><line number="710" hits="40"/><line number="711" hits="50"/><line number="712" hits="40"/><line number="713" hits="40"/><line number="714" hits="40"/><line number="715" hits="40"/><line number="716" hits="40"/><line number="717" hits="20"/><line number="721" hits="130"/><line number="722" hits="28"/><line number="723" hits="84"/><line number="724" hits="84"/></lines></class><class name="mod" filename="crates/typedlua-core/src/codegen/mod.rs" line-rate="0.9804878048780488" branch-rate="0" complexity="0"><methods/><lines><line number="49" hits="56"/><line number="50" hits="280"/><line number="52" hits="112"/><line number="53" hits="0"/><line number="56" hits="168"/><line number="59" hits="336"/><line number="60" hits="56"/><line number="63" hits="112"/><line number="64" hits="2"/><line number="67" hits="108"/><line number="69" hits="146"/><line number="70" hits="184"/><line number="71" hits="276"/><line number="72" hits="276"/><line number="77" hits="162"/><line number="79" hits="186"/><line number="80" hits="396"/><line number="81" hits="264"/><line number="82" hits="40"/><line number="83" hits="184"/><line number="84" hits="184"/><line number="86" hits="0"/><line number="91" hits="108"/><line number="141" hits="1902"/><line number="142" hits="3804"/><line number="144" hits="3804"/><line number="149" hits="3804"/><line number="151" hits="3804"/><line number="155" hits="3804"/><line number="157" hits="3804"/><line number="159" hits="3804"/><line number="160" hits="1902"/><line number="164" hits="70"/><line number="165" hits="280"/><line number="166" hits="70"/><line number="170" hits="2186"/><line number="171" hits="2186"/><line number="172" hits="13"/><line number="173" hits="15"/><line number="174" hits="178"/><line number="175" hits="1980"/><line number="180" hits="646317"/><line number="181" hits="1938951"/><line number="184" hits="284"/><line number="185" hits="284"/><line number="186" hits="852"/><line number="187" hits="284"/><line number="190" hits="11"/><line number="191" hits="44"/><line number="192" hits="11"/><line number="195" hits="248"/><line number="196" hits="496"/><line number="197" hits="248"/><line number="200" hits="610"/><line number="201" hits="610"/><line number="202" hits="610"/><line number="205" hits="1870"/><line number="207" hits="2258"/><line number="208" hits="1552"/><line number="209" hits="776"/><line number="210" hits="2328"/><line number="211" hits="776"/><line number="215" hits="1892"/><line number="216" hits="44"/><line number="217" hits="22"/><line number="221" hits="5610"/><line number="224" hits="1914"/><line number="225" hits="44"/><line number="228" hits="290389"/><line number="229" hits="192346"/><line number="233" hits="3740"/><line number="236" hits="3740"/><line number="239" hits="1870"/><line number="240" hits="1437"/><line number="241" hits="1437"/><line number="242" hits="1437"/><line number="243" hits="1437"/><line number="244" hits="1437"/><line number="245" hits="958"/><line number="247" hits="1437"/><line number="248" hits="479"/><line number="250" hits="7154"/><line number="252" hits="9379"/><line number="253" hits="6675"/><line number="254" hits="6675"/><line number="256" hits="958"/><line number="257" hits="1437"/><line number="258" hits="1437"/><line number="261" hits="1437"/><line number="264" hits="3740"/><line number="279" hits="8"/><line number="287" hits="16"/><line number="290" hits="16"/><line number="291" hits="20"/><line number="292" hits="6"/><line number="293" hits="6"/><line number="294" hits="6"/><line number="296" hits="2"/><line number="298" hits="6"/><line number="302" hits="464"/><line number="303" hits="1368"/><line number="304" hits="644"/><line number="305" hits="188"/><line number="310" hits="16"/><line number="313" hits="8"/><line number="315" hits="16"/><line number="316" hits="16"/><line number="317" hits="16"/><line number="320" hits="80"/><line number="321" hits="24"/><line number="323" hits="80"/><line number="324" hits="60"/><line number="325" hits="60"/><line number="327" hits="20"/><line number="328" hits="20"/><line number="331" hits="20"/><line number="332" hits="20"/><line number="337" hits="28"/><line number="338" hits="12"/><line number="339" hits="8"/><line number="340" hits="4"/><line number="341" hits="4"/><line number="344" hits="88"/><line number="349" hits="40"/><line number="351" hits="20"/><line number="352" hits="20"/><line number="353" hits="40"/><line number="354" hits="40"/><line number="355" hits="40"/><line number="356" hits="20"/><line number="360" hits="40"/><line number="363" hits="20"/><line number="366" hits="24"/><line number="367" hits="16"/><line number="370" hits="80"/><line number="373" hits="60"/><line number="376" hits="150"/><line number="377" hits="210"/><line number="378" hits="200"/><line number="380" hits="220"/><line number="381" hits="220"/><line number="385" hits="8"/><line number="386" hits="40"/><line number="387" hits="40"/><line number="389" hits="16"/><line number="391" hits="12"/><line number="392" hits="16"/><line number="396" hits="12"/><line number="397" hits="8"/><line number="398" hits="8"/><line number="399" hits="4"/><line number="400" hits="4"/><line number="405" hits="40"/><line number="406" hits="40"/><line number="410" hits="16"/><line number="412" hits="8"/><line number="413" hits="8"/><line number="416" hits="28"/><line number="418" hits="8"/><line number="421" hits="38"/><line number="422" hits="76"/><line number="425" hits="2163765"/><line number="426" hits="6491295"/><line number="429" hits="460870"/><line number="430" hits="1382610"/><line number="433" hits="104147"/><line number="434" hits="208294"/><line number="437" hits="104147"/><line number="438" hits="208294"/><line number="441" hits="432820"/><line number="442" hits="865640"/><line number="445" hits="1870"/><line number="446" hits="3740"/><line number="447" hits="88"/><line number="450" hits="3548"/><line number="451" hits="48"/><line number="452" hits="48"/><line number="454" hits="48"/><line number="455" hits="64"/><line number="456" hits="64"/><line number="457" hits="64"/><line number="458" hits="64"/><line number="459" hits="32"/><line number="462" hits="16"/><line number="463" hits="0"/><line number="466" hits="48"/><line number="470" hits="1870"/><line number="471" hits="1958"/><line number="472" hits="176"/><line number="473" hits="352"/><line number="474" hits="352"/><line number="475" hits="352"/><line number="476" hits="176"/><line number="481" hits="122"/><line number="485" hits="122"/><line number="486" hits="10"/><line number="487" hits="20"/><line number="488" hits="10"/><line number="490" hits="0"/><line number="493" hits="140"/><line number="494" hits="24"/><line number="495" hits="28"/><line number="496" hits="24"/><line number="497" hits="4"/><line number="498" hits="2"/></lines></class><class name="modules" filename="crates/typedlua-core/src/codegen/modules.rs" line-rate="0.8" branch-rate="0" complexity="0"><methods/><lines><line number="4" hits="50"/><line number="5" hits="150"/><line number="7" hits="20"/><line number="8" hits="10"/><line number="9" hits="20"/><line number="11" hits="10"/><line number="12" hits="10"/><line number="14" hits="40"/><line number="17" hits="50"/><line number="18" hits="12"/><line number="19" hits="34"/><line number="20" hits="68"/><line number="21" hits="102"/><line number="22" hits="102"/><line number="23" hits="102"/><line number="24" hits="102"/><line number="25" hits="102"/><line number="27" hits="68"/><line number="28" hits="102"/><line number="29" hits="140"/><line number="30" hits="38"/><line number="31" hits="4"/><line number="33" hits="180"/><line number="34" hits="144"/><line number="35" hits="108"/><line number="37" hits="102"/><line number="38" hits="140"/><line number="39" hits="38"/><line number="40" hits="4"/><line number="42" hits="108"/><line number="43" hits="144"/><line number="44" hits="108"/><line number="46" hits="102"/><line number="48" hits="0"/><line number="49" hits="0"/><line number="50" hits="0"/><line number="51" hits="0"/><line number="52" hits="0"/><line number="53" hits="0"/><line number="54" hits="0"/><line number="55" hits="0"/><line number="56" hits="0"/><line number="57" hits="0"/><line number="59" hits="0"/><line number="60" hits="0"/><line number="61" hits="0"/><line number="62" hits="0"/><line number="63" hits="0"/><line number="64" hits="0"/><line number="65" hits="0"/><line number="66" hits="0"/><line number="67" hits="0"/><line number="68" hits="0"/><line number="70" hits="8"/><line number="72" hits="8"/><line number="73" hits="12"/><line number="74" hits="12"/><line number="75" hits="12"/><line number="76" hits="12"/><line number="77" hits="12"/><line number="80" hits="8"/><line number="81" hits="12"/><line number="82" hits="16"/><line number="83" hits="12"/><line number="84" hits="12"/><line number="87" hits="4"/><line number="88" hits="8"/><line number="89" hits="12"/><line number="90" hits="24"/><line number="91" hits="12"/><line number="92" hits="8"/><line number="94" hits="40"/><line number="95" hits="32"/><line number="96" hits="24"/><line number="98" hits="12"/><line number="99" hits="24"/><line number="100" hits="12"/><line number="101" hits="8"/><line number="103" hits="24"/><line number="104" hits="32"/><line number="105" hits="24"/><line number="107" hits="12"/><line number="113" hits="128"/><line number="114" hits="128"/><line number="115" hits="122"/><line number="116" hits="366"/><line number="118" hits="484"/><line number="119" hits="480"/><line number="122" hits="12"/><line number="123" hits="18"/><line number="124" hits="18"/><line number="126" hits="0"/><line number="127" hits="0"/><line number="131" hits="0"/><line number="132" hits="0"/><line number="133" hits="0"/><line number="134" hits="0"/><line number="135" hits="0"/><line number="136" hits="0"/><line number="141" hits="6"/><line number="146" hits="18"/><line number="148" hits="4"/><line number="149" hits="2"/><line number="150" hits="4"/><line number="152" hits="2"/><line number="153" hits="2"/><line number="155" hits="4"/><line number="158" hits="12"/><line number="159" hits="18"/><line number="160" hits="18"/><line number="161" hits="18"/><line number="162" hits="18"/><line number="163" hits="18"/><line number="165" hits="12"/><line number="166" hits="18"/><line number="167" hits="34"/><line number="168" hits="10"/><line number="169" hits="4"/><line number="171" hits="32"/><line number="173" hits="18"/><line number="174" hits="34"/><line number="175" hits="10"/><line number="176" hits="4"/><line number="178" hits="24"/><line number="180" hits="16"/><line number="181" hits="8"/><line number="183" hits="8"/><line number="184" hits="16"/><line number="185" hits="32"/><line number="187" hits="18"/><line number="190" hits="88"/><line number="194" hits="264"/><line number="195" hits="88"/><line number="197" hits="436"/><line number="200" hits="176"/><line number="201" hits="0"/><line number="204" hits="176"/><line number="206" hits="176"/><line number="207" hits="528"/><line number="209" hits="176"/><line number="210" hits="440"/><line number="212" hits="232"/><line number="213" hits="84"/><line number="214" hits="168"/><line number="217" hits="264"/></lines></class><class name="patterns" filename="crates/typedlua-core/src/codegen/patterns.rs" line-rate="0.12195121951219512" branch-rate="0" complexity="0"><methods/><lines><line number="5" hits="230617"/><line number="6" hits="230617"/><line number="7" hits="461234"/><line number="8" hits="1153085"/><line number="9" hits="461234"/><line number="11" hits="0"/><line number="12" hits="0"/><line number="14" hits="0"/><line number="15" hits="0"/><line number="17" hits="0"/><line number="18" hits="0"/><line number="20" hits="0"/><line number="21" hits="0"/><line number="23" hits="0"/><line number="27" hits="0"/><line number="32" hits="0"/><line number="33" hits="0"/><line number="34" hits="0"/><line number="35" hits="0"/><line number="37" hits="0"/><line number="38" hits="0"/><line number="39" hits="0"/><line number="41" hits="0"/><line number="42" hits="0"/><line number="44" hits="0"/><line number="45" hits="0"/><line number="51" hits="0"/><line number="52" hits="0"/><line number="53" hits="0"/><line number="54" hits="0"/><line number="56" hits="0"/><line number="58" hits="0"/><line number="59" hits="0"/><line number="60" hits="0"/><line number="62" hits="0"/><line number="63" hits="0"/><line number="64" hits="0"/><line number="67" hits="0"/><line number="70" hits="0"/><line number="71" hits="0"/><line number="72" hits="0"/></lines></class><class name="sourcemap" filename="crates/typedlua-core/src/codegen/sourcemap.rs" line-rate="0.8571428571428571" branch-rate="0" complexity="0"><methods/><lines><line number="46" hits="27"/><line number="50" hits="81"/><line number="51" hits="54"/><line number="52" hits="27"/><line number="53" hits="27"/><line number="60" hits="2"/><line number="65" hits="4"/><line number="66" hits="2"/><line number="67" hits="2"/><line number="74" hits="0"/><line number="75" hits="0"/><line number="76" hits="0"/><line number="78" hits="0"/><line number="79" hits="0"/><line number="83" hits="4"/><line number="84" hits="8"/><line number="87" hits="0"/><line number="88" hits="0"/><line number="91" hits="2"/><line number="92" hits="6"/><line number="96" hits="18"/><line number="97" hits="72"/><line number="101" hits="22"/><line number="107" hits="78"/><line number="108" hits="40"/><line number="109" hits="4"/><line number="111" hits="24"/><line number="112" hits="8"/><line number="116" hits="66"/><line number="117" hits="44"/><line number="118" hits="44"/><line number="119" hits="44"/><line number="120" hits="44"/><line number="121" hits="22"/><line number="122" hits="22"/><line number="127" hits="308"/><line number="128" hits="2985"/><line number="129" hits="2489"/><line number="130" hits="120"/><line number="131" hits="120"/><line number="133" hits="2249"/><line number="139" hits="17"/><line number="140" hits="51"/><line number="144" hits="34"/><line number="145" hits="34"/><line number="146" hits="34"/><line number="147" hits="34"/><line number="148" hits="17"/><line number="154" hits="4"/><line number="155" hits="4"/><line number="161" hits="4"/><line number="168" hits="4"/><line number="169" hits="0"/><line number="170" hits="0"/><line number="175" hits="0"/><line number="177" hits="0"/><line number="178" hits="0"/><line number="179" hits="0"/><line number="180" hits="0"/><line number="181" hits="0"/><line number="182" hits="0"/><line number="183" hits="0"/><line number="189" hits="17"/><line number="190" hits="34"/><line number="191" hits="34"/><line number="192" hits="34"/><line number="193" hits="34"/><line number="194" hits="34"/><line number="195" hits="34"/><line number="196" hits="34"/><line number="198" hits="61"/><line number="200" hits="166"/><line number="201" hits="216"/><line number="202" hits="72"/><line number="203" hits="72"/><line number="206" hits="44"/><line number="207" hits="8"/><line number="214" hits="44"/><line number="215" hits="66"/><line number="216" hits="22"/><line number="219" hits="44"/><line number="220" hits="66"/><line number="221" hits="22"/><line number="224" hits="44"/><line number="225" hits="66"/><line number="226" hits="22"/><line number="229" hits="44"/><line number="230" hits="66"/><line number="231" hits="22"/><line number="234" hits="46"/><line number="235" hits="36"/><line number="236" hits="36"/><line number="237" hits="12"/><line number="241" hits="17"/><line number="245" hits="122"/><line number="249" hits="244"/><line number="250" hits="8"/><line number="252" hits="114"/><line number="255" hits="244"/><line number="258" hits="256"/><line number="259" hits="128"/><line number="261" hits="134"/><line number="262" hits="6"/><line number="265" hits="384"/><line number="267" hits="128"/><line number="268" hits="122"/><line number="272" hits="122"/><line number="278" hits="7"/><line number="279" hits="14"/><line number="283" hits="6"/><line number="284" hits="18"/><line number="285" hits="6"/><line number="286" hits="24"/><line number="287" hits="6"/><line number="288" hits="6"/><line number="289" hits="6"/><line number="294" hits="4"/><line number="295" hits="12"/><line number="296" hits="4"/></lines></class><class name="statements" filename="crates/typedlua-core/src/codegen/statements.rs" line-rate="0.8666666666666667" branch-rate="0" complexity="0"><methods/><lines><line number="8" hits="290349"/><line number="9" hits="290349"/><line number="10" hits="410420"/><line number="11" hits="352288"/><line number="12" hits="360"/><line number="13" hits="88"/><line number="14" hits="104"/><line number="15" hits="32"/><line number="16" hits="356552"/><line number="17" hits="0"/><line number="18" hits="0"/><line number="19" hits="0"/><line number="21" hits="0"/><line number="22" hits="0"/><line number="23" hits="0"/><line number="25" hits="10242"/><line number="26" hits="15363"/><line number="27" hits="20484"/><line number="28" hits="10242"/><line number="30" hits="72"/><line number="31" hits="9520"/><line number="32" hits="188"/><line number="33" hits="112"/><line number="34" hits="8900"/><line number="35" hits="200"/><line number="36" hits="512"/><line number="41" hits="6"/><line number="42" hits="360"/><line number="43" hits="240"/><line number="44" hits="24"/><line number="45" hits="352"/><line number="46" hits="0"/><line number="47" hits="0"/><line number="48" hits="0"/><line number="49" hits="0"/><line number="51" hits="0"/><line number="52" hits="0"/><line number="53" hits="0"/><line number="54" hits="0"/><line number="59" hits="102605"/><line number="60" hits="102605"/><line number="61" hits="102563"/><line number="63" hits="307689"/><line number="64" hits="410252"/><line number="65" hits="410252"/><line number="66" hits="410252"/><line number="67" hits="410252"/><line number="68" hits="205126"/><line number="70" hits="44"/><line number="72" hits="66"/><line number="73" hits="88"/><line number="74" hits="88"/><line number="75" hits="88"/><line number="76" hits="66"/><line number="78" hits="40"/><line number="80" hits="60"/><line number="81" hits="80"/><line number="82" hits="80"/><line number="83" hits="80"/><line number="84" hits="60"/><line number="86" hits="0"/><line number="88" hits="0"/><line number="89" hits="0"/><line number="90" hits="0"/><line number="91" hits="0"/><line number="93" hits="0"/><line number="97" hits="0"/><line number="98" hits="0"/><line number="99" hits="0"/><line number="100" hits="0"/><line number="106" hits="26"/><line number="107" hits="52"/><line number="109" hits="172"/><line number="110" hits="74"/><line number="111" hits="70"/><line number="112" hits="70"/><line number="113" hits="140"/><line number="114" hits="210"/><line number="115" hits="280"/><line number="116" hits="350"/><line number="117" hits="280"/><line number="118" hits="280"/><line number="119" hits="140"/><line number="121" hits="0"/><line number="123" hits="0"/><line number="124" hits="0"/><line number="125" hits="0"/><line number="126" hits="0"/><line number="127" hits="0"/><line number="128" hits="0"/><line number="129" hits="0"/><line number="131" hits="0"/><line number="133" hits="0"/><line number="134" hits="0"/><line number="135" hits="0"/><line number="136" hits="0"/><line number="137" hits="0"/><line number="138" hits="0"/><line number="139" hits="0"/><line number="141" hits="0"/><line number="144" hits="0"/><line number="149" hits="70"/><line number="151" hits="2"/><line number="153" hits="4"/><line number="154" hits="6"/><line number="155" hits="8"/><line number="156" hits="6"/><line number="157" hits="6"/><line number="158" hits="6"/><line number="159" hits="6"/><line number="160" hits="6"/><line number="161" hits="2"/><line number="163" hits="2"/><line number="165" hits="2"/><line number="172" hits="24"/><line number="173" hits="100"/><line number="174" hits="152"/><line number="176" hits="54"/><line number="178" hits="16"/><line number="179" hits="16"/><line number="180" hits="24"/><line number="181" hits="32"/><line number="182" hits="40"/><line number="183" hits="32"/><line number="184" hits="32"/><line number="185" hits="16"/><line number="187" hits="8"/><line number="189" hits="16"/><line number="190" hits="12"/><line number="191" hits="16"/><line number="192" hits="16"/><line number="193" hits="16"/><line number="194" hits="16"/><line number="195" hits="12"/><line number="197" hits="8"/><line number="199" hits="16"/><line number="200" hits="12"/><line number="201" hits="16"/><line number="202" hits="16"/><line number="203" hits="16"/><line number="204" hits="16"/><line number="205" hits="12"/><line number="207" hits="0"/><line number="210" hits="0"/><line number="217" hits="66"/><line number="218" hits="88"/><line number="219" hits="88"/><line number="220" hits="88"/><line number="221" hits="44"/><line number="226" hits="88072"/><line number="227" hits="176144"/><line number="228" hits="264216"/><line number="229" hits="352288"/><line number="230" hits="264216"/><line number="231" hits="264216"/><line number="233" hits="264216"/><line number="235" hits="409140"/><line number="236" hits="116498"/><line number="238" hits="42"/><line number="239" hits="8"/><line number="241" hits="114"/><line number="243" hits="106"/><line number="244" hits="34"/><line number="247" hits="148391"/><line number="248" hits="63862"/><line number="250" hits="349380"/><line number="254" hits="264216"/><line number="255" hits="176144"/><line number="258" hits="88140"/><line number="259" hits="102"/><line number="260" hits="136"/><line number="261" hits="170"/><line number="262" hits="136"/><line number="263" hits="68"/><line number="266" hits="264216"/><line number="267" hits="176144"/><line number="268" hits="176144"/><line number="269" hits="264216"/><line number="272" hits="88204"/><line number="273" hits="264"/><line number="274" hits="132"/><line number="275" hits="330"/><line number="277" hits="198"/><line number="278" hits="198"/><line number="282" hits="90"/><line number="283" hits="180"/><line number="284" hits="270"/><line number="285" hits="270"/><line number="286" hits="270"/><line number="287" hits="180"/><line number="288" hits="270"/><line number="289" hits="180"/><line number="291" hits="120"/><line number="292" hits="30"/><line number="293" hits="40"/><line number="294" hits="40"/><line number="295" hits="40"/><line number="296" hits="30"/><line number="297" hits="40"/><line number="298" hits="10"/><line number="301" hits="126"/><line number="302" hits="54"/><line number="303" hits="72"/><line number="304" hits="54"/><line number="305" hits="72"/><line number="306" hits="18"/><line number="309" hits="180"/><line number="310" hits="270"/><line number="313" hits="22"/><line number="314" hits="44"/><line number="315" hits="66"/><line number="316" hits="66"/><line number="317" hits="66"/><line number="318" hits="44"/><line number="319" hits="66"/><line number="320" hits="44"/><line number="321" hits="44"/><line number="322" hits="66"/><line number="325" hits="26"/><line number="326" hits="26"/><line number="327" hits="22"/><line number="328" hits="44"/><line number="329" hits="66"/><line number="330" hits="88"/><line number="331" hits="66"/><line number="332" hits="66"/><line number="333" hits="66"/><line number="334" hits="66"/><line number="335" hits="66"/><line number="336" hits="26"/><line number="337" hits="8"/><line number="338" hits="4"/><line number="340" hits="66"/><line number="341" hits="44"/><line number="342" hits="66"/><line number="343" hits="44"/><line number="344" hits="44"/><line number="345" hits="66"/><line number="347" hits="4"/><line number="348" hits="8"/><line number="349" hits="12"/><line number="350" hits="16"/><line number="351" hits="4"/><line number="352" hits="0"/><line number="354" hits="16"/><line number="355" hits="12"/><line number="357" hits="12"/><line number="358" hits="16"/><line number="359" hits="4"/><line number="360" hits="0"/><line number="362" hits="12"/><line number="364" hits="12"/><line number="365" hits="8"/><line number="366" hits="12"/><line number="367" hits="8"/><line number="368" hits="8"/><line number="369" hits="12"/><line number="374" hits="8"/><line number="375" hits="16"/><line number="376" hits="24"/><line number="377" hits="16"/><line number="378" hits="24"/><line number="379" hits="16"/><line number="380" hits="16"/><line number="381" hits="24"/><line number="382" hits="24"/><line number="383" hits="24"/><line number="386" hits="89138"/><line number="387" hits="178276"/><line number="388" hits="267414"/><line number="389" hits="89138"/><line number="390" hits="267414"/><line number="391" hits="356552"/><line number="392" hits="89138"/><line number="393" hits="0"/><line number="395" hits="267414"/><line number="398" hits="267414"/><line number="401" hits="93760"/><line number="402" hits="675910"/><line number="403" hits="388100"/><line number="407" hits="90"/><line number="411" hits="180"/><line number="412" hits="270"/><line number="413" hits="270"/><line number="414" hits="
[...]
" hits="0"/><line number="597" hits="0"/><line number="599" hits="0"/><line number="600" hits="0"/><line number="601" hits="0"/><line number="602" hits="0"/><line number="603" hits="0"/><line number="604" hits="0"/><line number="606" hits="0"/><line number="607" hits="0"/><line number="608" hits="0"/><line number="609" hits="0"/><line number="611" hits="0"/><line number="615" hits="0"/><line number="618" hits="0"/><line number="619" hits="0"/><line number="620" hits="0"/><line number="621" hits="0"/><line number="624" hits="0"/><line number="625" hits="0"/><line number="626" hits="0"/><line number="627" hits="0"/><line number="628" hits="0"/><line number="629" hits="0"/><line number="630" hits="0"/><line number="632" hits="0"/><line number="633" hits="0"/><line number="634" hits="0"/><line number="635" hits="0"/><line number="637" hits="0"/><line number="638" hits="0"/><line number="639" hits="0"/><line number="640" hits="0"/><line number="641" hits="0"/><line number="643" hits="0"/><line number="644" hits="0"/><line number="645" hits="0"/><line number="646" hits="0"/><line number="647" hits="0"/><line number="649" hits="0"/><line number="650" hits="0"/><line number="651" hits="0"/><line number="653" hits="0"/><line number="654" hits="0"/><line number="655" hits="0"/><line number="656" hits="0"/><line number="658" hits="0"/><line number="662" hits="60"/><line number="663" hits="240"/><line number="664" hits="240"/><line number="665" hits="120"/><line number="666" hits="60"/><line number="668" hits="120"/><line number="669" hits="120"/><line number="670" hits="120"/><line number="673" hits="140"/><line number="674" hits="140"/><line number="675" hits="280"/><line number="676" hits="0"/><line number="677" hits="0"/><line number="678" hits="0"/><line number="680" hits="0"/><line number="681" hits="0"/><line number="682" hits="0"/><line number="683" hits="0"/><line number="685" hits="0"/><line number="686" hits="0"/><line number="687" hits="0"/><line number="688" hits="0"/><line number="690" hits="0"/><line number="691" hits="0"/><line number="692" hits="0"/><line number="693" hits="0"/><line number="695" hits="0"/><line number="696" hits="0"/><line number="697" hits="0"/><line number="698" hits="0"/><line number="699" hits="0"/><line number="701" hits="0"/><line number="704" hits="0"/><line number="705" hits="0"/><line number="709" hits="60"/><line number="710" hits="60"/><line number="711" hits="0"/><line number="713" hits="60"/><line number="714" hits="40"/><line number="716" hits="20"/></lines></class><class name="string_concat_optimization" filename="crates/typedlua-core/src/optimizer/passes/string_concat_optimization.rs" line-rate="0.40307692307692305" branch-rate="0" complexity="0"><methods/><lines><line number="29" hits="6"/><line number="30" hits="6"/><line number="33" hits="804"/><line number="34" hits="804"/><line number="37" hits="652"/><line number="38" hits="652"/><line number="40" hits="1304"/><line number="41" hits="1304"/><line number="42" hits="17904"/><line number="43" hits="24916"/><line number="44" hits="16"/><line number="46" hits="8300"/><line number="50" hits="1956"/><line number="51" hits="0"/><line number="54" hits="652"/><line number="59" hits="558"/><line number="60" hits="1116"/><line number="63" hits="18968"/><line number="64" hits="18968"/><line number="65" hits="27896"/><line number="66" hits="528"/><line number="67" hits="6106"/><line number="68" hits="12212"/><line number="69" hits="27250"/><line number="70" hits="31718"/><line number="71" hits="2"/><line number="74" hits="6106"/><line number="76" hits="5164"/><line number="77" hits="10328"/><line number="78" hits="15492"/><line number="79" hits="15494"/><line number="80" hits="2"/><line number="83" hits="5164"/><line number="85" hits="46"/><line number="86" hits="92"/><line number="87" hits="142"/><line number="88" hits="144"/><line number="89" hits="0"/><line number="92" hits="50"/><line number="93" hits="6"/><line number="94" hits="6"/><line number="95" hits="0"/><line number="99" hits="54"/><line number="100" hits="32"/><line number="101" hits="36"/><line number="102" hits="0"/><line number="106" hits="46"/><line number="108" hits="54"/><line number="109" hits="108"/><line number="110" hits="70"/><line number="111" hits="24"/><line number="112" hits="0"/><line number="115" hits="54"/><line number="117" hits="128"/><line number="118" hits="4"/><line number="119" hits="8"/><line number="120" hits="12"/><line number="121" hits="12"/><line number="122" hits="0"/><line number="125" hits="4"/><line number="127" hits="60"/><line number="128" hits="120"/><line number="129" hits="88"/><line number="130" hits="42"/><line number="131" hits="0"/><line number="134" hits="60"/><line number="137" hits="28"/><line number="138" hits="56"/><line number="139" hits="44"/><line number="140" hits="24"/><line number="141" hits="0"/><line number="144" hits="28"/><line number="146" hits="400"/><line number="150" hits="6974"/><line number="151" hits="20922"/><line number="157" hits="652"/><line number="158" hits="1304"/><line number="159" hits="1304"/><line number="161" hits="17904"/><line number="163" hits="0"/><line number="164" hits="24900"/><line number="167" hits="0"/><line number="168" hits="0"/><line number="171" hits="0"/><line number="172" hits="0"/><line number="173" hits="0"/><line number="176" hits="8300"/><line number="179" hits="652"/><line number="183" hits="8300"/><line number="189" hits="9846"/><line number="190" hits="3086"/><line number="191" hits="1140"/><line number="192" hits="64"/><line number="193" hits="0"/><line number="195" hits="32"/><line number="198" hits="1508"/><line number="201" hits="6"/><line number="204" hits="6754"/><line number="208" hits="0"/><line number="209" hits="0"/><line number="210" hits="0"/><line number="211" hits="0"/><line number="215" hits="0"/><line number="219" hits="0"/><line number="220" hits="0"/><line number="221" hits="0"/><line number="222" hits="0"/><line number="223" hits="0"/><line number="225" hits="0"/><line number="226" hits="0"/><line number="229" hits="0"/><line number="230" hits="0"/><line number="232" hits="0"/><line number="233" hits="0"/><line number="235" hits="0"/><line number="240" hits="0"/><line number="241" hits="0"/><line number="242" hits="0"/><line number="244" hits="0"/><line number="248" hits="0"/><line number="249" hits="0"/><line number="250" hits="0"/><line number="251" hits="0"/><line number="252" hits="0"/><line number="253" hits="0"/><line number="254" hits="0"/><line number="255" hits="0"/><line number="256" hits="0"/><line number="257" hits="0"/><line number="258" hits="0"/><line number="259" hits="0"/><line number="260" hits="0"/><line number="261" hits="0"/><line number="263" hits="0"/><line number="268" hits="0"/><line number="269" hits="0"/><line number="270" hits="0"/><line number="272" hits="0"/><line number="273" hits="0"/><line number="275" hits="0"/><line number="277" hits="0"/><line number="278" hits="0"/><line number="283" hits="0"/><line number="285" hits="0"/><line number="287" hits="0"/><line number="288" hits="0"/><line number="290" hits="0"/><line number="293" hits="0"/><line number="298" hits="0"/><line number="305" hits="0"/><line number="306" hits="0"/><line number="307" hits="0"/><line number="308" hits="0"/><line number="311" hits="0"/><line number="312" hits="0"/><line number="313" hits="0"/><line number="314" hits="0"/><line number="315" hits="0"/><line number="316" hits="0"/><line number="320" hits="0"/><line number="321" hits="0"/><line number="324" hits="0"/><line number="325" hits="0"/><line number="326" hits="0"/><line number="327" hits="0"/><line number="328" hits="0"/><line number="329" hits="0"/><line number="330" hits="0"/><line number="331" hits="0"/><line number="332" hits="0"/><line number="333" hits="0"/><line number="334" hits="0"/><line number="336" hits="0"/><line number="338" hits="0"/><line number="340" hits="0"/><line number="341" hits="0"/><line number="342" hits="0"/><line number="343" hits="0"/><line number="345" hits="0"/><line number="346" hits="0"/><line number="348" hits="0"/><line number="350" hits="0"/><line number="352" hits="0"/><line number="355" hits="0"/><line number="359" hits="0"/><line number="365" hits="0"/><line number="366" hits="0"/><line number="367" hits="0"/><line number="368" hits="0"/><line number="370" hits="0"/><line number="371" hits="0"/><line number="374" hits="0"/><line number="375" hits="0"/><line number="377" hits="0"/><line number="378" hits="0"/><line number="380" hits="0"/><line number="385" hits="0"/><line number="386" hits="0"/><line number="387" hits="0"/><line number="392" hits="0"/><line number="398" hits="0"/><line number="399" hits="0"/><line number="400" hits="0"/><line number="401" hits="0"/><line number="404" hits="0"/><line number="405" hits="0"/><line number="407" hits="0"/><line number="408" hits="0"/><line number="409" hits="0"/><line number="410" hits="0"/><line number="412" hits="0"/><line number="413" hits="0"/><line number="416" hits="0"/><line number="421" hits="0"/><line number="427" hits="0"/><line number="428" hits="0"/><line number="429" hits="0"/><line number="430" hits="0"/><line number="431" hits="0"/><line number="434" hits="0"/><line number="435" hits="0"/><line number="436" hits="0"/><line number="437" hits="0"/><line number="438" hits="0"/><line number="439" hits="0"/><line number="440" hits="0"/><line number="442" hits="0"/><line number="444" hits="0"/><line number="445" hits="0"/><line number="446" hits="0"/><line number="449" hits="0"/><line number="451" hits="0"/><line number="452" hits="0"/><line number="453" hits="0"/><line number="454" hits="0"/><line number="455" hits="0"/><line number="457" hits="0"/><line number="458" hits="0"/><line number="460" hits="0"/><line number="461" hits="0"/><line number="462" hits="0"/><line number="463" hits="0"/><line number="466" hits="0"/><line number="468" hits="0"/><line number="473" hits="0"/><line number="475" hits="0"/><line number="476" hits="0"/><line number="477" hits="0"/><line number="479" hits="0"/><line number="480" hits="0"/><line number="481" hits="0"/><line number="482" hits="0"/><line number="483" hits="0"/><line number="484" hits="0"/><line number="485" hits="0"/><line number="487" hits="0"/><line number="489" hits="0"/><line number="490" hits="0"/><line number="491" hits="0"/><line number="494" hits="0"/><line number="496" hits="0"/><line number="497" hits="0"/><line number="498" hits="0"/><line number="499" hits="0"/><line number="500" hits="0"/><line number="502" hits="0"/><line number="503" hits="0"/><line number="505" hits="0"/><line number="506" hits="0"/><line number="507" hits="0"/><line number="508" hits="0"/><line number="511" hits="0"/><line number="513" hits="0"/><line number="517" hits="0"/><line number="519" hits="0"/><line number="523" hits="132"/><line number="524" hits="396"/><line number="527" hits="12270"/><line number="528" hits="9910"/><line number="529" hits="72"/><line number="530" hits="18"/><line number="531" hits="64"/><line number="532" hits="16"/><line number="535" hits="12254"/><line number="538" hits="18"/><line number="539" hits="102"/><line number="540" hits="40"/><line number="541" hits="120"/><line number="542" hits="160"/><line number="543" hits="80"/><line number="545" hits="8"/><line number="546" hits="8"/><line number="548" hits="58"/><line number="549" hits="174"/><line number="553" hits="36"/><line number="554" hits="54"/><line number="555" hits="18"/><line number="558" hits="16"/><line number="561" hits="16"/><line number="562" hits="16"/><line number="563" hits="124"/><line number="564" hits="16"/><line number="566" hits="16"/><line number="570" hits="16"/><line number="571" hits="48"/><line number="572" hits="32"/><line number="573" hits="64"/><line number="574" hits="64"/><line number="575" hits="48"/><line number="577" hits="80"/><line number="579" hits="32"/><line number="581" hits="32"/><line number="582" hits="16"/><line number="583" hits="16"/><line number="584" hits="16"/><line number="586" hits="16"/><line number="588" hits="16"/><line number="591" hits="32"/><line number="595" hits="0"/><line number="599" hits="32"/><line number="600" hits="64"/><line number="601" hits="64"/><line number="603" hits="0"/><line number="607" hits="32"/><line number="608" hits="64"/></lines></class><class name="table_preallocation" filename="crates/typedlua-core/src/optimizer/passes/table_preallocation.rs" line-rate="0.875" branch-rate="0" complexity="0"><methods/><lines><line number="10" hits="6"/><line number="11" hits="6"/><line number="14" hits="804"/><line number="15" hits="804"/><line number="18" hits="804"/><line number="22" hits="1608"/><line number="24" hits="40194"/><line number="25" hits="26260"/><line number="29" hits="804"/><line number="34" hits="31466"/><line number="35" hits="31466"/><line number="36" hits="52608"/><line number="37" hits="528"/><line number="38" hits="62"/><line number="39" hits="124"/><line number="40" hits="254"/><line number="41" hits="128"/><line number="43" hits="66"/><line number="44" hits="8"/><line number="45" hits="4"/><line number="48" hits="72"/><line number="49" hits="52"/><line number="50" hits="28"/><line number="53" hits="62"/><line number="55" hits="9544"/><line number="56" hits="19088"/><line number="57" hits="64312"/><line number="58" hits="36512"/><line number="60" hits="9544"/><line number="62" hits="8576"/><line number="66" hits="32344"/><line number="67" hits="32344"/><line number="68" hits="10"/><line number="69" hits="20"/><line number="70" hits="34"/><line number="71" hits="12"/><line number="73" hits="12"/><line number="75" hits="12"/><line number="76" hits="24"/><line number="79" hits="0"/><line number="81" hits="0"/><line number="82" hits="0"/><line number="85" hits="0"/><line number="86" hits="0"/><line number="87" hits="0"/><line number="91" hits="10"/><line number="93" hits="26"/><line number="94" hits="52"/><line number="95" hits="178"/><line number="96" hits="76"/><line number="97" hits="152"/><line number="98" hits="152"/><line number="100" hits="0"/><line number="101" hits="0"/><line number="105" hits="26"/><line number="107" hits="2848"/><line number="108" hits="7120"/><line number="110" hits="8"/><line number="111" hits="16088"/><line number="112" hits="32176"/><line number="113" hits="32278"/><line number="114" hits="16156"/><line number="116" hits="8044"/><line number="118" hits="22838"/></lines></class><class name="tail_call_optimization" filename="crates/typedlua-core/src/optimizer/passes/tail_call_optimization.rs" line-rate="0.9767441860465116" branch-rate="0" complexity="0"><methods/><lines><line number="18" hits="6"/><line number="19" hits="6"/><line number="22" hits="804"/><line number="23" hits="804"/><line number="26" hits="652"/><line number="27" hits="21460"/><line number="28" hits="13872"/><line number="31" hits="652"/><line number="36" hits="12252"/><line number="37" hits="12252"/><line number="38" hits="24424"/><line number="39" hits="144"/><line number="40" hits="46"/><line number="41" hits="184"/><line number="42" hits="52"/><line number="43" hits="4"/><line number="45" hits="62"/><line number="46" hits="16"/><line number="48" hits="46"/><line number="50" hits="54"/><line number="51" hits="162"/><line number="53" hits="128"/><line number="54" hits="60"/><line number="55" hits="180"/><line number="57" hits="4"/><line number="58" hits="12"/><line number="61" hits="28"/><line number="62" hits="84"/><line number="64" hits="5164"/><line number="65" hits="15492"/><line number="66" hits="42"/><line number="68" hits="5122"/><line number="71" hits="754"/><line number="75" hits="6344"/><line number="76" hits="12688"/><line number="77" hits="22292"/><line number="78" hits="10632"/><line number="80" hits="6344"/><line number="83" hits="5164"/><line number="84" hits="5164"/><line number="85" hits="0"/><line number="87" hits="5122"/><line number="88" hits="5164"/></lines></class></classes></package><package name="crates/typedlua-sourcemap/src" line-rate="0.7661290322580645" branch-rate="0" complexity="0"><classes><class name="lib" filename="crates/typedlua-sourcemap/src/lib.rs" line-rate="0.7661290322580645" branch-rate="0" complexity="0"><methods/><lines><line number="13" hits="18"/><line number="22" hits="0"/><line number="31" hits="0"/><line number="32" hits="0"/><line number="35" hits="0"/><line number="36" hits="0"/><line number="40" hits="0"/><line number="42" hits="0"/><line number="43" hits="0"/><line number="44" hits="0"/><line number="45" hits="0"/><line number="56" hits="0"/><line number="57" hits="0"/><line number="62" hits="0"/><line number="63" hits="0"/><line number="64" hits="0"/><line number="66" hits="0"/><line number="67" hits="0"/><line number="68" hits="0"/><line number="110" hits="12"/><line number="114" hits="36"/><line number="115" hits="24"/><line number="116" hits="12"/><line number="117" hits="12"/><line number="123" hits="0"/><line number="128" hits="0"/><line number="129" hits="0"/><line number="130" hits="0"/><line number="136" hits="0"/><line number="137" hits="0"/><line number="138" hits="0"/><line number="140" hits="0"/><line number="141" hits="0"/><line number="145" hits="2"/><line number="146" hits="4"/><line number="149" hits="0"/><line number="150" hits="0"/><line number="153" hits="2"/><line number="154" hits="6"/><line number="157" hits="18"/><line number="158" hits="72"/><line number="161" hits="18"/><line number="167" hits="66"/><line number="168" hits="40"/><line number="169" hits="4"/><line number="171" hits="24"/><line number="172" hits="8"/><line number="176" hits="54"/><line number="177" hits="36"/><line number="178" hits="36"/><line number="179" hits="36"/><line number="180" hits="36"/><line number="181" hits="18"/><line number="182" hits="18"/><line number="186" hits="32"/><line number="187" hits="154"/><line number="188" hits="96"/><line number="189" hits="6"/><line number="190" hits="6"/><line number="192" hits="84"/><line number="197" hits="10"/><line number="198" hits="30"/><line number="202" hits="20"/><line number="203" hits="20"/><line number="204" hits="20"/><line number="205" hits="20"/><line number="206" hits="10"/><line number="211" hits="10"/><line number="212" hits="20"/><line number="213" hits="20"/><line number="214" hits="20"/><line number="215" hits="20"/><line number="216" hits="20"/><line number="217" hits="20"/><line number="218" hits="20"/><line number="220" hits="46"/><line number="221" hits="22"/><line number="222" hits="6"/><line number="223" hits="2"/><line number="224" hits="2"/><line number="227" hits="36"/><line number="228" hits="8"/><line number="231" hits="36"/><line number="232" hits="54"/><line number="233" hits="18"/><line number="235" hits="36"/><line number="236" hits="54"/><line number="237" hits="18"/><line number="239" hits="36"/><line number="240" hits="54"/><line number="241" hits="18"/><line number="243" hits="36"/><line number="244" hits="54"/><line number="245" hits="18"/><line number="247" hits="42"/><line number="248" hits="36"/><line number="249" hits="36"/><line number="250" hits="12"/><line number="254" hits="10"/><line number="257" hits="106"/><line number="261" hits="212"/><line number="262" hits="8"/><line number="264" hits="98"/><line number="267" hits="212"/><line number="270" hits="224"/><line number="271" hits="112"/><line number="273" hits="118"/><line number="274" hits="6"/><line number="277" hits="336"/><line number="279" hits="112"/><line number="280" hits="106"/><line number="284" hits="106"/><line number="289" hits="2"/><line number="290" hits="4"/><line number="293" hits="4"/><line number="294" hits="12"/><line number="295" hits="4"/><line number="296" hits="16"/><line number="297" hits="4"/><line number="298" hits="4"/><line number="299" hits="4"/><line number="303" hits="2"/><line number="304" hits="6"/><line number="305" hits="2"/></lines></class></classes></package></packages></coverage>