TN:
SF:/Users/forge18/Repos/typedlua/crates/typedlua-cli/src/main.rs
FN:100,main
FN:163,init_project
FN:221,parse_lua_target
FN:237,parse_output_format
FN:248,load_config_and_files
FN:373,compile
FN:794,copy_lua_files_to_output
FN:844,determine_output_path
FN:860,print_diagnostics_from_vec
FN:939,watch_mode
FNF:10
FNDA:50,main
FNDA:2,init_project
FNDA:1,parse_lua_target
FNDA:38,parse_output_format
FNDA:45,load_config_and_files
FNDA:45,compile
FNDA:0,copy_lua_files_to_output
FNDA:38,determine_output_path
FNDA:10,print_diagnostics_from_vec
FNDA:1,watch_mode
DA:100,50
DA:103,50
DA:104,200
DA:107,100
DA:110,50
DA:111,2
DA:112,2
DA:116,192
DA:119,96
DA:120,8
DA:121,4
DA:125,88
DA:126,4
DA:127,1
DA:128,2
DA:129,37
DA:132,44
DA:133,44
DA:136,176
DA:137,49
DA:138,10
DA:140,44
DA:141,44
DA:144,132
DA:145,88
DA:146,176
DA:147,176
DA:148,44
DA:149,44
DA:150,44
DA:151,44
DA:153,44
DA:154,2
DA:156,129
DA:159,44
DA:163,2
DA:164,4
DA:166,4
DA:167,2
DA:169,2
DA:170,2
DA:171,2
DA:172,2
DA:173,2
DA:175,2
DA:176,2
DA:178,2
DA:179,2
DA:180,2
DA:181,2
DA:183,4
DA:184,4
DA:187,2
DA:188,4
DA:191,4
DA:192,2
DA:194,2
DA:195,2
DA:196,2
DA:199,2
DA:200,2
DA:201,2
DA:203,2
DA:204,2
DA:205,2
DA:208,2
DA:209,2
DA:211,4
DA:212,4
DA:214,4
DA:215,4
DA:217,2
DA:221,1
DA:224,1
DA:225,2
DA:226,2
DA:227,2
DA:228,2
DA:229,0
DA:230,0
DA:231,0
DA:237,38
DA:240,38
DA:241,38
DA:242,38
DA:243,38
DA:248,45
DA:254,92
DA:256,4
DA:257,2
DA:260,86
DA:261,43
DA:262,0
DA:263,0
DA:265,43
DA:270,90
DA:273,45
DA:274,7
DA:275,15
DA:276,8
DA:277,6
DA:278,2
DA:279,1
DA:284,53
DA:285,8
DA:287,49
DA:288,4
DA:290,49
DA:291,4
DA:293,52
DA:294,7
DA:298,45
DA:299,0
DA:301,45
DA:302,0
DA:303,0
DA:304,0
DA:305,0
DA:306,0
DA:309,45
DA:310,0
DA:314,45
DA:315,45
DA:316,0
DA:317,0
DA:318,0
DA:321,45
DA:322,0
DA:324,45
DA:325,45
DA:328,45
DA:329,0
DA:330,0
DA:331,0
DA:332,0
DA:337,135
DA:340,90
DA:342,88
DA:346,1
DA:349,45
DA:373,45
DA:388,180
DA:391,135
DA:392,90
DA:393,135
DA:394,90
DA:400,45
DA:401,88
DA:402,176
DA:403,44
DA:405,88
DA:406,0
DA:407,0
DA:411,220
DA:412,176
DA:415,88
DA:416,252
DA:417,208
DA:419,106
DA:420,208
DA:421,0
DA:422,0
DA:426,88
DA:428,132
DA:429,132
DA:430,44
DA:431,0
DA:432,0
DA:435,0
DA:440,2
DA:441,1
DA:442,1
DA:443,3
DA:444,1
DA:445,2
DA:449,135
DA:452,45
DA:453,135
DA:454,135
DA:455,45
DA:456,45
DA:457,90
DA:461,45
DA:462,0
DA:463,0
DA:464,0
DA:466,0
DA:470,135
DA:471,45
DA:473,150
DA:474,210
DA:475,105
DA:476,107
DA:477,420
DA:480,105
DA:481,0
DA:482,0
DA:484,0
DA:485,0
DA:486,0
DA:487,0
DA:488,0
DA:489,0
DA:490,0
DA:491,0
DA:497,0
DA:498,0
DA:500,0
DA:503,0
DA:504,0
DA:505,0
DA:506,0
DA:507,0
DA:508,0
DA:510,0
DA:512,0
DA:514,0
DA:515,0
DA:517,0
DA:518,0
DA:519,0
DA:520,0
DA:521,0
DA:522,0
DA:523,0
DA:530,105
DA:533,313
DA:534,206
DA:535,2
DA:536,2
DA:537,6
DA:538,2
DA:539,4
DA:540,2
DA:547,309
DA:550,309
DA:551,309
DA:554,515
DA:555,206
DA:556,206
DA:558,0
DA:559,0
DA:560,0
DA:561,0
DA:562,0
DA:569,618
DA:570,206
DA:571,206
DA:573,0
DA:574,0
DA:575,0
DA:576,0
DA:577,0
DA:584,103
DA:585,2
DA:586,6
DA:587,2
DA:588,2
DA:589,2
DA:597,404
DA:598,202
DA:599,101
DA:600,101
DA:601,101
DA:602,202
DA:603,202
DA:604,202
DA:606,101
DA:607,202
DA:609,303
DA:610,0
DA:611,0
DA:612,0
DA:613,0
DA:614,0
DA:620,101
DA:621,8
DA:622,24
DA:623,8
DA:624,8
DA:625,8
DA:631,372
DA:632,279
DA:633,279
DA:634,186
DA:636,558
DA:639,186
DA:641,372
DA:644,93
DA:645,93
DA:646,93
DA:647,93
DA:648,93
DA:649,186
DA:650,93
DA:651,186
DA:652,93
DA:654,93
DA:657,0
DA:661,93
DA:662,55
DA:663,165
DA:664,55
DA:665,110
DA:666,110
DA:667,55
DA:668,55
DA:674,114
DA:675,152
DA:676,76
DA:677,76
DA:679,77
DA:680,20
DA:683,114
DA:684,152
DA:686,152
DA:687,114
DA:689,38
DA:690,114
DA:691,38
DA:692,76
DA:693,76
DA:694,38
DA:695,38
DA:702,45
DA:703,88
DA:704,132
DA:705,88
DA:706,0
DA:707,0
DA:710,252
DA:711,197
DA:712,279
DA:713,93
DA:715,93
DA:716,465
DA:721,44
DA:726,90
DA:728,255
DA:729,105
DA:730,93
DA:731,93
DA:732,76
DA:733,76
DA:736,76
DA:737,4
DA:738,6
DA:739,4
DA:741,0
DA:744,36
DA:747,114
DA:748,76
DA:750,42
DA:751,6
DA:752,6
DA:753,9
DA:754,9
DA:755,6
DA:760,12
DA:761,12
DA:762,26
DA:764,2
DA:768,20
DA:769,20
DA:770,20
DA:771,10
DA:772,10
DA:779,45
DA:780,12
DA:784,33
DA:785,0
DA:788,66
DA:790,33
DA:794,0
DA:798,0
DA:800,0
DA:803,0
DA:804,0
DA:805,0
DA:806,0
DA:808,0
DA:811,0
DA:812,0
DA:816,0
DA:817,0
DA:818,0
DA:819,0
DA:820,0
DA:822,0
DA:826,0
DA:827,0
DA:830,0
DA:832,0
DA:834,0
DA:835,0
DA:840,0
DA:844,38
DA:845,41
DA:846,6
DA:847,40
DA:848,15
DA:853,15
DA:855,60
DA:860,10
DA:869,20
DA:870,0
DA:873,30
DA:875,30
DA:877,20
DA:878,2
DA:879,2
DA:881,2
DA:884,8
DA:887,10
DA:889,20
DA:890,10
DA:891,0
DA:892,0
DA:895,10
DA:896,10
DA:906,50
DA:907,37
DA:908,27
DA:909,27
DA:910,18
DA:911,18
DA:912,27
DA:917,0
DA:918,0
DA:919,0
DA:920,0
DA:923,0
DA:924,0
DA:935,10
DA:939,1
DA:947,3
DA:949,2
DA:952,2
DA:953,3
DA:956,3
DA:959,9
DA:960,21
DA:961,14
DA:966,3
DA:967,2
DA:968,4
DA:970,0
DA:975,2
DA:976,2
DA:979,24
DA:980,4
DA:982,5
DA:983,2
DA:987,4
DA:989,12
DA:990,3
DA:991,3
DA:992,9
DA:995,3
DA:997,2
DA:998,3
DA:999,3
DA:1000,3
DA:1001,1
DA:1008,3
DA:1011,1
LF:466
LH:352
end_of_record
TN:
SF:/Users/forge18/Repos/typedlua/crates/typedlua-core/src/cache/hash.rs
FN:6,hash_file
FN:14,hash_config
FNF:2
FNDA:222,hash_file
FNDA:102,hash_config
DA:6,222
DA:7,666
DA:8,666
DA:9,222
DA:14,102
DA:16,510
DA:17,306
DA:18,204
LF:8
LH:8
end_of_record
TN:
SF:/Users/forge18/Repos/typedlua/crates/typedlua-core/src/cache/invalidation.rs
FN:13,InvalidationEngine<'a>::new
FN:24,InvalidationEngine<'a>::compute_stale_modules
FN:64,InvalidationEngine<'a>::is_module_stale
FNF:3
FNDA:54,InvalidationEngine<'a>::new
FNDA:54,InvalidationEngine<'a>::compute_stale_modules
FNDA:0,InvalidationEngine<'a>::is_module_stale
DA:13,54
DA:24,54
DA:25,108
DA:28,390
DA:29,336
DA:33,108
DA:34,54
DA:36,112689
DA:37,37557
DA:38,12
DA:39,16
DA:41,8
DA:46,216
DA:48,286
DA:50,236
DA:51,12
DA:52,12
DA:53,20
DA:54,12
DA:60,54
DA:64,0
DA:65,0
DA:66,0
LF:23
LH:20
end_of_record
TN:
SF:/Users/forge18/Repos/typedlua/crates/typedlua-core/src/cache/manager.rs
FN:36,CacheManager::new
FN:52,CacheManager::ensure_cache_dirs
FN:62,CacheManager::load_manifest
FN:106,CacheManager::is_valid
FN:116,CacheManager::detect_changes
FN:145,CacheManager::compute_stale_modules
FN:159,CacheManager::get_cached_module
FN:193,CacheManager::save_module
FN:221,CacheManager::save_manifest
FN:235,CacheManager::clear
FN:248,CacheManager::cleanup_stale_entries
FNF:11
FNDA:98,CacheManager::new
FNDA:251,CacheManager::ensure_cache_dirs
FNDA:92,CacheManager::load_manifest
FNDA:0,CacheManager::is_valid
FNDA:48,CacheManager::detect_changes
FNDA:48,CacheManager::compute_stale_modules
FNDA:0,CacheManager::get_cached_module
FNDA:153,CacheManager::save_module
FNDA:44,CacheManager::save_manifest
FNDA:6,CacheManager::clear
FNDA:0,CacheManager::cleanup_stale_entries
DA:36,98
DA:37,294
DA:38,196
DA:39,196
DA:40,294
DA:42,98
DA:43,196
DA:44,196
DA:45,196
DA:46,98
DA:47,98
DA:52,251
DA:53,502
DA:54,502
DA:55,251
DA:62,92
DA:63,184
DA:65,92
DA:66,8
DA:67,18
DA:68,6
DA:71,86
DA:72,172
DA:73,86
DA:74,86
DA:75,0
DA:76,0
DA:80,0
DA:81,0
DA:82,0
DA:86,86
DA:87,86
DA:88,172
DA:90,172
DA:91,86
DA:93,0
DA:94,0
DA:95,0
DA:98,0
DA:99,0
DA:100,0
DA:106,0
DA:107,0
DA:109,0
DA:116,48
DA:117,240
DA:119,48
DA:120,48
DA:121,212
DA:122,494
DA:127,492
DA:128,61
DA:129,244
DA:130,61
DA:132,103
DA:135,164
DA:136,106
DA:138,58
DA:141,48
DA:145,48
DA:146,48
DA:147,48
DA:148,144
DA:149,144
DA:153,0
DA:159,0
DA:160,0
DA:162,0
DA:164,0
DA:165,0
DA:166,0
DA:170,0
DA:172,0
DA:173,0
DA:174,0
DA:177,0
DA:178,0
DA:179,0
DA:180,0
DA:181,0
DA:182,0
DA:185,0
DA:186,0
DA:187,0
DA:193,153
DA:199,306
DA:201,612
DA:202,459
DA:203,459
DA:206,612
DA:207,459
DA:208,459
DA:211,1071
DA:213,765
DA:215,612
DA:217,153
DA:221,44
DA:222,220
DA:224,132
DA:225,132
DA:227,44
DA:228,44
DA:229,88
DA:231,44
DA:235,6
DA:236,6
DA:237,4
DA:240,18
DA:241,12
DA:243,6
DA:244,6
DA:248,0
DA:249,0
DA:250,0
DA:252,0
DA:255,0
DA:257,0
LF:117
LH:77
end_of_record
TN:
SF:/Users/forge18/Repos/typedlua/crates/typedlua-core/src/cache/manifest.rs
FN:44,CacheManifest::new
FN:54,CacheManifest::is_version_compatible
FN:59,CacheManifest::to_bytes
FN:64,CacheManifest::from_bytes
FN:69,CacheManifest::insert_entry
FN:79,CacheManifest::remove_entry
FN:85,CacheManifest::get_entry
FN:90,CacheManifest::cleanup_stale_entries
FN:101,CacheEntry::new
FNF:9
FNDA:24,CacheManifest::new
FNDA:88,CacheManifest::is_version_compatible
FNDA:46,CacheManifest::to_bytes
FNDA:88,CacheManifest::from_bytes
FNDA:171,CacheManifest::insert_entry
FNDA:0,CacheManifest::remove_entry
FNDA:164,CacheManifest::get_entry
FNDA:2,CacheManifest::cleanup_stale_entries
FNDA:171,CacheEntry::new
DA:44,24
DA:48,24
DA:49,24
DA:54,88
DA:55,88
DA:59,46
DA:60,138
DA:64,88
DA:65,264
DA:69,171
DA:71,171
DA:72,855
DA:75,684
DA:79,0
DA:80,0
DA:81,0
DA:85,164
DA:86,492
DA:90,2
DA:91,10
DA:93,16
DA:94,2
DA:95,14
DA:101,171
DA:111,513
LF:25
LH:22
end_of_record
TN:
SF:/Users/forge18/Repos/typedlua/crates/typedlua-core/src/cache/module.rs
FN:31,CachedModule::new
FN:48,CachedModule::to_bytes
FN:53,CachedModule::from_bytes
FN:58,CachedModule::compute_hash
FNF:4
FNDA:157,CachedModule::new
FNDA:312,CachedModule::to_bytes
FNDA:2,CachedModule::from_bytes
FNDA:157,CachedModule::compute_hash
DA:31,157
DA:48,312
DA:49,936
DA:53,2
DA:54,6
DA:58,157
DA:59,628
DA:60,471
DA:61,314
LF:9
LH:9
end_of_record
TN:
SF:/Users/forge18/Repos/typedlua/crates/typedlua-core/src/codegen/builder.rs
FN:85,CodeGeneratorBuilder::new
FN:114,CodeGeneratorBuilder::target
FN:137,CodeGeneratorBuilder::source_map
FN:159,CodeGeneratorBuilder::require_mode
FN:185,CodeGeneratorBuilder::bundle_mode
FN:209,CodeGeneratorBuilder::optimization_level
FN:233,CodeGeneratorBuilder::output_format
FN:261,CodeGeneratorBuilder::build
FNF:8
FNDA:70,CodeGeneratorBuilder::new
FNDA:50,CodeGeneratorBuilder::target
FNDA:11,CodeGeneratorBuilder::source_map
FNDA:4,CodeGeneratorBuilder::require_mode
FNDA:6,CodeGeneratorBuilder::bundle_mode
FNDA:14,CodeGeneratorBuilder::optimization_level
FNDA:38,CodeGeneratorBuilder::output_format
FNDA:70,CodeGeneratorBuilder::build
DA:85,70
DA:88,140
DA:114,50
DA:115,50
DA:116,50
DA:137,11
DA:138,22
DA:139,11
DA:159,4
DA:160,8
DA:161,4
DA:185,6
DA:186,12
DA:187,6
DA:209,14
DA:210,14
DA:211,14
DA:233,38
DA:234,38
DA:235,38
DA:261,70
DA:262,210
DA:263,280
DA:264,280
DA:265,280
DA:266,280
DA:268,92
DA:269,33
DA:272,70
LF:29
LH:29
end_of_record
TN:
SF:/Users/forge18/Repos/typedlua/crates/typedlua-core/src/codegen/classes.rs
FN:6,CodeGenerator::generate_class_declaration
FN:314,CodeGenerator::generate_interface_declaration
FN:349,CodeGenerator::generate_class_constructor
FN:442,CodeGenerator::generate_primary_constructor
FN:542,CodeGenerator::generate_class_method
FN:595,CodeGenerator::generate_class_getter
FN:620,CodeGenerator::generate_class_setter
FN:647,CodeGenerator::generate_operator_declaration
FN:686,CodeGenerator::operator_kind_name
FNF:9
FNDA:2225,CodeGenerator::generate_class_declaration
FNDA:2380,CodeGenerator::generate_interface_declaration
FNDA:1698,CodeGenerator::generate_class_constructor
FNDA:30,CodeGenerator::generate_primary_constructor
FNDA:3550,CodeGenerator::generate_class_method
FNDA:2,CodeGenerator::generate_class_getter
FNDA:2,CodeGenerator::generate_class_setter
FNDA:58,CodeGenerator::generate_operator_declaration
FNDA:116,CodeGenerator::operator_kind_name
DA:6,2225
DA:7,8900
DA:9,6675
DA:11,4678
DA:12,456
DA:13,228
DA:15,0
DA:18,1997
DA:21,2225
DA:23,4450
DA:24,6675
DA:25,6675
DA:26,6675
DA:28,4450
DA:29,6675
DA:30,6675
DA:31,6675
DA:32,6675
DA:34,2681
DA:35,912
DA:36,684
DA:37,912
DA:38,912
DA:39,912
DA:40,1140
DA:41,912
DA:42,456
DA:45,4450
DA:46,2225
DA:48,7775
DA:50,6675
DA:52,2255
DA:53,120
DA:54,2225
DA:55,17786
DA:56,11440
DA:57,5094
DA:61,1988
DA:62,1491
DA:63,1988
DA:64,1988
DA:65,1988
DA:66,1491
DA:67,1491
DA:68,1988
DA:69,1988
DA:70,1988
DA:71,1491
DA:72,1988
DA:73,1491
DA:74,1491
DA:75,994
DA:78,19561
DA:79,8668
DA:80,7100
DA:81,10650
DA:83,4
DA:84,6
DA:86,4
DA:87,6
DA:89,116
DA:90,174
DA:92,5056
DA:96,4450
DA:98,19489
DA:99,8654
DA:100,44
DA:101,44
DA:105,2225
DA:106,132
DA:107,88
DA:108,132
DA:109,132
DA:110,88
DA:112,88
DA:113,384
DA:114,228
DA:115,232
DA:116,116
DA:117,72
DA:118,28
DA:120,58
DA:121,174
DA:122,58
DA:123,58
DA:127,132
DA:128,88
DA:129,88
DA:130,132
DA:133,2225
DA:134,150
DA:135,224
DA:136,174
DA:137,232
DA:138,232
DA:139,290
DA:140,116
DA:144,6675
DA:145,2349
DA:146,124
DA:147,248
DA:149,186
DA:150,62
DA:152,190
DA:153,192
DA:154,128
DA:156,64
DA:161,186
DA:162,62
DA:164,110
DA:165,134
DA:166,82
DA:167,60
DA:171,142
DA:172,60
DA:173,80
DA:174,80
DA:175,80
DA:176,80
DA:177,80
DA:178,80
DA:179,80
DA:180,80
DA:181,40
DA:186,6675
DA:188,4450
DA:189,2225
DA:191,11125
DA:193,4450
DA:194,6675
DA:195,6675
DA:196,6675
DA:197,6675
DA:199,4450
DA:200,6675
DA:201,6675
DA:203,4450
DA:204,6675
DA:205,6675
DA:207,4450
DA:208,19561
DA:209,15384
DA:210,16790
DA:211,10074
DA:212,13432
DA:213,6716
DA:214,6716
DA:216,6716
DA:219,4450
DA:220,4450
DA:221,6675
DA:223,4450
DA:224,6675
DA:225,6675
DA:227,4450
DA:228,19561
DA:229,15768
DA:230,17750
DA:231,10650
DA:232,14200
DA:233,7100
DA:234,7100
DA:236,7100
DA:239,4450
DA:240,4450
DA:241,6675
DA:243,4450
DA:244,6675
DA:245,6675
DA:247,4450
DA:248,4450
DA:249,6675
DA:250,6675
DA:252,4450
DA:253,4450
DA:254,6675
DA:256,2681
DA:257,1140
DA:258,684
DA:259,912
DA:260,456
DA:261,456
DA:263,684
DA:264,684
DA:265,912
DA:266,456
DA:267,456
DA:269,684
DA:270,684
DA:271,912
DA:272,684
DA:273,684
DA:274,912
DA:275,684
DA:276,684
DA:277,456
DA:280,2681
DA:281,1140
DA:282,684
DA:283,912
DA:284,684
DA:287,6675
DA:288,4450
DA:289,17800
DA:290,15575
DA:291,13350
DA:292,11125
DA:293,8900
DA:294,6675
DA:295,4450
DA:296,2225
DA:298,6675
DA:299,4450
DA:300,17800
DA:301,15575
DA:302,13350
DA:303,11125
DA:304,8900
DA:305,6675
DA:306,4450
DA:307,2225
DA:309,6675
DA:311,2225
DA:314,2380
DA:315,9520
DA:317,11860
DA:318,4816
DA:319,102
DA:320,104
DA:321,78
DA:323,78
DA:324,52
DA:325,78
DA:326,78
DA:327,78
DA:329,38
DA:330,16
DA:331,8
DA:333,78
DA:334,52
DA:336,78
DA:338,52
DA:339,52
DA:340,78
DA:342,26
DA:343,104
DA:349,1698
DA:350,3396
DA:352,1698
DA:353,5094
DA:354,3396
DA:355,5094
DA:356,5094
DA:357,5094
DA:359,11406
DA:360,12944
DA:361,6472
DA:363,5094
DA:365,3396
DA:367,5094
DA:369,3396
DA:370,3396
DA:371,5094
DA:373,5094
DA:374,3396
DA:375,5094
DA:376,5094
DA:377,5094
DA:379,9868
DA:380,4792
DA:381,3112
DA:383,9708
DA:385,5094
DA:387,3396
DA:389,3396
DA:390,5094
DA:391,5094
DA:392,5094
DA:394,3396
DA:395,5094
DA:396,5094
DA:397,11406
DA:398,12944
DA:399,6472
DA:401,5094
DA:403,3396
DA:404,5094
DA:406,3396
DA:407,3396
DA:408,5094
DA:410,0
DA:411,0
DA:412,0
DA:413,0
DA:414,0
DA:416,0
DA:417,0
DA:418,0
DA:420,0
DA:422,0
DA:424,0
DA:426,0
DA:427,0
DA:428,0
DA:429,0
DA:431,0
DA:433,0
DA:434,0
DA:436,0
DA:437,0
DA:438,0
DA:442,30
DA:448,120
DA:450,90
DA:451,60
DA:452,90
DA:453,90
DA:454,90
DA:456,168
DA:457,184
DA:458,230
DA:459,92
DA:461,90
DA:463,60
DA:465,34
DA:466,8
DA:467,8
DA:468,16
DA:469,12
DA:470,12
DA:471,22
DA:472,24
DA:473,12
DA:475,12
DA:479,122
DA:480,92
DA:482,46
DA:483,46
DA:485,8
DA:487,84
DA:489,184
DA:490,138
DA:492,138
DA:493,184
DA:494,138
DA:495,138
DA:498,60
DA:499,60
DA:500,90
DA:502,90
DA:503,60
DA:504,90
DA:505,90
DA:506,90
DA:508,152
DA:509,64
DA:510,36
DA:512,184
DA:513,138
DA:515,90
DA:517,60
DA:519,60
DA:520,90
DA:521,90
DA:522,90
DA:524,60
DA:525,90
DA:526,90
DA:527,168
DA:528,184
DA:529,230
DA:530,92
DA:532,90
DA:534,60
DA:535,90
DA:537,60
DA:538,60
DA:539,90
DA:542,3550
DA:543,3550
DA:544,10
DA:547,10620
DA:548,7080
DA:549,10620
DA:550,10620
DA:552,3586
DA:553,92
DA:555,6988
DA:558,14160
DA:559,10620
DA:560,10620
DA:562,10544
DA:563,1808
DA:564,152
DA:566,5196
DA:568,10620
DA:570,10620
DA:571,10620
DA:572,14160
DA:573,3540
DA:576,7080
DA:577,10620
DA:579,3540
DA:580,64
DA:581,48
DA:582,64
DA:583,64
DA:584,80
DA:585,64
DA:586,64
DA:588,64
DA:589,80
DA:590,32
DA:595,2
DA:596,6
DA:597,4
DA:598,6
DA:599,6
DA:601,2
DA:602,0
DA:604,4
DA:607,6
DA:608,8
DA:609,6
DA:610,6
DA:612,4
DA:613,6
DA:614,4
DA:616,4
DA:617,6
DA:620,2
DA:621,6
DA:622,4
DA:623,6
DA:624,6
DA:626,2
DA:627,0
DA:629,4
DA:632,6
DA:633,8
DA:634,6
DA:635,6
DA:636,6
DA:637,6
DA:639,4
DA:640,6
DA:641,4
DA:643,4
DA:644,6
DA:647,58
DA:648,174
DA:649,116
DA:650,174
DA:651,174
DA:652,174
DA:653,232
DA:654,174
DA:656,174
DA:658,58
DA:659,204
DA:660,208
DA:661,104
DA:664,174
DA:666,116
DA:667,174
DA:668,116
DA:670,116
DA:671,174
DA:673,58
DA:674,0
DA:675,0
DA:676,0
DA:677,0
DA:678,0
DA:680,0
DA:681,0
DA:682,0
DA:686,116
DA:687,116
DA:688,80
DA:689,16
DA:690,40
DA:691,0
DA:692,0
DA:693,0
DA:694,0
DA:695,0
DA:696,16
DA:697,0
DA:698,16
DA:699,0
DA:700,0
DA:701,0
DA:702,0
DA:703,0
DA:704,0
DA:705,0
DA:706,0
DA:707,16
DA:708,8
DA:709,8
DA:710,16
DA:711,16
LF:503
LH:457
end_of_record
TN:
SF:/Users/forge18/Repos/typedlua/crates/typedlua-core/src/codegen/decorators.rs
FN:5,CodeGenerator::generate_decorator_call
FN:45,CodeGenerator::generate_decorator_expression
FN:80,CodeGenerator::is_built_in_decorator
FN:84,CodeGenerator::detect_decorators
FN:93,CodeGenerator::statement_uses_built_in_decorators
FN:123,CodeGenerator::is_decorator_built_in
FN:156,CodeGenerator::embed_runtime_library
FNF:7
FNDA:74,CodeGenerator::generate_decorator_call
FNDA:12,CodeGenerator::generate_decorator_expression
FNDA:64,CodeGenerator::is_built_in_decorator
FNDA:1870,CodeGenerator::detect_decorators
FNDA:96159,CodeGenerator::statement_uses_built_in_decorators
FNDA:66,CodeGenerator::is_decorator_built_in
FNDA:44,CodeGenerator::embed_runtime_library
DA:5,74
DA:8,74
DA:9,124
DA:10,310
DA:11,248
DA:12,248
DA:13,248
DA:14,124
DA:17,20
DA:19,30
DA:20,30
DA:21,40
DA:22,10
DA:23,0
DA:25,30
DA:27,30
DA:28,30
DA:29,30
DA:32,4
DA:33,2
DA:34,8
DA:35,8
DA:36,10
DA:37,8
DA:38,8
DA:39,8
DA:40,4
DA:45,12
DA:51,12
DA:52,24
DA:53,60
DA:54,24
DA:57,0
DA:59,0
DA:60,0
DA:61,0
DA:62,0
DA:63,0
DA:65,0
DA:67,0
DA:70,0
DA:71,0
DA:72,0
DA:73,0
DA:74,0
DA:75,0
DA:80,64
DA:81,250
DA:84,1870
DA:85,194144
DA:86,288477
DA:87,44
DA:88,44
DA:93,96159
DA:94,96159
DA:95,2207
DA:96,2269
DA:97,144
DA:98,34
DA:102,19387
DA:103,15476
DA:104,7044
DA:105,6676
DA:106,4
DA:107,4
DA:108,1748
DA:111,6890
DA:112,54
DA:113,10
DA:117,2163
DA:119,93952
DA:123,66
DA:129,66
DA:130,54
DA:131,216
DA:132,162
DA:134,10
DA:135,20
DA:136,40
DA:137,30
DA:139,0
DA:143,4
DA:145,4
DA:146,8
DA:147,8
DA:148,2
DA:150,0
DA:156,44
DA:157,132
DA:158,132
LF:90
LH:73
end_of_record
TN:
SF:/Users/forge18/Repos/typedlua/crates/typedlua-core/src/codegen/emitter.rs
FN:16,Emitter::new
FN:26,Emitter::with_source_map
FN:31,Emitter::with_output_format
FN:41,Emitter::with_indent_str
FN:46,Emitter::write
FN:53,Emitter::writeln
FN:71,Emitter::indent
FN:77,Emitter::dedent
FN:83,Emitter::write_indent
FN:95,Emitter::write_indented
FN:100,Emitter::push_str
FN:104,Emitter::push_char
FN:108,Emitter::is_minified
FN:112,Emitter::is_readable
FN:116,Emitter::take_output
FN:120,Emitter::clone_output
FN:124,Emitter::take_source_map
FN:128,Emitter::source_map
FN:132,Emitter::source_map_mut
FN:136,Emitter::clone_source_map
FN:140,Emitter::output_mut
FN:144,Emitter::output_ref
FN:149,Emitter::from_output
FN:161,<impl Default for Emitter>::default
FNF:24
FNDA:1902,Emitter::new
FNDA:15,Emitter::with_source_map
FNDA:70,Emitter::with_output_format
FNDA:0,Emitter::with_indent_str
FNDA:2163765,Emitter::write
FNDA:460870,Emitter::writeln
FNDA:104147,Emitter::indent
FNDA:104147,Emitter::dedent
FNDA:432820,Emitter::write_indent
FNDA:0,Emitter::write_indented
FNDA:0,Emitter::push_str
FNDA:0,Emitter::push_char
FNDA:0,Emitter::is_minified
FNDA:0,Emitter::is_readable
FNDA:0,Emitter::take_output
FNDA:1870,Emitter::clone_output
FNDA:38,Emitter::take_source_map
FNDA:6,Emitter::source_map
FNDA:0,Emitter::source_map_mut
FNDA:20,Emitter::clone_source_map
FNDA:264,Emitter::output_mut
FNDA:0,Emitter::output_ref
FNDA:0,Emitter::from_output
FNDA:0,<impl Default for Emitter>::default
DA:16,1902
DA:18,3804
DA:20,5706
DA:26,15
DA:27,30
DA:28,15
DA:31,70
DA:32,70
DA:33,140
DA:34,0
DA:35,0
DA:36,140
DA:38,70
DA:41,0
DA:42,0
DA:43,0
DA:46,2163765
DA:47,6491295
DA:48,2163977
DA:49,212
DA:53,460870
DA:54,460870
DA:55,0
DA:56,0
DA:58,460870
DA:59,1843480
DA:60,460870
DA:63,460898
DA:64,84
DA:65,84
DA:66,56
DA:71,104147
DA:72,312441
DA:73,104147
DA:77,104147
DA:78,208294
DA:79,104147
DA:83,432820
DA:84,865640
DA:85,0
DA:87,647184
DA:88,428728
DA:90,432860
DA:91,40
DA:95,0
DA:96,0
DA:97,0
DA:100,0
DA:101,0
DA:104,0
DA:105,0
DA:108,0
DA:109,0
DA:112,0
DA:113,0
DA:116,0
DA:117,0
DA:120,1870
DA:121,3740
DA:124,38
DA:125,124
DA:128,6
DA:129,12
DA:132,0
DA:133,0
DA:136,20
DA:137,40
DA:140,264
DA:141,264
DA:144,0
DA:145,0
DA:149,0
DA:153,0
DA:161,0
DA:162,0
LF:75
LH:46
end_of_record
TN:
SF:/Users/forge18/Repos/typedlua/crates/typedlua-core/src/codegen/enums.rs
FN:6,CodeGenerator::generate_enum_declaration
FN:54,CodeGenerator::generate_rich_enum_declaration
FN:275,CodeGenerator::is_simple_method_for_inline
FNF:3
FNDA:28,CodeGenerator::generate_enum_declaration
FNDA:24,CodeGenerator::generate_rich_enum_declaration
FNDA:0,CodeGenerator::is_simple_method_for_inline
DA:6,28
DA:10,112
DA:12,56
DA:13,12
DA:14,12
DA:16,8
DA:17,12
DA:18,12
DA:19,12
DA:20,12
DA:21,8
DA:22,32
DA:23,24
DA:24,48
DA:25,36
DA:26,36
DA:27,18
DA:28,6
DA:29,6
DA:30,18
DA:32,0
DA:33,0
DA:34,0
DA:35,0
DA:39,18
DA:41,32
DA:42,16
DA:44,36
DA:46,8
DA:47,8
DA:48,12
DA:50,72
DA:54,24
DA:59,72
DA:61,72
DA:62,48
DA:63,72
DA:65,48
DA:66,72
DA:68,48
DA:69,72
DA:70,72
DA:71,48
DA:72,72
DA:74,48
DA:75,72
DA:76,48
DA:77,48
DA:78,72
DA:79,48
DA:80,72
DA:81,48
DA:82,48
DA:83,72
DA:84,24
DA:85,24
DA:87,48
DA:88,48
DA:89,72
DA:90,48
DA:91,48
DA:92,72
DA:94,48
DA:95,72
DA:96,72
DA:97,72
DA:98,48
DA:99,48
DA:100,72
DA:101,48
DA:102,48
DA:103,72
DA:105,72
DA:106,48
DA:107,72
DA:108,72
DA:109,72
DA:111,126
DA:112,136
DA:113,136
DA:115,72
DA:116,48
DA:117,48
DA:118,72
DA:119,72
DA:120,72
DA:121,48
DA:123,72
DA:124,48
DA:125,72
DA:127,72
DA:128,48
DA:129,72
DA:130,160
DA:131,224
DA:132,168
DA:133,168
DA:134,168
DA:135,168
DA:136,168
DA:137,144
DA:138,64
DA:141,72
DA:143,48
DA:145,160
DA:146,168
DA:147,112
DA:148,168
DA:149,168
DA:150,224
DA:151,168
DA:153,56
DA:154,18
DA:155,12
DA:156,12
DA:157,18
DA:158,12
DA:159,18
DA:161,36
DA:162,48
DA:163,36
DA:164,36
DA:165,48
DA:166,48
DA:167,24
DA:169,0
DA:170,0
DA:174,12
DA:175,12
DA:176,18
DA:177,18
DA:178,18
DA:180,150
DA:181,150
DA:182,150
DA:183,150
DA:184,150
DA:185,150
DA:187,224
DA:188,232
DA:189,116
DA:191,150
DA:194,112
DA:195,168
DA:196,168
DA:197,168
DA:198,168
DA:199,168
DA:200,168
DA:201,168
DA:203,48
DA:204,72
DA:206,48
DA:209,72
DA:210,26
DA:211,6
DA:212,4
DA:214,96
DA:215,72
DA:216,26
DA:217,6
DA:218,4
DA:220,96
DA:221,72
DA:222,26
DA:223,6
DA:224,4
DA:226,48
DA:227,72
DA:228,48
DA:229,24
DA:231,72
DA:232,26
DA:233,6
DA:234,4
DA:236,48
DA:237,72
DA:238,48
DA:239,24
DA:242,32
DA:243,12
DA:246,4
DA:247,0
DA:248,0
DA:251,8
DA:252,16
DA:253,8
DA:254,4
DA:255,8
DA:257,12
DA:258,8
DA:259,0
DA:260,0
DA:262,0
DA:264,12
DA:265,8
DA:266,12
DA:267,8
DA:268,8
DA:269,12
DA:275,0
DA:279,0
DA:280,0
DA:284,0
DA:286,0
DA:287,0
DA:290,0
LF:207
LH:189
end_of_record
TN:
SF:/Users/forge18/Repos/typedlua/crates/typedlua-core/src/codegen/expressions/binary_ops.rs
FN:5,CodeGenerator::generate_binary_expression
FN:70,CodeGenerator::generate_unary_expression
FN:88,CodeGenerator::generate_assignment_expression
FNF:3
FNDA:153705,CodeGenerator::generate_binary_expression
FNDA:46,CodeGenerator::generate_unary_expression
FNDA:4770,CodeGenerator::generate_assignment_expression
DA:5,153705
DA:11,153705
DA:12,106
DA:13,318
DA:30,153533
DA:31,614132
DA:32,614132
DA:33,614132
DA:34,767665
DA:35,614132
DA:36,614132
DA:37,307066
DA:40,0
DA:41,0
DA:42,0
DA:43,0
DA:44,0
DA:45,0
DA:46,0
DA:47,0
DA:54,52
DA:55,260
DA:56,260
DA:57,364
DA:58,104
DA:61,14
DA:62,70
DA:63,70
DA:64,84
DA:65,28
DA:70,46
DA:75,46
DA:76,0
DA:78,0
DA:79,0
DA:80,0
DA:82,230
DA:83,184
DA:84,92
DA:88,4770
DA:94,4770
DA:95,4770
DA:96,19080
DA:97,19080
DA:98,9540
DA:100,0
DA:101,0
DA:102,0
DA:103,0
DA:104,0
DA:105,0
DA:107,0
DA:108,0
DA:109,0
DA:110,0
DA:111,0
DA:112,0
DA:114,0
DA:115,0
DA:116,0
DA:117,0
DA:118,0
DA:119,0
DA:121,0
DA:122,0
DA:123,0
DA:124,0
DA:125,0
DA:126,0
DA:128,0
DA:129,0
DA:130,0
DA:131,0
DA:132,0
DA:133,0
DA:135,0
DA:136,0
DA:137,0
DA:138,0
DA:139,0
DA:140,0
DA:142,0
DA:143,0
DA:144,0
DA:145,0
DA:146,0
DA:147,0
DA:149,0
DA:150,0
DA:151,0
DA:152,0
DA:153,0
DA:154,0
DA:156,0
DA:157,0
DA:158,0
DA:159,0
DA:160,0
DA:161,0
DA:163,0
DA:164,0
DA:165,0
DA:166,0
DA:167,0
DA:168,0
DA:170,0
DA:171,0
DA:172,0
DA:173,0
DA:174,0
DA:175,0
DA:177,0
DA:178,0
DA:179,0
DA:180,0
DA:181,0
DA:182,0
LF:117
LH:33
end_of_record
TN:
SF:/Users/forge18/Repos/typedlua/crates/typedlua-core/src/codegen/expressions/calls.rs
FN:5,CodeGenerator::generate_call_expression
FN:55,CodeGenerator::generate_method_call_expression
FN:76,CodeGenerator::generate_new_expression
FNF:3
FNDA:4432,CodeGenerator::generate_call_expression
FNDA:0,CodeGenerator::generate_method_call_expression
FNDA:0,CodeGenerator::generate_new_expression
DA:5,4432
DA:10,8836
DA:11,56
DA:12,112
DA:13,84
DA:14,84
DA:15,50
DA:16,44
DA:18,132
DA:19,26
DA:20,4
DA:22,72
DA:24,84
DA:26,0
DA:28,28
DA:31,4426
DA:32,308
DA:33,902
DA:36,13212
DA:37,13212
DA:39,4404
DA:40,66
DA:41,30
DA:42,16
DA:46,22158
DA:47,4702
DA:48,458
DA:50,13419
DA:52,13212
DA:55,0
DA:61,0
DA:62,0
DA:63,0
DA:64,0
DA:65,0
DA:67,0
DA:68,0
DA:69,0
DA:71,0
DA:73,0
DA:76,0
DA:81,0
DA:82,0
DA:83,0
DA:84,0
DA:85,0
DA:86,0
DA:88,0
DA:90,0
LF:49
LH:28
end_of_record
TN:
SF:/Users/forge18/Repos/typedlua/crates/typedlua-core/src/codegen/expressions/literals.rs
FN:5,CodeGenerator::generate_literal
FN:19,CodeGenerator::generate_argument
FN:23,CodeGenerator::generate_object_property
FN:46,CodeGenerator::generate_identifier
FN:51,CodeGenerator::generate_array_element
FNF:5
FNDA:59397,CodeGenerator::generate_literal
FNDA:4721,CodeGenerator::generate_argument
FNDA:466,CodeGenerator::generate_object_property
FNDA:302925,CodeGenerator::generate_identifier
FNDA:1358,CodeGenerator::generate_array_element
DA:5,59397
DA:6,59397
DA:7,336
DA:8,560
DA:9,233340
DA:10,0
DA:11,1676
DA:12,3352
DA:13,5028
DA:14,1676
DA:19,4721
DA:20,14163
DA:23,466
DA:27,466
DA:28,1398
DA:29,2330
DA:30,1864
DA:31,1864
DA:32,932
DA:34,0
DA:35,0
DA:36,0
DA:37,0
DA:38,0
DA:40,0
DA:41,0
DA:46,302925
DA:47,1211700
DA:48,908775
DA:51,1358
DA:52,1358
DA:53,5432
DA:54,0
LF:33
LH:24
end_of_record
TN:
SF:/Users/forge18/Repos/typedlua/crates/typedlua-core/src/codegen/expressions.rs
FN:14,is_guaranteed_non_nil
FN:31,is_simple_expression
FN:44,simple_binary_op_to_string
FN:73,unary_op_to_string
FN:83,CodeGenerator::is_guaranteed_non_nil
FN:87,CodeGenerator::is_simple_expression
FN:91,CodeGenerator::simple_binary_op_to_string
FN:95,CodeGenerator::unary_op_to_string
FN:99,CodeGenerator::expression_to_string
FN:106,CodeGenerator::generate_expression
FN:526,CodeGenerator::generate_null_coalesce
FN:555,CodeGenerator::generate_match_expression
FN:620,CodeGenerator::generate_pattern_match
FN:668,CodeGenerator::generate_pattern_bindings
FNF:14
FNDA:20,is_guaranteed_non_nil
FNDA:216,is_simple_expression
FNDA:153533,simple_binary_op_to_string
FNDA:46,unary_op_to_string
FNDA:20,CodeGenerator::is_guaranteed_non_nil
FNDA:190,CodeGenerator::is_simple_expression
FNDA:153533,CodeGenerator::simple_binary_op_to_string
FNDA:46,CodeGenerator::unary_op_to_string
FNDA:132,CodeGenerator::expression_to_string
FNDA:533239,CodeGenerator::generate_expression
FNDA:106,CodeGenerator::generate_null_coalesce
FNDA:66,CodeGenerator::generate_match_expression
FNDA:224,CodeGenerator::generate_pattern_match
FNDA:208,CodeGenerator::generate_pattern_bindings
DA:14,20
DA:15,4
DA:16,0
DA:17,0
DA:18,0
DA:19,2
DA:20,4
DA:21,2
DA:22,0
DA:23,0
DA:24,0
DA:25,12
DA:31,216
DA:32,216
DA:33,128
DA:34,6
DA:35,66
DA:36,4
DA:37,8
DA:39,58
DA:44,153533
DA:45,153533
DA:46,89327
DA:47,31900
DA:48,32018
DA:49,20
DA:50,4
DA:51,16
DA:52,96
DA:53,42
DA:54,2
DA:55,34
DA:56,8
DA:57,38
DA:58,6
DA:59,12
DA:60,10
DA:62,0
DA:63,0
DA:64,0
DA:65,0
DA:66,0
DA:67,0
DA:73,46
DA:74,46
DA:75,20
DA:76,20
DA:77,6
DA:78,0
DA:83,20
DA:84,40
DA:87,190
DA:88,380
DA:91,153533
DA:92,307066
DA:95,46
DA:96,92
DA:99,132
DA:100,396
DA:101,396
DA:102,396
DA:106,533239
DA:107,533239
DA:108,237124
DA:109,1211700
DA:110,614820
DA:111,614820
DA:113,138
DA:114,138
DA:116,19080
DA:117,19080
DA:119,13296
DA:120,13296
DA:122,630
DA:123,630
DA:124,630
DA:125,630
DA:126,868
DA:127,286
DA:128,124
DA:130,672
DA:132,630
DA:134,13956
DA:135,13934
DA:136,66
DA:137,110
DA:138,88
DA:139,88
DA:140,110
DA:141,44
DA:143,0
DA:146,27824
DA:147,27824
DA:148,34780
DA:149,13912
DA:152,66
DA:153,88
DA:154,88
DA:155,88
DA:156,44
DA:158,162
DA:159,324
DA:161,1552
DA:163,162
DA:164,408
DA:165,2988
DA:166,2596
DA:167,2476
DA:169,4074
DA:171,408
DA:173,78
DA:175,158
DA:176,66
DA:177,60
DA:178,120
DA:179,120
DA:180,60
DA:182,72
DA:183,144
DA:184,144
DA:185,72
DA:190,78
DA:193,268
DA:194,536
DA:196,746
DA:198,268
DA:199,768
DA:200,1444
DA:201,706
DA:202,480
DA:204,1398
DA:206,768
DA:208,36
DA:210,64
DA:211,26
DA:212,18
DA:213,24
DA:214,30
DA:215,24
DA:216,24
DA:217,24
DA:218,12
DA:220,0
DA:221,0
DA:222,0
DA:223,0
DA:224,0
DA:225,0
DA:227,40
DA:228,80
DA:229,80
DA:230,40
DA:235,36
DA:238,8
DA:239,24
DA:240,32
DA:241,8
DA:242,0
DA:244,24
DA:246,24
DA:247,16
DA:248,24
DA:249,16
DA:250,16
DA:251,24
DA:253,106
DA:254,318
DA:255,388
DA:256,106
DA:257,36
DA:259,264
DA:261,318
DA:262,212
DA:263,106
DA:264,168
DA:265,252
DA:266,336
DA:267,336
DA:268,168
DA:270,44
DA:271,44
DA:274,212
DA:275,212
DA:276,318
DA:278,16
DA:279,16
DA:280,16
DA:281,16
DA:282,16
DA:283,16
DA:284,16
DA:285,8
DA:287,132
DA:288,132
DA:290,168
DA:291,16
DA:292,24
DA:293,24
DA:294,24
DA:295,8
DA:296,24
DA:297,36
DA:298,12
DA:299,4
DA:301,10
DA:302,0
DA:303,0
DA:304,0
DA:306,20
DA:310,24
DA:312,48
DA:313,192
DA:314,192
DA:315,192
DA:316,96
DA:319,0
DA:320,0
DA:322,108
DA:323,216
DA:324,216
DA:325,108
DA:327,0
DA:328,0
DA:331,0
DA:332,0
DA:333,0
DA:335,0
DA:338,44
DA:339,132
DA:340,88
DA:342,132
DA:343,132
DA:345,228
DA:346,92
DA:347,112
DA:348,168
DA:350,72
DA:351,72
DA:356,88
DA:357,132
DA:359,156
DA:360,68
DA:361,24
DA:363,56
DA:365,168
DA:366,168
DA:367,280
DA:368,168
DA:370,142
DA:371,120
DA:372,150
DA:373,60
DA:377,44
DA:378,0
DA:380,132
DA:382,0
DA:383,0
DA:385,152
DA:386,76
DA:387,18
DA:389,8
DA:390,8
DA:391,10
DA:392,4
DA:393,270
DA:394,184
DA:395,184
DA:396,184
DA:397,184
DA:398,184
DA:399,230
DA:400,184
DA:401,92
DA:403,112
DA:404,112
DA:405,112
DA:406,84
DA:407,140
DA:408,112
DA:409,56
DA:412,16
DA:413,8
DA:414,6
DA:416,8
DA:417,8
DA:418,8
DA:419,4
DA:420,24
DA:421,16
DA:422,16
DA:423,16
DA:424,16
DA:425,16
DA:426,16
DA:427,8
DA:429,8
DA:430,8
DA:431,8
DA:432,6
DA:433,8
DA:434,4
DA:437,16
DA:438,8
DA:439,0
DA:441,0
DA:442,0
DA:443,28
DA:444,16
DA:445,16
DA:446,16
DA:447,16
DA:448,8
DA:450,16
DA:451,16
DA:452,8
DA:455,0
DA:456,0
DA:457,0
DA:459,0
DA:460,0
DA:461,0
DA:462,0
DA:463,0
DA:464,0
DA:465,0
DA:466,0
DA:468,0
DA:470,0
DA:471,0
DA:472,0
DA:473,0
DA:474,0
DA:475,0
DA:476,0
DA:477,0
DA:478,0
DA:479,0
DA:480,0
DA:481,0
DA:482,0
DA:484,0
DA:486,0
DA:488,0
DA:489,0
DA:490,0
DA:491,0
DA:492,0
DA:493,0
DA:494,0
DA:495,0
DA:496,0
DA:498,0
DA:500,0
DA:503,12
DA:504,24
DA:505,24
DA:506,24
DA:507,24
DA:508,30
DA:509,24
DA:510,24
DA:511,24
DA:512,24
DA:513,12
DA:515,12
DA:516,16
DA:517,16
DA:518,16
DA:519,16
DA:520,16
DA:521,8
DA:526,106
DA:527,106
DA:528,36
DA:530,12
DA:531,4
DA:534,384
DA:535,312
DA:536,312
DA:537,312
DA:538,312
DA:539,312
DA:540,312
DA:541,156
DA:543,96
DA:544,96
DA:545,96
DA:546,72
DA:547,96
DA:548,96
DA:549,96
DA:550,72
DA:551,48
DA:555,66
DA:556,198
DA:557,198
DA:558,132
DA:560,132
DA:561,198
DA:562,198
DA:563,198
DA:565,424
DA:566,292
DA:567,212
DA:568,132
DA:570,160
DA:573,584
DA:575,170
DA:576,48
DA:577,48
DA:578,24
DA:581,438
DA:582,438
DA:583,292
DA:585,584
DA:587,292
DA:588,146
DA:589,288
DA:590,576
DA:591,576
DA:592,288
DA:594,2
DA:595,14
DA:596,8
DA:598,4
DA:599,6
DA:603,292
DA:606,132
DA:607,198
DA:608,132
DA:609,132
DA:610,198
DA:611,132
DA:612,132
DA:613,198
DA:615,132
DA:616,132
DA:617,198
DA:620,224
DA:621,224
DA:622,34
DA:623,68
DA:625,20
DA:626,40
DA:628,232
DA:629,464
DA:630,464
DA:631,232
DA:633,8
DA:634,24
DA:635,24
DA:636,24
DA:638,44
DA:639,14
DA:640,24
DA:641,48
DA:642,60
DA:643,36
DA:645,2
DA:646,0
DA:650,20
DA:651,80
DA:652,80
DA:653,40
DA:655,26
DA:656,78
DA:657,184
DA:658,106
DA:659,80
DA:661,264
DA:663,78
DA:668,208
DA:669,208
DA:670,40
DA:671,60
DA:672,80
DA:673,100
DA:674,80
DA:675,80
DA:676,80
DA:677,40
DA:679,8
DA:680,44
DA:681,14
DA:682,24
DA:683,60
DA:684,36
DA:686,4
DA:687,6
DA:688,8
DA:689,10
DA:690,8
DA:691,8
DA:692,8
DA:693,8
DA:694,8
DA:695,8
DA:696,4
DA:698,0
DA:702,22
DA:703,86
DA:704,76
DA:705,110
DA:706,88
DA:707,66
DA:709,30
DA:710,40
DA:711,50
DA:712,40
DA:713,40
DA:714,40
DA:715,40
DA:716,40
DA:717,20
DA:721,130
DA:722,28
DA:723,84
DA:724,84
LF:518
LH:440
end_of_record
TN:
SF:/Users/forge18/Repos/typedlua/crates/typedlua-core/src/codegen/mod.rs
FN:49,dedent
FN:141,CodeGenerator::new
FN:164,CodeGenerator::with_output_format
FN:170,CodeGenerator::create_strategy
FN:180,CodeGenerator::resolve
FN:184,CodeGenerator::with_target
FN:190,CodeGenerator::with_source_map
FN:195,CodeGenerator::with_mode
FN:200,CodeGenerator::with_optimization_level
FN:205,CodeGenerator::generate
FN:279,CodeGenerator::generate_bundle
FN:421,CodeGenerator::take_source_map
FN:425,CodeGenerator::write
FN:429,CodeGenerator::writeln
FN:433,CodeGenerator::indent
FN:437,CodeGenerator::dedent
FN:441,CodeGenerator::write_indent
FN:445,CodeGenerator::finalize_module
FN:470,CodeGenerator::finalize_namespace
FN:481,CodeGenerator::get_declaration_name
FNF:20
FNDA:56,dedent
FNDA:1902,CodeGenerator::new
FNDA:70,CodeGenerator::with_output_format
FNDA:2186,CodeGenerator::create_strategy
FNDA:646317,CodeGenerator::resolve
FNDA:284,CodeGenerator::with_target
FNDA:11,CodeGenerator::with_source_map
FNDA:248,CodeGenerator::with_mode
FNDA:610,CodeGenerator::with_optimization_level
FNDA:1870,CodeGenerator::generate
FNDA:8,CodeGenerator::generate_bundle
FNDA:38,CodeGenerator::take_source_map
FNDA:2163765,CodeGenerator::write
FNDA:460870,CodeGenerator::writeln
FNDA:104147,CodeGenerator::indent
FNDA:104147,CodeGenerator::dedent
FNDA:432820,CodeGenerator::write_indent
FNDA:1870,CodeGenerator::finalize_module
FNDA:1870,CodeGenerator::finalize_namespace
FNDA:122,CodeGenerator::get_declaration_name
DA:49,56
DA:50,280
DA:52,112
DA:53,0
DA:56,168
DA:59,336
DA:60,56
DA:63,112
DA:64,2
DA:67,108
DA:69,146
DA:70,184
DA:71,276
DA:72,276
DA:77,162
DA:79,186
DA:80,396
DA:81,264
DA:82,40
DA:83,184
DA:84,184
DA:86,0
DA:91,108
DA:141,1902
DA:142,3804
DA:144,3804
DA:149,3804
DA:151,3804
DA:155,3804
DA:157,3804
DA:159,3804
DA:160,1902
DA:164,70
DA:165,280
DA:166,70
DA:170,2186
DA:171,2186
DA:172,13
DA:173,15
DA:174,178
DA:175,1980
DA:180,646317
DA:181,1938951
DA:184,284
DA:185,284
DA:186,852
DA:187,284
DA:190,11
DA:191,44
DA:192,11
DA:195,248
DA:196,496
DA:197,248
DA:200,610
DA:201,610
DA:202,610
DA:205,1870
DA:207,2258
DA:208,1552
DA:209,776
DA:210,2328
DA:211,776
DA:215,1892
DA:216,44
DA:217,22
DA:221,5610
DA:224,1914
DA:225,44
DA:228,290389
DA:229,192346
DA:233,3740
DA:236,3740
DA:239,1870
DA:240,1437
DA:241,1437
DA:242,1437
DA:243,1437
DA:244,1437
DA:245,958
DA:247,1437
DA:248,479
DA:250,7154
DA:252,9379
DA:253,6675
DA:254,6675
DA:256,958
DA:257,1437
DA:258,1437
DA:261,1437
DA:264,3740
DA:279,8
DA:287,16
DA:290,16
DA:291,20
DA:292,6
DA:293,6
DA:294,6
DA:296,2
DA:298,6
DA:302,464
DA:303,1368
DA:304,644
DA:305,188
DA:310,16
DA:313,8
DA:315,16
DA:316,16
DA:317,16
DA:320,80
DA:321,24
DA:323,80
DA:324,60
DA:325,60
DA:327,20
DA:328,20
DA:331,20
DA:332,20
DA:337,28
DA:338,12
DA:339,8
DA:340,4
DA:341,4
DA:344,88
DA:349,40
DA:351,20
DA:352,20
DA:353,40
DA:354,40
DA:355,40
DA:356,20
DA:360,40
DA:363,20
DA:366,24
DA:367,16
DA:370,80
DA:373,60
DA:376,150
DA:377,210
DA:378,200
DA:380,220
DA:381,220
DA:385,8
DA:386,40
DA:387,40
DA:389,16
DA:391,12
DA:392,16
DA:396,12
DA:397,8
DA:398,8
DA:399,4
DA:400,4
DA:405,40
DA:406,40
DA:410,16
DA:412,8
DA:413,8
DA:416,28
DA:418,8
DA:421,38
DA:422,76
DA:425,2163765
DA:426,6491295
DA:429,460870
DA:430,1382610
DA:433,104147
DA:434,208294
DA:437,104147
DA:438,208294
DA:441,432820
DA:442,865640
DA:445,1870
DA:446,3740
DA:447,88
DA:450,3548
DA:451,48
DA:452,48
DA:454,48
DA:455,64
DA:456,64
DA:457,64
DA:458,64
DA:459,32
DA:462,16
DA:463,0
DA:466,48
DA:470,1870
DA:471,1958
DA:472,176
DA:473,352
DA:474,352
DA:475,352
DA:476,176
DA:481,122
DA:485,122
DA:486,10
DA:487,20
DA:488,10
DA:490,0
DA:493,140
DA:494,24
DA:495,28
DA:496,24
DA:497,4
DA:498,2
LF:205
LH:201
end_of_record
TN:
SF:/Users/forge18/Repos/typedlua/crates/typedlua-core/src/codegen/modules.rs
FN:4,CodeGenerator::generate_import
FN:113,CodeGenerator::generate_export
FN:141,CodeGenerator::generate_re_export
FN:190,CodeGenerator::generate_namespace_declaration
FNF:4
FNDA:50,CodeGenerator::generate_import
FNDA:128,CodeGenerator::generate_export
FNDA:6,CodeGenerator::generate_re_export
FNDA:88,CodeGenerator::generate_namespace_declaration
DA:4,50
DA:5,150
DA:7,20
DA:8,10
DA:9,20
DA:11,10
DA:12,10
DA:14,40
DA:17,50
DA:18,12
DA:19,34
DA:20,68
DA:21,102
DA:22,102
DA:23,102
DA:24,102
DA:25,102
DA:27,68
DA:28,102
DA:29,140
DA:30,38
DA:31,4
DA:33,180
DA:34,144
DA:35,108
DA:37,102
DA:38,140
DA:39,38
DA:40,4
DA:42,108
DA:43,144
DA:44,108
DA:46,102
DA:48,0
DA:49,0
DA:50,0
DA:51,0
DA:52,0
DA:53,0
DA:54,0
DA:55,0
DA:56,0
DA:57,0
DA:59,0
DA:60,0
DA:61,0
DA:62,0
DA:63,0
DA:64,0
DA:65,0
DA:66,0
DA:67,0
DA:68,0
DA:70,8
DA:72,8
DA:73,12
DA:74,12
DA:75,12
DA:76,12
DA:77,12
DA:80,8
DA:81,12
DA:82,16
DA:83,12
DA:84,12
DA:87,4
DA:88,8
DA:89,12
DA:90,24
DA:91,12
DA:92,8
DA:94,40
DA:95,32
DA:96,24
DA:98,12
DA:99,24
DA:100,12
DA:101,8
DA:103,24
DA:104,32
DA:105,24
DA:107,12
DA:113,128
DA:114,128
DA:115,122
DA:116,366
DA:118,484
DA:119,480
DA:122,12
DA:123,18
DA:124,18
DA:126,0
DA:127,0
DA:131,0
DA:132,0
DA:133,0
DA:134,0
DA:135,0
DA:136,0
DA:141,6
DA:146,18
DA:148,4
DA:149,2
DA:150,4
DA:152,2
DA:153,2
DA:155,4
DA:158,12
DA:159,18
DA:160,18
DA:161,18
DA:162,18
DA:163,18
DA:165,12
DA:166,18
DA:167,34
DA:168,10
DA:169,4
DA:171,32
DA:173,18
DA:174,34
DA:175,10
DA:176,4
DA:178,24
DA:180,16
DA:181,8
DA:183,8
DA:184,16
DA:185,32
DA:187,18
DA:190,88
DA:194,264
DA:195,88
DA:197,436
DA:200,176
DA:201,0
DA:204,176
DA:206,176
DA:207,528
DA:209,176
DA:210,440
DA:212,232
DA:213,84
DA:214,168
DA:217,264
LF:145
LH:116
end_of_record
TN:
SF:/Users/forge18/Repos/typedlua/crates/typedlua-core/src/codegen/patterns.rs
FN:5,CodeGenerator::generate_pattern
FN:32,CodeGenerator::generate_array_pattern
FN:51,CodeGenerator::generate_object_pattern
FNF:3
FNDA:230617,CodeGenerator::generate_pattern
FNDA:0,CodeGenerator::generate_array_pattern
FNDA:0,CodeGenerator::generate_object_pattern
DA:5,230617
DA:6,230617
DA:7,461234
DA:8,1153085
DA:9,461234
DA:11,0
DA:12,0
DA:14,0
DA:15,0
DA:17,0
DA:18,0
DA:20,0
DA:21,0
DA:23,0
DA:27,0
DA:32,0
DA:33,0
DA:34,0
DA:35,0
DA:37,0
DA:38,0
DA:39,0
DA:41,0
DA:42,0
DA:44,0
DA:45,0
DA:51,0
DA:52,0
DA:53,0
DA:54,0
DA:56,0
DA:58,0
DA:59,0
DA:60,0
DA:62,0
DA:63,0
DA:64,0
DA:67,0
DA:70,0
DA:71,0
DA:72,0
LF:41
LH:5
end_of_record
TN:
SF:/Users/forge18/Repos/typedlua/crates/typedlua-core/src/codegen/sourcemap.rs
FN:46,SourceMapBuilder::new
FN:60,SourceMapBuilder::new_multi_source
FN:74,SourceMapBuilder::add_source
FN:83,SourceMapBuilder::set_file
FN:87,SourceMapBuilder::set_source_root
FN:91,SourceMapBuilder::add_source_content
FN:96,SourceMapBuilder::add_mapping
FN:101,SourceMapBuilder::add_mapping_with_source
FN:127,SourceMapBuilder::advance
FN:139,SourceMapBuilder::build
FN:154,SourceMapBuilder::current_position
FN:161,SourceMapBuilder::merge_mappings_from
FN:189,SourceMapBuilder::encode_mappings
FN:245,SourceMapBuilder::encode_vlq
FN:278,SourceMap::to_json
FN:283,SourceMap::to_data_uri
FN:294,SourceMap::to_comment
FNF:17
FNDA:27,SourceMapBuilder::new
FNDA:2,SourceMapBuilder::new_multi_source
FNDA:0,SourceMapBuilder::add_source
FNDA:4,SourceMapBuilder::set_file
FNDA:0,SourceMapBuilder::set_source_root
FNDA:2,SourceMapBuilder::add_source_content
FNDA:18,SourceMapBuilder::add_mapping
FNDA:22,SourceMapBuilder::add_mapping_with_source
FNDA:308,SourceMapBuilder::advance
FNDA:17,SourceMapBuilder::build
FNDA:4,SourceMapBuilder::current_position
FNDA:4,SourceMapBuilder::merge_mappings_from
FNDA:17,SourceMapBuilder::encode_mappings
FNDA:122,SourceMapBuilder::encode_vlq
FNDA:7,SourceMap::to_json
FNDA:6,SourceMap::to_data_uri
FNDA:4,SourceMap::to_comment
DA:46,27
DA:50,81
DA:51,54
DA:52,27
DA:53,27
DA:60,2
DA:65,4
DA:66,2
DA:67,2
DA:74,0
DA:75,0
DA:76,0
DA:78,0
DA:79,0
DA:83,4
DA:84,8
DA:87,0
DA:88,0
DA:91,2
DA:92,6
DA:96,18
DA:97,72
DA:101,22
DA:107,78
DA:108,40
DA:109,4
DA:111,24
DA:112,8
DA:116,66
DA:117,44
DA:118,44
DA:119,44
DA:120,44
DA:121,22
DA:122,22
DA:127,308
DA:128,2985
DA:129,2489
DA:130,120
DA:131,120
DA:133,2249
DA:139,17
DA:140,51
DA:144,34
DA:145,34
DA:146,34
DA:147,34
DA:148,17
DA:154,4
DA:155,4
DA:161,4
DA:168,4
DA:169,0
DA:170,0
DA:175,0
DA:177,0
DA:178,0
DA:179,0
DA:180,0
DA:181,0
DA:182,0
DA:183,0
DA:189,17
DA:190,34
DA:191,34
DA:192,34
DA:193,34
DA:194,34
DA:195,34
DA:196,34
DA:198,61
DA:200,166
DA:201,216
DA:202,72
DA:203,72
DA:206,44
DA:207,8
DA:214,44
DA:215,66
DA:216,22
DA:219,44
DA:220,66
DA:221,22
DA:224,44
DA:225,66
DA:226,22
DA:229,44
DA:230,66
DA:231,22
DA:234,46
DA:235,36
DA:236,36
DA:237,12
DA:241,17
DA:245,122
DA:249,244
DA:250,8
DA:252,114
DA:255,244
DA:258,256
DA:259,128
DA:261,134
DA:262,6
DA:265,384
DA:267,128
DA:268,122
DA:272,122
DA:278,7
DA:279,14
DA:283,6
DA:284,18
DA:285,6
DA:286,24
DA:287,6
DA:288,6
DA:289,6
DA:294,4
DA:295,12
DA:296,4
LF:119
LH:102
end_of_record
TN:
SF:/Users/forge18/Repos/typedlua/crates/typedlua-core/src/codegen/statements.rs
FN:8,CodeGenerator::generate_statement
FN:59,CodeGenerator::generate_variable_declaration
FN:106,CodeGenerator::generate_array_destructuring
FN:172,CodeGenerator::generate_object_destructuring
FN:226,CodeGenerator::generate_function_declaration
FN:282,CodeGenerator::generate_if_statement
FN:313,CodeGenerator::generate_while_statement
FN:325,CodeGenerator::generate_for_statement
FN:374,CodeGenerator::generate_repeat_statement
FN:386,CodeGenerator::generate_return_statement
FN:401,CodeGenerator::generate_block
FN:407,CodeGenerator::generate_throw_statement
FN:417,CodeGenerator::generate_rethrow_statement
FN:422,CodeGenerator::generate_try_statement
FN:448,CodeGenerator::generate_try_pcall
FN:479,CodeGenerator::generate_try_xpcall
FN:538,CodeGenerator::generate_catch_clause_pcall
FN:565,CodeGenerator::generate_catch_clause_xpcall
FN:587,CodeGenerator::generate_finally_block
FNF:19
FNDA:290349,CodeGenerator::generate_statement
FNDA:102605,CodeGenerator::generate_variable_declaration
FNDA:26,CodeGenerator::generate_array_destructuring
FNDA:24,CodeGenerator::generate_object_destructuring
FNDA:88072,CodeGenerator::generate_function_declaration
FNDA:90,CodeGenerator::generate_if_statement
FNDA:22,CodeGenerator::generate_while_statement
FNDA:26,CodeGenerator::generate_for_statement
FNDA:8,CodeGenerator::generate_repeat_statement
FNDA:89138,CodeGenerator::generate_return_statement
FNDA:93760,CodeGenerator::generate_block
FNDA:90,CodeGenerator::generate_throw_statement
FNDA:6,CodeGenerator::generate_rethrow_statement
FNDA:60,CodeGenerator::generate_try_statement
FNDA:22,CodeGenerator::generate_try_pcall
FNDA:38,CodeGenerator::generate_try_xpcall
FNDA:22,CodeGenerator::generate_catch_clause_pcall
FNDA:34,CodeGenerator::generate_catch_clause_xpcall
FNDA:8,CodeGenerator::generate_finally_block
DA:8,290349
DA:9,290349
DA:10,410420
DA:11,352288
DA:12,360
DA:13,88
DA:14,104
DA:15,32
DA:16,356552
DA:17,0
DA:18,0
DA:19,0
DA:21,0
DA:22,0
DA:23,0
DA:25,10242
DA:26,15363
DA:27,20484
DA:28,10242
DA:30,72
DA:31,9520
DA:32,188
DA:33,112
DA:34,8900
DA:35,200
DA:36,512
DA:41,6
DA:42,360
DA:43,240
DA:44,24
DA:45,352
DA:46,0
DA:47,0
DA:48,0
DA:49,0
DA:51,0
DA:52,0
DA:53,0
DA:54,0
DA:59,102605
DA:60,102605
DA:61,102563
DA:63,307689
DA:64,410252
DA:65,410252
DA:66,410252
DA:67,410252
DA:68,205126
DA:70,44
DA:72,66
DA:73,88
DA:74,88
DA:75,88
DA:76,66
DA:78,40
DA:80,60
DA:81,80
DA:82,80
DA:83,80
DA:84,60
DA:86,0
DA:88,0
DA:89,0
DA:90,0
DA:91,0
DA:93,0
DA:97,0
DA:98,0
DA:99,0
DA:100,0
DA:106,26
DA:107,52
DA:109,172
DA:110,74
DA:111,70
DA:112,70
DA:113,140
DA:114,210
DA:115,280
DA:116,350
DA:117,280
DA:118,280
DA:119,140
DA:121,0
DA:123,0
DA:124,0
DA:125,0
DA:126,0
DA:127,0
DA:128,0
DA:129,0
DA:131,0
DA:133,0
DA:134,0
DA:135,0
DA:136,0
DA:137,0
DA:138,0
DA:139,0
DA:141,0
DA:144,0
DA:149,70
DA:151,2
DA:153,4
DA:154,6
DA:155,8
DA:156,6
DA:157,6
DA:158,6
DA:159,6
DA:160,6
DA:161,2
DA:163,2
DA:165,2
DA:172,24
DA:173,100
DA:174,152
DA:176,54
DA:178,16
DA:179,16
DA:180,24
DA:181,32
DA:182,40
DA:183,32
DA:184,32
DA:185,16
DA:187,8
DA:189,16
DA:190,12
DA:191,16
DA:192,16
DA:193,16
DA:194,16
DA:195,12
DA:197,8
DA:199,16
DA:200,12
DA:201,16
DA:202,16
DA:203,16
DA:204,16
DA:205,12
DA:207,0
DA:210,0
DA:217,66
DA:218,88
DA:219,88
DA:220,88
DA:221,44
DA:226,88072
DA:227,176144
DA:228,264216
DA:229,352288
DA:230,264216
DA:231,264216
DA:233,264216
DA:235,409140
DA:236,116498
DA:238,42
DA:239,8
DA:241,114
DA:243,106
DA:244,34
DA:247,148391
DA:248,63862
DA:250,349380
DA:254,264216
DA:255,176144
DA:258,88140
DA:259,102
DA:260,136
DA:261,170
DA:262,136
DA:263,68
DA:266,264216
DA:267,176144
DA:268,176144
DA:269,264216
DA:272,88204
DA:273,264
DA:274,132
DA:275,330
DA:277,198
DA:278,198
DA:282,90
DA:283,180
DA:284,270
DA:285,270
DA:286,270
DA:287,180
DA:288,270
DA:289,180
DA:291,120
DA:292,30
DA:293,40
DA:294,40
DA:295,40
DA:296,30
DA:297,40
DA:298,10
DA:301,126
DA:302,54
DA:303,72
DA:304,54
DA:305,72
DA:306,18
DA:309,180
DA:310,270
DA:313,22
DA:314,44
DA:315,66
DA:316,66
DA:317,66
DA:318,44
DA:319,66
DA:320,44
DA:321,44
DA:322,66
DA:325,26
DA:326,26
DA:327,22
DA:328,44
DA:329,66
DA:330,88
DA:331,66
DA:332,66
DA:333,66
DA:334,66
DA:335,66
DA:336,26
DA:337,8
DA:338,4
DA:340,66
DA:341,44
DA:342,66
DA:343,44
DA:344,44
DA:345,66
DA:347,4
DA:348,8
DA:349,12
DA:350,16
DA:351,4
DA:352,0
DA:354,16
DA:355,12
DA:357,12
DA:358,16
DA:359,4
DA:360,0
DA:362,12
DA:364,12
DA:365,8
DA:366,12
DA:367,8
DA:368,8
DA:369,12
DA:374,8
DA:375,16
DA:376,24
DA:377,16
DA:378,24
DA:379,16
DA:380,16
DA:381,24
DA:382,24
DA:383,24
DA:386,89138
DA:387,178276
DA:388,267414
DA:389,89138
DA:390,267414
DA:391,356552
DA:392,89138
DA:393,0
DA:395,267414
DA:398,267414
DA:401,93760
DA:402,675910
DA:403,388100
DA:407,90
DA:411,180
DA:412,270
DA:413,270
DA:414,270
DA:417,6
DA:418,12
DA:419,18
DA:422,60
DA:423,120
DA:424,180
DA:426,240
DA:427,40
DA:428,60
DA:434,180
DA:435,160
DA:436,104
DA:437,60
DA:441,130
DA:442,76
DA:444,44
DA:448,22
DA:449,44
DA:450,66
DA:452,44
DA:453,66
DA:454,44
DA:456,44
DA:457,66
DA:459,44
DA:460,66
DA:462,44
DA:463,44
DA:464,66
DA:466,110
DA:467,110
DA:469,44
DA:471,44
DA:472,66
DA:474,22
DA:475,0
DA:479,38
DA:480,76
DA:481,114
DA:482,76
DA:483,114
DA:485,76
DA:486,114
DA:487,76
DA:489,76
DA:490,114
DA:492,152
DA:493,18
DA:494,38
DA:500,60
DA:501,38
DA:503,16
DA:505,50
DA:506,24
DA:508,78
DA:509,52
DA:510,52
DA:511,78
DA:513,128
DA:514,68
DA:517,52
DA:518,52
DA:519,78
DA:522,50
DA:523,36
DA:524,48
DA:525,36
DA:526,24
DA:529,176
DA:530,92
DA:533,54
DA:534,16
DA:538,22
DA:543,44
DA:544,22
DA:545,0
DA:546,0
DA:547,66
DA:551,44
DA:552,44
DA:553,44
DA:555,0
DA:558,44
DA:559,44
DA:560,66
DA:561,66
DA:562,44
DA:565,34
DA:569,68
DA:570,6
DA:571,28
DA:572,0
DA:573,102
DA:577,68
DA:578,102
DA:579,68
DA:580,68
DA:581,102
DA:582,68
DA:583,68
DA:584,102
DA:587,8
DA:588,16
DA:589,24
DA:590,24
LF:390
LH:338
end_of_record
TN:
SF:/Users/forge18/Repos/typedlua/crates/typedlua-core/src/codegen/strategies/lua51.rs
FN:12,<impl CodeGenStrategy for Lua51Strategy>::name
FN:16,<impl CodeGenStrategy for Lua51Strategy>::generate_bitwise_op
FN:29,<impl CodeGenStrategy for Lua51Strategy>::generate_integer_divide
FN:33,<impl CodeGenStrategy for Lua51Strategy>::generate_continue
FN:37,<impl CodeGenStrategy for Lua51Strategy>::generate_unary_bitwise_not
FN:41,<impl CodeGenStrategy for Lua51Strategy>::emit_preamble
FN:45,<impl CodeGenStrategy for Lua51Strategy>::supports_native_bitwise
FN:49,<impl CodeGenStrategy for Lua51Strategy>::supports_native_integer_divide
FNF:8
FNDA:2,<impl CodeGenStrategy for Lua51Strategy>::name
FNDA:22,<impl CodeGenStrategy for Lua51Strategy>::generate_bitwise_op
FNDA:6,<impl CodeGenStrategy for Lua51Strategy>::generate_integer_divide
FNDA:0,<impl CodeGenStrategy for Lua51Strategy>::generate_continue
FNDA:2,<impl CodeGenStrategy for Lua51Strategy>::generate_unary_bitwise_not
FNDA:13,<impl CodeGenStrategy for Lua51Strategy>::emit_preamble
FNDA:2,<impl CodeGenStrategy for Lua51Strategy>::supports_native_bitwise
FNDA:2,<impl CodeGenStrategy for Lua51Strategy>::supports_native_integer_divide
DA:12,2
DA:13,2
DA:16,22
DA:17,44
DA:18,4
DA:19,6
DA:20,4
DA:21,4
DA:22,4
DA:26,44
DA:29,6
DA:30,12
DA:33,0
DA:34,0
DA:37,2
DA:38,4
DA:41,13
DA:42,13
DA:45,2
DA:46,2
DA:49,2
DA:50,2
LF:22
LH:20
end_of_record
TN:
SF:/Users/forge18/Repos/typedlua/crates/typedlua-core/src/codegen/strategies/lua52.rs
FN:12,<impl CodeGenStrategy for Lua52Strategy>::name
FN:16,<impl CodeGenStrategy for Lua52Strategy>::generate_bitwise_op
FN:29,<impl CodeGenStrategy for Lua52Strategy>::generate_integer_divide
FN:33,<impl CodeGenStrategy for Lua52Strategy>::generate_continue
FN:37,<impl CodeGenStrategy for Lua52Strategy>::generate_unary_bitwise_not
FN:41,<impl CodeGenStrategy for Lua52Strategy>::emit_preamble
FN:45,<impl CodeGenStrategy for Lua52Strategy>::supports_native_bitwise
FN:49,<impl CodeGenStrategy for Lua52Strategy>::supports_native_integer_divide
FNF:8
FNDA:0,<impl CodeGenStrategy for Lua52Strategy>::name
FNDA:22,<impl CodeGenStrategy for Lua52Strategy>::generate_bitwise_op
FNDA:4,<impl CodeGenStrategy for Lua52Strategy>::generate_integer_divide
FNDA:0,<impl CodeGenStrategy for Lua52Strategy>::generate_continue
FNDA:0,<impl CodeGenStrategy for Lua52Strategy>::generate_unary_bitwise_not
FNDA:13,<impl CodeGenStrategy for Lua52Strategy>::emit_preamble
FNDA:0,<impl CodeGenStrategy for Lua52Strategy>::supports_native_bitwise
FNDA:0,<impl CodeGenStrategy for Lua52Strategy>::supports_native_integer_divide
DA:12,0
DA:13,0
DA:16,22
DA:17,44
DA:18,6
DA:19,4
DA:20,4
DA:21,4
DA:22,4
DA:26,44
DA:29,4
DA:30,8
DA:33,0
DA:34,0
DA:37,0
DA:38,0
DA:41,13
DA:42,13
DA:45,0
DA:46,0
DA:49,0
DA:50,0
LF:22
LH:12
end_of_record
TN:
SF:/Users/forge18/Repos/typedlua/crates/typedlua-core/src/codegen/strategies/lua53.rs
FN:12,<impl CodeGenStrategy for Lua53Strategy>::name
FN:16,<impl CodeGenStrategy for Lua53Strategy>::generate_bitwise_op
FN:29,<impl CodeGenStrategy for Lua53Strategy>::generate_integer_divide
FN:33,<impl CodeGenStrategy for Lua53Strategy>::generate_continue
FN:37,<impl CodeGenStrategy for Lua53Strategy>::generate_unary_bitwise_not
FN:41,<impl CodeGenStrategy for Lua53Strategy>::emit_preamble
FN:45,<impl CodeGenStrategy for Lua53Strategy>::supports_native_bitwise
FN:49,<impl CodeGenStrategy for Lua53Strategy>::supports_native_integer_divide
FNF:8
FNDA:0,<impl CodeGenStrategy for Lua53Strategy>::name
FNDA:34,<impl CodeGenStrategy for Lua53Strategy>::generate_bitwise_op
FNDA:6,<impl CodeGenStrategy for Lua53Strategy>::generate_integer_divide
FNDA:0,<impl CodeGenStrategy for Lua53Strategy>::generate_continue
FNDA:2,<impl CodeGenStrategy for Lua53Strategy>::generate_unary_bitwise_not
FNDA:174,<impl CodeGenStrategy for Lua53Strategy>::emit_preamble
FNDA:2,<impl CodeGenStrategy for Lua53Strategy>::supports_native_bitwise
FNDA:2,<impl CodeGenStrategy for Lua53Strategy>::supports_native_integer_divide
DA:12,0
DA:13,0
DA:16,34
DA:17,68
DA:18,8
DA:19,6
DA:20,4
DA:21,8
DA:22,8
DA:26,68
DA:29,6
DA:30,12
DA:33,0
DA:34,0
DA:37,2
DA:38,4
DA:41,174
DA:42,174
DA:45,2
DA:46,2
DA:49,2
DA:50,2
LF:22
LH:18
end_of_record
TN:
SF:/Users/forge18/Repos/typedlua/crates/typedlua-core/src/codegen/strategies/lua54.rs
FN:13,<impl CodeGenStrategy for Lua54Strategy>::name
FN:17,<impl CodeGenStrategy for Lua54Strategy>::generate_bitwise_op
FN:30,<impl CodeGenStrategy for Lua54Strategy>::generate_integer_divide
FN:34,<impl CodeGenStrategy for Lua54Strategy>::generate_continue
FN:38,<impl CodeGenStrategy for Lua54Strategy>::generate_unary_bitwise_not
FN:42,<impl CodeGenStrategy for Lua54Strategy>::emit_preamble
FN:46,<impl CodeGenStrategy for Lua54Strategy>::supports_native_bitwise
FN:50,<impl CodeGenStrategy for Lua54Strategy>::supports_native_integer_divide
FNF:8
FNDA:0,<impl CodeGenStrategy for Lua54Strategy>::name
FNDA:0,<impl CodeGenStrategy for Lua54Strategy>::generate_bitwise_op
FNDA:2,<impl CodeGenStrategy for Lua54Strategy>::generate_integer_divide
FNDA:0,<impl CodeGenStrategy for Lua54Strategy>::generate_continue
FNDA:0,<impl CodeGenStrategy for Lua54Strategy>::generate_unary_bitwise_not
FNDA:1672,<impl CodeGenStrategy for Lua54Strategy>::emit_preamble
FNDA:0,<impl CodeGenStrategy for Lua54Strategy>::supports_native_bitwise
FNDA:0,<impl CodeGenStrategy for Lua54Strategy>::supports_native_integer_divide
DA:13,0
DA:14,0
DA:17,0
DA:18,0
DA:19,0
DA:20,0
DA:21,0
DA:22,0
DA:23,0
DA:27,0
DA:30,2
DA:31,4
DA:34,0
DA:35,0
DA:38,0
DA:39,0
DA:42,1672
DA:43,1672
DA:46,0
DA:47,0
DA:50,0
DA:51,0
LF:22
LH:4
end_of_record
TN:
SF:/Users/forge18/Repos/typedlua/crates/typedlua-core/src/codegen/traits/emit.rs
FN:31,<impl MaybeEmit for Option<T>>::maybe_emit
FN:39,<impl MaybeEmit for &T>::maybe_emit
FN:45,<impl MaybeEmit for &Option<T>>::maybe_emit
FN:53,emit_list
FN:63,emit_list_lines
FN:71,emit_comma_list
FN:81,emit_block
FNF:7
FNDA:0,<impl MaybeEmit for Option<T>>::maybe_emit
FNDA:0,<impl MaybeEmit for &T>::maybe_emit
FNDA:0,<impl MaybeEmit for &Option<T>>::maybe_emit
FNDA:0,emit_list
FNDA:0,emit_list_lines
FNDA:0,emit_comma_list
FNDA:0,emit_block
DA:31,0
DA:32,0
DA:33,0
DA:39,0
DA:40,0
DA:45,0
DA:46,0
DA:47,0
DA:53,0
DA:54,0
DA:55,0
DA:56,0
DA:58,0
DA:63,0
DA:64,0
DA:65,0
DA:66,0
DA:71,0
DA:72,0
DA:73,0
DA:74,0
DA:76,0
DA:81,0
DA:85,0
DA:86,0
DA:87,0
DA:88,0
LF:27
LH:0
end_of_record
TN:
SF:/Users/forge18/Repos/typedlua/crates/typedlua-core/src/di.rs
FN:23,Container::new
FN:40,Container::with_dependencies
FN:55,Container::config
FN:60,Container::diagnostic_handler
FN:65,Container::file_system
FN:70,Container::has_errors
FN:75,Container::error_count
FN:80,Container::warning_count
FN:91,Container::compile
FN:103,Container::compile_with_optimization
FN:150,Container::compile_with_stdlib
FN:162,Container::compile_with_stdlib_and_optimization
FNF:12
FNDA:177,Container::new
FNDA:2,Container::with_dependencies
FNDA:2,Container::config
FNDA:2,Container::diagnostic_handler
FNDA:150,Container::file_system
FNDA:4,Container::has_errors
FNDA:4,Container::error_count
FNDA:0,Container::warning_count
FNDA:60,Container::compile
FNDA:60,Container::compile_with_optimization
FNDA:18,Container::compile_with_stdlib
FNDA:68,Container::compile_with_stdlib_and_optimization
DA:23,177
DA:24,531
DA:26,531
DA:27,177
DA:30,531
DA:40,2
DA:45,6
DA:55,2
DA:56,2
DA:60,2
DA:61,2
DA:65,150
DA:66,150
DA:70,4
DA:71,4
DA:75,4
DA:76,4
DA:80,0
DA:81,0
DA:91,60
DA:92,240
DA:103,60
DA:108,60
DA:109,120
DA:110,180
DA:111,180
DA:112,180
DA:114,300
DA:115,120
DA:117,60
DA:119,360
DA:120,120
DA:122,60
DA:124,300
DA:125,60
DA:126,120
DA:127,60
DA:129,360
DA:130,120
DA:131,0
DA:132,0
DA:133,0
DA:137,240
DA:138,240
DA:140,60
DA:150,18
DA:151,72
DA:162,68
DA:167,68
DA:168,136
DA:169,204
DA:170,204
DA:171,204
DA:173,340
DA:174,136
DA:176,68
DA:178,408
DA:179,136
DA:181,68
DA:183,68
DA:184,272
DA:185,68
DA:186,68
DA:187,136
DA:188,68
DA:190,408
DA:191,136
DA:192,0
DA:193,0
DA:194,0
DA:198,272
DA:199,272
DA:201,68
LF:73
LH:65
end_of_record
TN:
SF:/Users/forge18/Repos/typedlua/crates/typedlua-core/src/optimizer/aggressive_inlining.rs
FN:39,<impl Default for AggressiveInliningPass>::default
FN:54,AggressiveInliningPass::new
FN:63,<impl OptimizationPass for AggressiveInliningPass>::name
FN:67,<impl OptimizationPass for AggressiveInliningPass>::min_level
FN:71,<impl OptimizationPass for AggressiveInliningPass>::run
FN:89,AggressiveInliningPass::collect_functions
FN:95,AggressiveInliningPass::collect_functions_in_stmt
FN:136,AggressiveInliningPass::detect_hot_paths
FN:142,AggressiveInliningPass::detect_hot_paths_in_stmt
FN:191,AggressiveInliningPass::detect_calls_in_block
FN:197,AggressiveInliningPass::detect_calls_in_expr
FN:298,AggressiveInliningPass::inline_in_statement
FN:417,AggressiveInliningPass::inline_in_block
FN:427,AggressiveInliningPass::inline_in_expression
FN:544,AggressiveInliningPass::try_inline_call
FN:573,AggressiveInliningPass::find_function_definition
FN:577,AggressiveInliningPass::count_statements
FN:581,AggressiveInliningPass::would_exceed_bloat_guard
FN:589,AggressiveInliningPass::is_aggressively_inlinable
FN:609,AggressiveInliningPass::is_recursive
FN:618,AggressiveInliningPass::contains_call_to
FN:664,AggressiveInliningPass::expr_contains_call_to
FN:761,AggressiveInliningPass::has_complex_control_flow
FN:770,AggressiveInliningPass::stmt_has_complex_flow
FN:793,AggressiveInliningPass::block_has_multiple_returns
FN:806,AggressiveInliningPass::count_closure_statements
FN:810,AggressiveInliningPass::count_closures_in_block
FN:818,AggressiveInliningPass::count_closures_in_stmt
FN:861,AggressiveInliningPass::count_closures_in_expr
FN:946,AggressiveInliningPass::inline_call
FN:974,AggressiveInliningPass::create_parameter_substitution
FN:989,AggressiveInliningPass::unreachable_interner
FN:993,AggressiveInliningPass::create_temp_variable
FN:1006,AggressiveInliningPass::has_return_value
FN:1017,AggressiveInliningPass::inline_statement
FN:1077,AggressiveInliningPass::inline_expression
FNF:36
FNDA:558,<impl Default for AggressiveInliningPass>::default
FNDA:558,AggressiveInliningPass::new
FNDA:6,<impl OptimizationPass for AggressiveInliningPass>::name
FNDA:804,<impl OptimizationPass for AggressiveInliningPass>::min_level
FNDA:176,<impl OptimizationPass for AggressiveInliningPass>::run
FNDA:176,AggressiveInliningPass::collect_functions
FNDA:4892,AggressiveInliningPass::collect_functions_in_stmt
FNDA:176,AggressiveInliningPass::detect_hot_paths
FNDA:4892,AggressiveInliningPass::detect_hot_paths_in_stmt
FNDA:8,AggressiveInliningPass::detect_calls_in_block
FNDA:8338,AggressiveInliningPass::detect_calls_in_expr
FNDA:4892,AggressiveInliningPass::inline_in_statement
FNDA:12,AggressiveInliningPass::inline_in_block
FNDA:28,AggressiveInliningPass::inline_in_expression
FNDA:2170,AggressiveInliningPass::try_inline_call
FNDA:14,AggressiveInliningPass::find_function_definition
FNDA:2,AggressiveInliningPass::count_statements
FNDA:2,AggressiveInliningPass::would_exceed_bloat_guard
FNDA:8,AggressiveInliningPass::is_aggressively_inlinable
FNDA:6,AggressiveInliningPass::is_recursive
FNDA:16,AggressiveInliningPass::contains_call_to
FNDA:32,AggressiveInliningPass::expr_contains_call_to
FNDA:6,AggressiveInliningPass::has_complex_control_flow
FNDA:12,AggressiveInliningPass::stmt_has_complex_flow
FNDA:4,AggressiveInliningPass::block_has_multiple_returns
FNDA:6,AggressiveInliningPass::count_closure_statements
FNDA:10,AggressiveInliningPass::count_closures_in_block
FNDA:16,AggressiveInliningPass::count_closures_in_stmt
FNDA:54,AggressiveInliningPass::count_closures_in_expr
FNDA:2,AggressiveInliningPass::inline_call
FNDA:2,AggressiveInliningPass::create_parameter_substitution
FNDA:0,AggressiveInliningPass::unreachable_interner
FNDA:2,AggressiveInliningPass::create_temp_variable
FNDA:2,AggressiveInliningPass::has_return_value
FNDA:4,AggressiveInliningPass::inline_statement
FNDA:8,AggressiveInliningPass::inline_expression
DA:39,558
DA:46,1116
DA:48,558
DA:54,558
DA:56,558
DA:63,6
DA:64,6
DA:67,804
DA:68,804
DA:71,176
DA:72,176
DA:73,352
DA:74,352
DA:76,528
DA:77,528
DA:79,352
DA:80,8474
DA:81,5532
DA:84,176
DA:89,176
DA:90,8474
DA:91,5532
DA:95,4892
DA:96,4892
DA:97,2498
DA:98,12490
DA:99,8864
DA:100,4244
DA:103,4
DA:104,16
DA:105,8
DA:107,4
DA:108,0
DA:109,0
DA:112,4
DA:113,0
DA:114,0
DA:118,0
DA:119,0
DA:120,0
DA:123,8
DA:124,16
DA:125,16
DA:126,0
DA:128,8
DA:129,0
DA:132,2382
DA:136,176
DA:137,8474
DA:138,8298
DA:142,4892
DA:143,4892
DA:144,0
DA:145,0
DA:146,0
DA:148,8
DA:149,16
DA:150,16
DA:151,0
DA:153,24
DA:154,32
DA:156,4
DA:157,16
DA:158,12
DA:160,4
DA:161,0
DA:162,0
DA:165,4
DA:166,0
DA:167,0
DA:171,2498
DA:172,8864
DA:173,6366
DA:176,36
DA:177,54
DA:179,96
DA:180,144
DA:182,2104
DA:183,8416
DA:184,6312
DA:187,212
DA:191,8
DA:192,8
DA:193,0
DA:197,8338
DA:198,8338
DA:199,52
DA:200,42
DA:201,48
DA:202,0
DA:205,104
DA:206,92
DA:207,66
DA:210,0
DA:211,0
DA:212,0
DA:213,0
DA:214,0
DA:217,9138
DA:218,15230
DA:219,9138
DA:221,0
DA:222,0
DA:223,0
DA:224,0
DA:225,0
DA:227,0
DA:228,0
DA:229,0
DA:231,0
DA:232,0
DA:233,0
DA:234,0
DA:235,0
DA:236,0
DA:237,0
DA:242,0
DA:243,0
DA:244,0
DA:245,0
DA:248,0
DA:249,0
DA:250,0
DA:251,0
DA:255,28
DA:256,56
DA:257,26
DA:258,12
DA:261,0
DA:262,0
DA:263,0
DA:265,0
DA:266,0
DA:267,0
DA:269,0
DA:270,0
DA:271,0
DA:272,0
DA:274,0
DA:275,0
DA:276,0
DA:277,0
DA:280,0
DA:281,0
DA:282,0
DA:283,0
DA:286,0
DA:287,50
DA:288,0
DA:289,0
DA:290,0
DA:292,5242
DA:298,4892
DA:299,4892
DA:300,2498
DA:301,4996
DA:302,8864
DA:303,4244
DA:305,2498
DA:307,4
DA:308,16
DA:309,8
DA:310,4
DA:311,0
DA:312,0
DA:314,4
DA:315,0
DA:317,4
DA:319,0
DA:320,0
DA:321,0
DA:322,0
DA:324,16
DA:325,8
DA:326,32
DA:327,16
DA:328,8
DA:329,0
DA:331,16
DA:332,8
DA:334,0
DA:335,0
DA:336,0
DA:337,0
DA:339,0
DA:340,0
DA:343,48
DA:344,98
DA:345,2
DA:346,0
DA:347,2
DA:348,4
DA:349,4
DA:350,4
DA:351,2
DA:352,6
DA:353,8
DA:354,2
DA:356,2
DA:358,2
DA:362,46
DA:365,18
DA:366,36
DA:367,0
DA:368,0
DA:369,0
DA:370,0
DA:371,0
DA:372,0
DA:373,0
DA:375,0
DA:379,18
DA:382,2104
DA:383,4208
DA:384,4208
DA:386,6312
DA:387,4208
DA:388,0
DA:389,0
DA:390,0
DA:392,0
DA:394,0
DA:397,0
DA:398,0
DA:399,0
DA:400,0
DA:401,0
DA:403,0
DA:405,0
DA:406,0
DA:411,2104
DA:413,212
DA:417,12
DA:418,24
DA:419,24
DA:420,36
DA:421,12
DA:422,4
DA:424,12
DA:427,28
DA:428,28
DA:429,0
DA:430,0
DA:431,0
DA:432,0
DA:434,0
DA:435,0
DA:437,0
DA:439,0
DA:440,0
DA:441,0
DA:442,0
DA:444,0
DA:446,12
DA:447,16
DA:448,8
DA:449,4
DA:451,0
DA:452,0
DA:453,0
DA:454,0
DA:455,0
DA:456,0
DA:458,0
DA:459,0
DA:460,0
DA:461,0
DA:463,0
DA:464,0
DA:465,0
DA:466,0
DA:467,0
DA:468,0
DA:470,0
DA:471,0
DA:475,0
DA:477,0
DA:478,0
DA:479,0
DA:480,0
DA:481,0
DA:484,0
DA:485,0
DA:486,0
DA:488,0
DA:489,0
DA:492,0
DA:494,0
DA:495,0
DA:496,0
DA:497,0
DA:499,0
DA:501,0
DA:502,0
DA:503,0
DA:504,0
DA:506,0
DA:507,0
DA:508,0
DA:509,0
DA:511,0
DA:512,0
DA:513,0
DA:514,0
DA:515,0
DA:517,0
DA:518,0
DA:519,0
DA:520,0
DA:522,0
DA:524,0
DA:525,0
DA:526,0
DA:527,0
DA:529,0
DA:531,0
DA:532,0
DA:533,0
DA:534,0
DA:535,0
DA:536,0
DA:538,24
DA:544,2170
DA:545,2218
DA:546,38
DA:547,36
DA:548,32
DA:549,8
DA:550,12
DA:551,4
DA:552,6
DA:553,8
DA:554,0
DA:557,2
DA:558,0
DA:559,0
DA:561,4
DA:562,2
DA:565,2
DA:570,2168
DA:573,14
DA:574,42
DA:577,2
DA:578,4
DA:581,2
DA:582,2
DA:583,0
DA:585,4
DA:586,2
DA:589,8
DA:590,16
DA:591,2
DA:593,12
DA:594,0
DA:596,18
DA:597,0
DA:599,24
DA:600,6
DA:601,0
DA:603,32
DA:604,4
DA:606,2
DA:609,6
DA:610,26
DA:611,48
DA:612,4
DA:615,2
DA:618,16
DA:619,16
DA:620,0
DA:621,10
DA:622,20
DA:623,10
DA:625,50
DA:626,4
DA:627,16
DA:628,4
DA:629,4
DA:630,4
DA:631,4
DA:632,20
DA:633,8
DA:634,0
DA:635,0
DA:636,0
DA:637,0
DA:638,0
DA:639,0
DA:641,12
DA:642,0
DA:645,0
DA:646,0
DA:647,0
DA:648,0
DA:649,0
DA:650,0
DA:651,0
DA:653,0
DA:654,0
DA:655,0
DA:656,0
DA:658,0
DA:660,0
DA:664,32
DA:665,32
DA:666,8
DA:667,8
DA:668,4
DA:669,4
DA:672,0
DA:673,0
DA:674,0
DA:675,0
DA:677,0
DA:678,0
DA:679,0
DA:681,0
DA:682,0
DA:683,0
DA:684,0
DA:686,16
DA:687,64
DA:689,0
DA:690,0
DA:691,0
DA:692,0
DA:693,0
DA:695,0
DA:696,0
DA:697,0
DA:698,0
DA:699,0
DA:703,0
DA:704,0
DA:705,0
DA:706,0
DA:708,0
DA:711,0
DA:712,0
DA:713,0
DA:714,0
DA:715,0
DA:716,0
DA:717,0
DA:718,0
DA:721,0
DA:722,0
DA:723,0
DA:724,0
DA:725,0
DA:727,0
DA:728,0
DA:729,0
DA:731,0
DA:732,0
DA:734,0
DA:735,0
DA:736,0
DA:738,0
DA:739,0
DA:740,0
DA:741,0
DA:742,0
DA:744,0
DA:745,0
DA:746,0
DA:747,0
DA:748,0
DA:750,0
DA:751,0
DA:752,0
DA:753,0
DA:755,20
DA:761,6
DA:762,30
DA:763,36
DA:764,0
DA:767,6
DA:770,12
DA:771,12
DA:772,4
DA:773,12
DA:774,0
DA:776,4
DA:777,0
DA:778,0
DA:781,4
DA:782,0
DA:783,0
DA:786,4
DA:788,0
DA:789,8
DA:793,4
DA:794,8
DA:795,12
DA:796,4
DA:797,4
DA:798,4
DA:799,0
DA:803,4
DA:806,6
DA:807,18
DA:810,10
DA:811,20
DA:812,58
DA:813,32
DA:815,10
DA:818,16
DA:819,16
DA:820,0
DA:821,0
DA:822,0
DA:823,0
DA:825,0
DA:828,8
DA:829,0
DA:830,4
DA:831,16
DA:832,8
DA:833,8
DA:834,0
DA:835,0
DA:837,4
DA:838,4
DA:839,4
DA:840,4
DA:842,0
DA:843,0
DA:844,0
DA:846,0
DA:847,0
DA:848,0
DA:849,0
DA:851,0
DA:853,20
DA:854,10
DA:856,50
DA:857,0
DA:861,54
DA:862,54
DA:863,0
DA:864,0
DA:865,0
DA:866,0
DA:868,0
DA:871,0
DA:872,0
DA:873,0
DA:875,8
DA:876,12
DA:877,4
DA:878,4
DA:879,28
DA:881,0
DA:882,0
DA:883,0
DA:884,0
DA:885,0
DA:887,28
DA:888,70
DA:890,0
DA:891,0
DA:892,0
DA:893,0
DA:894,0
DA:896,0
DA:897,0
DA:899,0
DA:900,0
DA:901,0
DA:902,0
DA:903,0
DA:906,0
DA:907,0
DA:908,0
DA:909,0
DA:910,0
DA:912,0
DA:913,0
DA:914,0
DA:916,0
DA:917,0
DA:919,0
DA:920,0
DA:921,0
DA:923,0
DA:924,0
DA:925,0
DA:926,0
DA:927,0
DA:929,0
DA:930,0
DA:931,0
DA:932,0
DA:933,0
DA:935,0
DA:936,0
DA:937,0
DA:938,0
DA:940,36
DA:946,2
DA:947,10
DA:949,2
DA:950,0
DA:951,0
DA:952,0
DA:953,0
DA:954,0
DA:959,4
DA:960,6
DA:961,8
DA:963,12
DA:964,32
DA:965,8
DA:974,2
DA:979,4
DA:980,18
DA:981,12
DA:982,16
DA:985,2
DA:989,0
DA:993,2
DA:994,6
DA:995,2
DA:996,2
DA:997,4
DA:998,0
DA:1000,2
DA:1001,6
DA:1002,0
DA:1006,2
DA:1007,8
DA:1008,6
DA:1009,2
DA:1010,2
DA:1014,0
DA:1017,4
DA:1024,4
DA:1025,2
DA:1026,6
DA:1027,8
DA:1028,2
DA:1030,0
DA:1031,0
DA:1032,0
DA:1033,0
DA:1035,2
DA:1036,4
DA:1037,6
DA:1038,2
DA:1040,4
DA:1041,6
DA:1042,6
DA:1043,8
DA:1044,2
DA:1048,2
DA:1049,4
DA:1050,2
DA:1051,2
DA:1053,2
DA:1054,2
DA:1055,2
DA:1056,4
DA:1059,0
DA:1060,0
DA:1061,0
DA:1062,0
DA:1065,2
DA:1067,2
DA:1070,0
DA:1073,0
DA:1077,8
DA:1082,8
DA:1083,4
DA:1084,8
DA:1085,0
DA:1088,0
DA:1089,0
DA:1090,0
DA:1091,0
DA:1094,0
DA:1095,0
DA:1096,0
DA:1097,0
DA:1100,8
DA:1101,10
DA:1102,6
DA:1104,0
DA:1105,0
DA:1107,0
DA:1108,0
DA:1109,0
DA:1110,0
DA:1112,0
DA:1113,0
DA:1114,0
DA:1115,0
DA:1118,0
DA:1119,0
DA:1120,0
DA:1123,0
DA:1124,0
DA:1125,0
DA:1126,0
DA:1127,0
DA:1128,0
DA:1132,0
DA:1133,0
DA:1134,0
DA:1135,0
DA:1138,0
DA:1139,0
DA:1140,0
DA:1142,0
DA:1143,0
DA:1144,0
DA:1146,0
DA:1147,0
DA:1148,0
DA:1149,0
DA:1151,0
DA:1152,0
DA:1153,0
DA:1154,0
DA:1157,0
DA:1158,0
DA:1159,0
DA:1160,0
DA:1163,0
DA:1164,0
DA:1165,0
DA:1166,0
DA:1167,0
DA:1169,2
LF:734
LH:313
end_of_record
TN:
SF:/Users/forge18/Repos/typedlua/crates/typedlua-core/src/optimizer/devirtualization.rs
FN:40,ClassHierarchy::build
FN:94,ClassHierarchy::is_known_class
FN:104,ClassHierarchy::can_devirtualize
FN:120,ClassHierarchy::any_descendant_overrides
FN:145,DevirtualizationPass::new
FN:150,DevirtualizationPass::process_statement
FN:239,DevirtualizationPass::process_block
FN:251,DevirtualizationPass::process_expression
FN:430,<impl OptimizationPass for DevirtualizationPass>::name
FN:434,<impl OptimizationPass for DevirtualizationPass>::min_level
FN:438,<impl OptimizationPass for DevirtualizationPass>::run
FN:453,<impl Default for DevirtualizationPass>::default
FNF:12
FNDA:178,ClassHierarchy::build
FNDA:0,ClassHierarchy::is_known_class
FNDA:8,ClassHierarchy::can_devirtualize
FNDA:6,ClassHierarchy::any_descendant_overrides
FNDA:558,DevirtualizationPass::new
FNDA:5238,DevirtualizationPass::process_statement
FNDA:308,DevirtualizationPass::process_block
FNDA:9782,DevirtualizationPass::process_expression
FNDA:6,<impl OptimizationPass for DevirtualizationPass>::name
FNDA:804,<impl OptimizationPass for DevirtualizationPass>::min_level
FNDA:176,<impl OptimizationPass for DevirtualizationPass>::run
FNDA:0,<impl Default for DevirtualizationPass>::default
DA:40,178
DA:41,356
DA:44,5710
DA:45,2948
DA:46,364
DA:49,546
DA:52,728
DA:55,756
DA:56,56
DA:57,28
DA:59,0
DA:62,728
DA:65,238
DA:66,84
DA:67,84
DA:68,84
DA:70,28
DA:74,978
DA:75,544
DA:76,292
DA:77,146
DA:78,146
DA:79,292
DA:82,150
DA:83,12
DA:90,178
DA:94,0
DA:95,0
DA:104,8
DA:106,16
DA:107,2
DA:111,18
DA:112,2
DA:116,12
DA:120,6
DA:121,16
DA:122,10
DA:124,12
DA:125,2
DA:128,8
DA:129,0
DA:133,4
DA:145,558
DA:146,558
DA:150,5238
DA:151,5238
DA:152,2498
DA:153,4996
DA:154,8864
DA:155,6366
DA:157,2498
DA:159,4
DA:160,20
DA:161,12
DA:162,4
DA:163,0
DA:164,0
DA:166,4
DA:167,0
DA:169,4
DA:171,0
DA:172,0
DA:173,0
DA:174,0
DA:176,12
DA:178,24
DA:179,24
DA:180,0
DA:182,48
DA:184,0
DA:185,0
DA:186,0
DA:187,0
DA:189,2320
DA:190,4640
DA:191,9280
DA:192,6960
DA:194,2320
DA:196,600
DA:197,70
DA:198,4
DA:199,20
DA:200,16
DA:201,12
DA:203,4
DA:204,0
DA:206,4
DA:208,330
DA:209,182
DA:210,364
DA:211,978
DA:212,398
DA:213,146
DA:214,438
DA:215,438
DA:218,104
DA:219,156
DA:221,0
DA:222,0
DA:224,0
DA:225,0
DA:227,144
DA:228,216
DA:230,128
DA:233,182
DA:235,18
DA:239,308
DA:244,616
DA:245,1358
DA:246,1050
DA:248,308
DA:251,9782
DA:252,9782
DA:253,0
DA:254,0
DA:255,0
DA:256,0
DA:260,0
DA:262,0
DA:263,0
DA:264,0
DA:267,0
DA:268,0
DA:271,0
DA:272,0
DA:273,0
DA:274,0
DA:276,0
DA:283,0
DA:285,56
DA:286,140
DA:287,100
DA:288,66
DA:290,28
DA:292,9672
DA:293,16120
DA:294,9672
DA:295,3224
DA:297,72
DA:298,294
DA:299,490
DA:300,294
DA:301,98
DA:303,0
DA:304,0
DA:305,0
DA:306,0
DA:307,0
DA:309,0
DA:310,0
DA:311,0
DA:312,0
DA:314,0
DA:315,0
DA:316,0
DA:317,0
DA:318,0
DA:319,0
DA:321,0
DA:322,0
DA:326,0
DA:328,0
DA:329,0
DA:330,0
DA:331,0
DA:332,0
DA:335,0
DA:336,0
DA:337,0
DA:339,0
DA:340,0
DA:343,0
DA:345,148
DA:346,370
DA:347,350
DA:348,276
DA:350,74
DA:352,0
DA:353,0
DA:354,0
DA:355,0
DA:357,0
DA:358,0
DA:359,0
DA:360,0
DA:362,0
DA:363,0
DA:364,0
DA:365,0
DA:366,0
DA:368,0
DA:369,0
DA:370,0
DA:371,0
DA:373,0
DA:375,0
DA:376,0
DA:377,0
DA:378,0
DA:381,0
DA:383,1880
DA:384,24
DA:385,60
DA:386,36
DA:387,12
DA:389,0
DA:390,0
DA:391,0
DA:392,0
DA:393,0
DA:394,0
DA:396,0
DA:397,0
DA:401,0
DA:403,4
DA:404,8
DA:405,4
DA:407,0
DA:409,0
DA:411,0
DA:414,4
DA:416,0
DA:424,5954
DA:430,6
DA:431,6
DA:434,804
DA:435,804
DA:438,176
DA:440,528
DA:443,352
DA:444,8474
DA:445,8298
DA:448,176
DA:453,0
DA:454,0
LF:235
LH:131
end_of_record
TN:
SF:/Users/forge18/Repos/typedlua/crates/typedlua-core/src/optimizer/interface_inlining.rs
FN:48,InterfaceImplementationMap::build
FN:105,InterfaceImplementationMap::is_interface
FN:109,InterfaceImplementationMap::get_single_implementation
FN:118,InterfaceImplementationMap::get_method_body
FN:122,InterfaceImplementationMap::count_statement_depth
FN:126,InterfaceImplementationMap::mutates_self
FN:135,InterfaceImplementationMap::statement_mutates_self
FN:174,InterfaceImplementationMap::block_mutates_self
FN:181,InterfaceImplementationMap::expression_mutates_self
FN:283,InterfaceImplementationMap::expression_is_self_member
FN:291,InterfaceImplementationMap::expression_is_self
FN:299,InterfaceMethodInliningPass::new
FN:303,InterfaceMethodInliningPass::process_statement
FN:395,InterfaceMethodInliningPass::process_block
FN:403,InterfaceMethodInliningPass::process_expression
FN:592,InterfaceMethodInliningPass::inline_interface_method
FN:615,InterfaceMethodInliningPass::extract_return_value
FN:660,InterfaceMethodInliningPass::get_pattern_name
FN:667,InterfaceMethodInliningPass::transform_expression
FN:743,<impl OptimizationPass for InterfaceMethodInliningPass>::name
FN:747,<impl OptimizationPass for InterfaceMethodInliningPass>::min_level
FN:751,<impl OptimizationPass for InterfaceMethodInliningPass>::run
FN:764,<impl Default for InterfaceMethodInliningPass>::default
FNF:23
FNDA:178,InterfaceImplementationMap::build
FNDA:0,InterfaceImplementationMap::is_interface
FNDA:0,InterfaceImplementationMap::get_single_implementation
FNDA:0,InterfaceImplementationMap::get_method_body
FNDA:2,InterfaceImplementationMap::count_statement_depth
FNDA:4,InterfaceImplementationMap::mutates_self
FNDA:4,InterfaceImplementationMap::statement_mutates_self
FNDA:0,InterfaceImplementationMap::block_mutates_self
FNDA:4,InterfaceImplementationMap::expression_mutates_self
FNDA:2,InterfaceImplementationMap::expression_is_self_member
FNDA:2,InterfaceImplementationMap::expression_is_self
FNDA:558,InterfaceMethodInliningPass::new
FNDA:5238,InterfaceMethodInliningPass::process_statement
FNDA:308,InterfaceMethodInliningPass::process_block
FNDA:9654,InterfaceMethodInliningPass::process_expression
FNDA:0,InterfaceMethodInliningPass::inline_interface_method
FNDA:0,InterfaceMethodInliningPass::extract_return_value
FNDA:0,InterfaceMethodInliningPass::get_pattern_name
FNDA:0,InterfaceMethodInliningPass::transform_expression
FNDA:6,<impl OptimizationPass for InterfaceMethodInliningPass>::name
FNDA:804,<impl OptimizationPass for InterfaceMethodInliningPass>::min_level
FNDA:176,<impl OptimizationPass for InterfaceMethodInliningPass>::run
FNDA:0,<impl Default for InterfaceMethodInliningPass>::default
DA:48,178
DA:49,356
DA:51,5710
DA:52,2766
DA:53,182
DA:54,364
DA:55,546
DA:56,728
DA:58,978
DA:59,544
DA:60,292
DA:61,438
DA:62,584
DA:67,210
DA:68,42
DA:69,42
DA:70,56
DA:71,42
DA:72,42
DA:74,42
DA:75,42
DA:76,42
DA:78,14
DA:82,12
DA:83,24
DA:84,36
DA:86,40
DA:87,38
DA:88,36
DA:89,24
DA:90,36
DA:94,0
DA:95,0
DA:96,0
DA:98,2572
DA:102,178
DA:105,0
DA:106,0
DA:109,0
DA:110,0
DA:111,0
DA:112,0
DA:114,0
DA:118,0
DA:119,0
DA:122,2
DA:123,4
DA:126,4
DA:127,10
DA:128,16
DA:129,2
DA:132,2
DA:135,4
DA:136,4
DA:137,10
DA:138,0
DA:139,0
DA:140,0
DA:141,0
DA:142,0
DA:143,0
DA:145,0
DA:146,0
DA:147,0
DA:148,0
DA:150,0
DA:151,0
DA:152,0
DA:154,0
DA:155,0
DA:156,0
DA:157,0
DA:159,0
DA:160,0
DA:163,0
DA:165,0
DA:166,4
DA:167,2
DA:169,10
DA:170,0
DA:174,0
DA:175,0
DA:176,0
DA:178,0
DA:181,4
DA:182,4
DA:183,6
DA:184,8
DA:185,2
DA:187,0
DA:188,0
DA:191,0
DA:192,0
DA:193,0
DA:194,0
DA:195,0
DA:197,0
DA:198,0
DA:199,0
DA:200,0
DA:201,0
DA:203,0
DA:204,0
DA:205,0
DA:207,0
DA:208,0
DA:209,0
DA:210,0
DA:211,0
DA:213,0
DA:214,0
DA:215,0
DA:217,0
DA:218,0
DA:219,0
DA:220,0
DA:221,0
DA:223,0
DA:224,0
DA:228,0
DA:229,0
DA:230,0
DA:231,0
DA:232,0
DA:233,0
DA:234,0
DA:235,0
DA:237,0
DA:238,0
DA:242,0
DA:243,0
DA:244,0
DA:245,0
DA:246,0
DA:248,0
DA:249,0
DA:250,0
DA:252,0
DA:253,0
DA:254,0
DA:256,0
DA:257,0
DA:258,0
DA:259,0
DA:261,0
DA:262,0
DA:263,0
DA:264,0
DA:265,0
DA:267,0
DA:268,0
DA:269,0
DA:270,0
DA:271,0
DA:273,0
DA:274,0
DA:275,0
DA:276,0
DA:277,0
DA:279,2
DA:283,2
DA:284,2
DA:285,12
DA:286,0
DA:287,0
DA:291,2
DA:292,2
DA:299,558
DA:300,558
DA:303,5238
DA:308,5238
DA:309,2498
DA:310,4996
DA:311,8864
DA:312,6366
DA:314,2498
DA:316,4
DA:317,20
DA:318,12
DA:319,4
DA:320,0
DA:321,0
DA:323,4
DA:324,0
DA:326,4
DA:328,0
DA:329,0
DA:330,0
DA:331,0
DA:333,12
DA:335,24
DA:336,24
DA:337,0
DA:339,48
DA:341,0
DA:342,0
DA:343,0
DA:344,0
DA:346,2320
DA:347,4640
DA:348,9280
DA:349,6960
DA:351,2320
DA:353,600
DA:354,70
DA:355,4
DA:356,20
DA:357,16
DA:358,12
DA:360,4
DA:361,0
DA:363,4
DA:365,182
DA:366,364
DA:367,978
DA:368,398
DA:369,146
DA:370,438
DA:371,438
DA:374,104
DA:375,156
DA:377,0
DA:378,0
DA:380,0
DA:381,0
DA:383,144
DA:384,216
DA:386,128
DA:389,182
DA:391,84
DA:395,308
DA:396,616
DA:397,1358
DA:398,1050
DA:400,308
DA:403,9654
DA:408,9654
DA:409,0
DA:410,0
DA:411,0
DA:412,0
DA:415,0
DA:416,0
DA:417,0
DA:419,0
DA:420,0
DA:421,0
DA:423,0
DA:425,0
DA:426,0
DA:428,0
DA:429,0
DA:430,0
DA:432,0
DA:433,0
DA:434,0
DA:435,0
DA:436,0
DA:437,0
DA:439,0
DA:440,0
DA:449,0
DA:451,48
DA:452,120
DA:453,84
DA:454,54
DA:456,24
DA:458,9630
DA:459,16050
DA:460,9630
DA:461,3210
DA:463,72
DA:464,294
DA:465,490
DA:466,294
DA:467,98
DA:469,0
DA:470,0
DA:471,0
DA:472,0
DA:473,0
DA:475,0
DA:476,0
DA:477,0
DA:478,0
DA:480,0
DA:481,0
DA:482,0
DA:483,0
DA:484,0
DA:485,0
DA:487,0
DA:488,0
DA:492,0
DA:494,0
DA:495,0
DA:496,0
DA:497,0
DA:498,0
DA:501,0
DA:502,0
DA:503,0
DA:505,0
DA:506,0
DA:509,0
DA:511,104
DA:512,260
DA:513,316
DA:514,264
DA:516,52
DA:518,0
DA:519,0
DA:520,0
DA:521,0
DA:523,0
DA:524,0
DA:525,0
DA:526,0
DA:528,0
DA:529,0
DA:530,0
DA:531,0
DA:532,0
DA:534,0
DA:535,0
DA:536,0
DA:537,0
DA:539,0
DA:541,0
DA:542,0
DA:543,0
DA:544,0
DA:546,0
DA:548,0
DA:549,1880
DA:550,24
DA:551,60
DA:552,36
DA:553,12
DA:555,0
DA:556,0
DA:557,0
DA:558,0
DA:559,0
DA:560,0
DA:562,0
DA:563,0
DA:567,0
DA:569,0
DA:570,0
DA:571,0
DA:573,0
DA:575,0
DA:577,0
DA:580,0
DA:582,0
DA:588,5870
DA:592,0
DA:600,0
DA:601,0
DA:602,0
DA:606,0
DA:608,0
DA:609,0
DA:611,0
DA:615,0
DA:621,0
DA:623,0
DA:624,0
DA:625,0
DA:626,0
DA:627,0
DA:628,0
DA:630,0
DA:631,0
DA:632,0
DA:635,0
DA:636,0
DA:637,0
DA:639,0
DA:640,0
DA:641,0
DA:642,0
DA:643,0
DA:644,0
DA:645,0
DA:646,0
DA:647,0
DA:649,0
DA:653,0
DA:657,0
DA:660,0
DA:661,0
DA:662,0
DA:663,0
DA:667,0
DA:673,0
DA:674,0
DA:675,0
DA:676,0
DA:677,0
DA:680,0
DA:681,0
DA:682,0
DA:683,0
DA:685,0
DA:688,0
DA:689,0
DA:690,0
DA:692,0
DA:696,0
DA:697,0
DA:698,0
DA:699,0
DA:700,0
DA:701,0
DA:703,0
DA:704,0
DA:706,0
DA:709,0
DA:710,0
DA:711,0
DA:713,0
DA:716,0
DA:717,0
DA:718,0
DA:720,0
DA:723,0
DA:724,0
DA:725,0
DA:726,0
DA:728,0
DA:731,0
DA:732,0
DA:733,0
DA:735,0
DA:737,0
DA:743,6
DA:744,6
DA:747,804
DA:748,804
DA:751,176
DA:752,528
DA:754,352
DA:755,8474
DA:756,8298
DA:759,176
DA:764,0
DA:765,0
LF:449
LH:145
end_of_record
TN:
SF:/Users/forge18/Repos/typedlua/crates/typedlua-core/src/optimizer/method_to_function_conversion.rs
FN:16,MethodToFunctionConversionPass::new
FN:20,MethodToFunctionConversionPass::convert_in_statement
FN:86,MethodToFunctionConversionPass::convert_in_block
FN:94,MethodToFunctionConversionPass::convert_in_expression
FN:230,MethodToFunctionConversionPass::convert_method_call_to_function_call
FN:269,<impl OptimizationPass for MethodToFunctionConversionPass>::name
FN:273,<impl OptimizationPass for MethodToFunctionConversionPass>::min_level
FN:277,<impl OptimizationPass for MethodToFunctionConversionPass>::run
FN:288,<impl Default for MethodToFunctionConversionPass>::default
FNF:9
FNDA:562,MethodToFunctionConversionPass::new
FNDA:12288,MethodToFunctionConversionPass::convert_in_statement
FNDA:210,MethodToFunctionConversionPass::convert_in_block
FNDA:20686,MethodToFunctionConversionPass::convert_in_expression
FNDA:4,MethodToFunctionConversionPass::convert_method_call_to_function_call
FNDA:6,<impl OptimizationPass for MethodToFunctionConversionPass>::name
FNDA:804,<impl OptimizationPass for MethodToFunctionConversionPass>::min_level
FNDA:652,<impl OptimizationPass for MethodToFunctionConversionPass>::run
FNDA:0,<impl Default for MethodToFunctionConversionPass>::default
DA:16,562
DA:20,12288
DA:21,12288
DA:22,6106
DA:23,12212
DA:24,21802
DA:25,10464
DA:27,6106
DA:29,46
DA:30,184
DA:31,92
DA:32,52
DA:33,6
DA:34,4
DA:36,62
DA:37,16
DA:39,46
DA:41,54
DA:42,216
DA:43,108
DA:44,54
DA:46,64
DA:48,128
DA:49,120
DA:50,8
DA:52,128
DA:53,100
DA:54,24
DA:56,64
DA:58,28
DA:59,112
DA:60,56
DA:61,28
DA:63,5164
DA:64,10328
DA:65,20656
DA:66,10328
DA:68,5164
DA:70,584
DA:71,144
DA:72,14
DA:73,56
DA:74,62
DA:75,32
DA:77,18
DA:78,4
DA:80,14
DA:82,630
DA:86,210
DA:87,420
DA:88,534
DA:89,216
DA:91,210
DA:94,20686
DA:95,20686
DA:96,352
DA:97,704
DA:98,740
DA:99,388
DA:101,176
DA:103,12
DA:104,16
DA:105,12
DA:106,4
DA:109,8
DA:110,16
DA:111,8
DA:112,8
DA:113,8
DA:114,4
DA:115,4
DA:117,12
DA:118,4
DA:119,4
DA:123,4
DA:125,22254
DA:126,29672
DA:127,14836
DA:128,7418
DA:130,30
DA:131,24
DA:132,32
DA:133,16
DA:134,8
DA:136,0
DA:137,0
DA:138,0
DA:139,0
DA:140,0
DA:142,0
DA:143,0
DA:144,0
DA:145,0
DA:147,0
DA:148,0
DA:149,0
DA:150,0
DA:151,0
DA:152,0
DA:154,0
DA:155,0
DA:159,0
DA:161,2
DA:162,4
DA:163,6
DA:164,2
DA:165,0
DA:168,2
DA:169,4
DA:170,4
DA:172,0
DA:173,0
DA:176,2
DA:178,0
DA:179,0
DA:180,0
DA:181,0
DA:183,0
DA:185,0
DA:186,0
DA:187,0
DA:188,0
DA:190,0
DA:191,0
DA:192,0
DA:193,0
DA:195,24
DA:196,4
DA:197,8
DA:198,4
DA:199,2
DA:201,0
DA:202,0
DA:203,0
DA:204,0
DA:206,0
DA:208,0
DA:209,0
DA:210,0
DA:211,0
DA:213,0
DA:226,13064
DA:230,4
DA:238,12
DA:239,12
DA:242,8
DA:256,12
DA:257,8
DA:258,4
DA:259,4
DA:261,16
DA:264,12
DA:269,6
DA:270,6
DA:273,804
DA:274,804
DA:277,652
DA:278,1304
DA:279,21460
DA:280,13872
DA:282,652
[...]
DA:71,2
DA:74,6106
DA:76,5164
DA:77,10328
DA:78,15492
DA:79,15494
DA:80,2
DA:83,5164
DA:85,46
DA:86,92
DA:87,142
DA:88,144
DA:89,0
DA:92,50
DA:93,6
DA:94,6
DA:95,0
DA:99,54
DA:100,32
DA:101,36
DA:102,0
DA:106,46
DA:108,54
DA:109,108
DA:110,70
DA:111,24
DA:112,0
DA:115,54
DA:117,128
DA:118,4
DA:119,8
DA:120,12
DA:121,12
DA:122,0
DA:125,4
DA:127,60
DA:128,120
DA:129,88
DA:130,42
DA:131,0
DA:134,60
DA:137,28
DA:138,56
DA:139,44
DA:140,24
DA:141,0
DA:144,28
DA:146,400
DA:150,6974
DA:151,20922
DA:157,652
DA:158,1304
DA:159,1304
DA:161,17904
DA:163,0
DA:164,24900
DA:167,0
DA:168,0
DA:171,0
DA:172,0
DA:173,0
DA:176,8300
DA:179,652
DA:183,8300
DA:189,9846
DA:190,3086
DA:191,1140
DA:192,64
DA:193,0
DA:195,32
DA:198,1508
DA:201,6
DA:204,6754
DA:208,0
DA:209,0
DA:210,0
DA:211,0
DA:215,0
DA:219,0
DA:220,0
DA:221,0
DA:222,0
DA:223,0
DA:225,0
DA:226,0
DA:229,0
DA:230,0
DA:232,0
DA:233,0
DA:235,0
DA:240,0
DA:241,0
DA:242,0
DA:244,0
DA:248,0
DA:249,0
DA:250,0
DA:251,0
DA:252,0
DA:253,0
DA:254,0
DA:255,0
DA:256,0
DA:257,0
DA:258,0
DA:259,0
DA:260,0
DA:261,0
DA:263,0
DA:268,0
DA:269,0
DA:270,0
DA:272,0
DA:273,0
DA:275,0
DA:277,0
DA:278,0
DA:283,0
DA:285,0
DA:287,0
DA:288,0
DA:290,0
DA:293,0
DA:298,0
DA:305,0
DA:306,0
DA:307,0
DA:308,0
DA:311,0
DA:312,0
DA:313,0
DA:314,0
DA:315,0
DA:316,0
DA:320,0
DA:321,0
DA:324,0
DA:325,0
DA:326,0
DA:327,0
DA:328,0
DA:329,0
DA:330,0
DA:331,0
DA:332,0
DA:333,0
DA:334,0
DA:336,0
DA:338,0
DA:340,0
DA:341,0
DA:342,0
DA:343,0
DA:345,0
DA:346,0
DA:348,0
DA:350,0
DA:352,0
DA:355,0
DA:359,0
DA:365,0
DA:366,0
DA:367,0
DA:368,0
DA:370,0
DA:371,0
DA:374,0
DA:375,0
DA:377,0
DA:378,0
DA:380,0
DA:385,0
DA:386,0
DA:387,0
DA:392,0
DA:398,0
DA:399,0
DA:400,0
DA:401,0
DA:404,0
DA:405,0
DA:407,0
DA:408,0
DA:409,0
DA:410,0
DA:412,0
DA:413,0
DA:416,0
DA:421,0
DA:427,0
DA:428,0
DA:429,0
DA:430,0
DA:431,0
DA:434,0
DA:435,0
DA:436,0
DA:437,0
DA:438,0
DA:439,0
DA:440,0
DA:442,0
DA:444,0
DA:445,0
DA:446,0
DA:449,0
DA:451,0
DA:452,0
DA:453,0
DA:454,0
DA:455,0
DA:457,0
DA:458,0
DA:460,0
DA:461,0
DA:462,0
DA:463,0
DA:466,0
DA:468,0
DA:473,0
DA:475,0
DA:476,0
DA:477,0
DA:479,0
DA:480,0
DA:481,0
DA:482,0
DA:483,0
DA:484,0
DA:485,0
DA:487,0
DA:489,0
DA:490,0
DA:491,0
DA:494,0
DA:496,0
DA:497,0
DA:498,0
DA:499,0
DA:500,0
DA:502,0
DA:503,0
DA:505,0
DA:506,0
DA:507,0
DA:508,0
DA:511,0
DA:513,0
DA:517,0
DA:519,0
DA:523,132
DA:524,396
DA:527,12270
DA:528,9910
DA:529,72
DA:530,18
DA:531,64
DA:532,16
DA:535,12254
DA:538,18
DA:539,102
DA:540,40
DA:541,120
DA:542,160
DA:543,80
DA:545,8
DA:546,8
DA:548,58
DA:549,174
DA:553,36
DA:554,54
DA:555,18
DA:558,16
DA:561,16
DA:562,16
DA:563,124
DA:564,16
DA:566,16
DA:570,16
DA:571,48
DA:572,32
DA:573,64
DA:574,64
DA:575,48
DA:577,80
DA:579,32
DA:581,32
DA:582,16
DA:583,16
DA:584,16
DA:586,16
DA:588,16
DA:591,32
DA:595,0
DA:599,32
DA:600,64
DA:601,64
DA:603,0
DA:607,32
DA:608,64
LF:325
LH:131
end_of_record
TN:
SF:/Users/forge18/Repos/typedlua/crates/typedlua-core/src/optimizer/passes/table_preallocation.rs
FN:10,<impl OptimizationPass for TablePreallocationPass>::name
FN:14,<impl OptimizationPass for TablePreallocationPass>::min_level
FN:18,<impl OptimizationPass for TablePreallocationPass>::run
FN:34,TablePreallocationPass::count_tables_in_statement
FN:66,TablePreallocationPass::count_tables_in_expression
FNF:5
FNDA:6,<impl OptimizationPass for TablePreallocationPass>::name
FNDA:804,<impl OptimizationPass for TablePreallocationPass>::min_level
FNDA:804,<impl OptimizationPass for TablePreallocationPass>::run
FNDA:31466,TablePreallocationPass::count_tables_in_statement
FNDA:32344,TablePreallocationPass::count_tables_in_expression
DA:10,6
DA:11,6
DA:14,804
DA:15,804
DA:18,804
DA:22,1608
DA:24,40194
DA:25,26260
DA:29,804
DA:34,31466
DA:35,31466
DA:36,52608
DA:37,528
DA:38,62
DA:39,124
DA:40,254
DA:41,128
DA:43,66
DA:44,8
DA:45,4
DA:48,72
DA:49,52
DA:50,28
DA:53,62
DA:55,9544
DA:56,19088
DA:57,64312
DA:58,36512
DA:60,9544
DA:62,8576
DA:66,32344
DA:67,32344
DA:68,10
DA:69,20
DA:70,34
DA:71,12
DA:73,12
DA:75,12
DA:76,24
DA:79,0
DA:81,0
DA:82,0
DA:85,0
DA:86,0
DA:87,0
DA:91,10
DA:93,26
DA:94,52
DA:95,178
DA:96,76
DA:97,152
DA:98,152
DA:100,0
DA:101,0
DA:105,26
DA:107,2848
DA:108,7120
DA:110,8
DA:111,16088
DA:112,32176
DA:113,32278
DA:114,16156
DA:116,8044
DA:118,22838
LF:64
LH:56
end_of_record
TN:
SF:/Users/forge18/Repos/typedlua/crates/typedlua-core/src/optimizer/passes/tail_call_optimization.rs
FN:18,<impl OptimizationPass for TailCallOptimizationPass>::name
FN:22,<impl OptimizationPass for TailCallOptimizationPass>::min_level
FN:26,<impl OptimizationPass for TailCallOptimizationPass>::run
FN:36,TailCallOptimizationPass::analyze_statement_tail_calls
FN:75,TailCallOptimizationPass::analyze_block_tail_calls
FN:83,TailCallOptimizationPass::is_tail_call
FNF:6
FNDA:6,<impl OptimizationPass for TailCallOptimizationPass>::name
FNDA:804,<impl OptimizationPass for TailCallOptimizationPass>::min_level
FNDA:652,<impl OptimizationPass for TailCallOptimizationPass>::run
FNDA:12252,TailCallOptimizationPass::analyze_statement_tail_calls
FNDA:6344,TailCallOptimizationPass::analyze_block_tail_calls
FNDA:5164,TailCallOptimizationPass::is_tail_call
DA:18,6
DA:19,6
DA:22,804
DA:23,804
DA:26,652
DA:27,21460
DA:28,13872
DA:31,652
DA:36,12252
DA:37,12252
DA:38,24424
DA:39,144
DA:40,46
DA:41,184
DA:42,52
DA:43,4
DA:45,62
DA:46,16
DA:48,46
DA:50,54
DA:51,162
DA:53,128
DA:54,60
DA:55,180
DA:57,4
DA:58,12
DA:61,28
DA:62,84
DA:64,5164
DA:65,15492
DA:66,42
DA:68,5122
DA:71,754
DA:75,6344
DA:76,12688
DA:77,22292
DA:78,10632
DA:80,6344
DA:83,5164
DA:84,5164
DA:85,0
DA:87,5122
DA:88,5164
LF:43
LH:42
end_of_record
TN:
SF:/Users/forge18/Repos/typedlua/crates/typedlua-core/src/optimizer/rich_enum_optimization.rs
FN:10,<impl OptimizationPass for RichEnumOptimizationPass>::name
FN:14,<impl OptimizationPass for RichEnumOptimizationPass>::min_level
FN:18,<impl OptimizationPass for RichEnumOptimizationPass>::run
FN:41,RichEnumOptimizationPass::is_rich_enum
FNF:4
FNDA:6,<impl OptimizationPass for RichEnumOptimizationPass>::name
FNDA:804,<impl OptimizationPass for RichEnumOptimizationPass>::min_level
FNDA:658,<impl OptimizationPass for RichEnumOptimizationPass>::run
FNDA:10,RichEnumOptimizationPass::is_rich_enum
DA:10,6
DA:11,6
DA:14,804
DA:15,804
DA:18,658
DA:19,1316
DA:21,14542
DA:22,6952
DA:23,38
DA:24,8
DA:29,658
DA:30,8
DA:31,0
DA:36,658
DA:41,10
DA:42,10
DA:43,4
DA:44,2
LF:18
LH:17
end_of_record
TN:
SF:/Users/forge18/Repos/typedlua/crates/typedlua-core/src/type_checker.rs
FN:13,<impl TypeCheckHelper for super::di::Container>::type_check_source
FNF:1
FNDA:0,<impl TypeCheckHelper for super::di::Container>::type_check_source
DA:13,0
DA:14,0
DA:15,0
DA:16,0
DA:18,0
DA:19,0
DA:21,0
DA:23,0
DA:24,0
DA:26,0
DA:28,0
DA:29,0
DA:30,0
DA:31,0
DA:33,0
LF:15
LH:0
end_of_record
TN:
SF:/Users/forge18/Repos/typedlua/crates/typedlua-core/src/typechecker/state/type_checker_state.rs
FN:77,TypeCheckerState<'a>::new
FN:107,TypeCheckerState<'a>::new_with_module_support
FN:115,TypeCheckerState<'a>::current_module_id_str
FN:120,TypeCheckerState<'a>::is_in_catch_block
FN:125,TypeCheckerState<'a>::push_catch_block
FN:130,TypeCheckerState<'a>::pop_catch_block
FN:135,TypeCheckerState<'a>::namespace_path
FN:143,TypeCheckerState<'a>::has_class
FN:148,TypeCheckerState<'a>::get_parent_class
FN:153,TypeCheckerState<'a>::register_class
FN:160,TypeCheckerState<'a>::is_exported
FN:165,TypeCheckerState<'a>::mark_exported
FN:170,TypeCheckerState<'a>::add_dependency
FN:177,TypeCheckerState<'a>::get_dependencies
FNF:14
FNDA:0,TypeCheckerState<'a>::new
FNDA:0,TypeCheckerState<'a>::new_with_module_support
FNDA:0,TypeCheckerState<'a>::current_module_id_str
FNDA:0,TypeCheckerState<'a>::is_in_catch_block
FNDA:0,TypeCheckerState<'a>::push_catch_block
FNDA:0,TypeCheckerState<'a>::pop_catch_block
FNDA:0,TypeCheckerState<'a>::namespace_path
FNDA:0,TypeCheckerState<'a>::has_class
FNDA:0,TypeCheckerState<'a>::get_parent_class
FNDA:0,TypeCheckerState<'a>::register_class
FNDA:0,TypeCheckerState<'a>::is_exported
FNDA:0,TypeCheckerState<'a>::mark_exported
FNDA:0,TypeCheckerState<'a>::add_dependency
FNDA:0,TypeCheckerState<'a>::get_dependencies
DA:77,0
DA:78,0
DA:80,0
DA:81,0
DA:82,0
DA:89,0
DA:90,0
DA:92,0
DA:93,0
DA:94,0
DA:107,0
DA:108,0
DA:109,0
DA:110,0
DA:111,0
DA:115,0
DA:116,0
DA:120,0
DA:121,0
DA:125,0
DA:126,0
DA:130,0
DA:131,0
DA:135,0
DA:136,0
DA:137,0
DA:138,0
DA:143,0
DA:144,0
DA:148,0
DA:149,0
DA:153,0
DA:154,0
DA:155,0
DA:160,0
DA:161,0
DA:165,0
DA:166,0
DA:170,0
DA:171,0
DA:172,0
DA:177,0
DA:178,0
LF:43
LH:0
end_of_record
TN:
SF:/Users/forge18/Repos/typedlua/crates/typedlua-sourcemap/src/lib.rs
FN:13,Span::new
FN:22,Span::dummy
FN:31,Span::len
FN:35,Span::is_empty
FN:40,Span::merge
FN:56,Span::combine
FN:62,<impl Display for Span>::fmt
FN:110,SourceMapBuilder::new
FN:123,SourceMapBuilder::new_multi_source
FN:136,SourceMapBuilder::add_source
FN:145,SourceMapBuilder::set_file
FN:149,SourceMapBuilder::set_source_root
FN:153,SourceMapBuilder::add_source_content
FN:157,SourceMapBuilder::add_mapping
FN:161,SourceMapBuilder::add_mapping_with_source
FN:186,SourceMapBuilder::advance
FN:197,SourceMapBuilder::build
FN:211,SourceMapBuilder::encode_mappings
FN:257,SourceMapBuilder::encode_vlq
FN:289,SourceMap::to_json
FN:293,SourceMap::to_data_uri
FN:303,SourceMap::to_comment
FNF:22
FNDA:18,Span::new
FNDA:0,Span::dummy
FNDA:0,Span::len
FNDA:0,Span::is_empty
FNDA:0,Span::merge
FNDA:0,Span::combine
FNDA:0,<impl Display for Span>::fmt
FNDA:12,SourceMapBuilder::new
FNDA:0,SourceMapBuilder::new_multi_source
FNDA:0,SourceMapBuilder::add_source
FNDA:2,SourceMapBuilder::set_file
FNDA:0,SourceMapBuilder::set_source_root
FNDA:2,SourceMapBuilder::add_source_content
FNDA:18,SourceMapBuilder::add_mapping
FNDA:18,SourceMapBuilder::add_mapping_with_source
FNDA:32,SourceMapBuilder::advance
FNDA:10,SourceMapBuilder::build
FNDA:10,SourceMapBuilder::encode_mappings
FNDA:106,SourceMapBuilder::encode_vlq
FNDA:2,SourceMap::to_json
FNDA:4,SourceMap::to_data_uri
FNDA:2,SourceMap::to_comment
DA:13,18
DA:22,0
DA:31,0
DA:32,0
DA:35,0
DA:36,0
DA:40,0
DA:42,0
DA:43,0
DA:44,0
DA:45,0
DA:56,0
DA:57,0
DA:62,0
DA:63,0
DA:64,0
DA:66,0
DA:67,0
DA:68,0
DA:110,12
DA:114,36
DA:115,24
DA:116,12
DA:117,12
DA:123,0
DA:128,0
DA:129,0
DA:130,0
DA:136,0
DA:137,0
DA:138,0
DA:140,0
DA:141,0
DA:145,2
DA:146,4
DA:149,0
DA:150,0
DA:153,2
DA:154,6
DA:157,18
DA:158,72
DA:161,18
DA:167,66
DA:168,40
DA:169,4
DA:171,24
DA:172,8
DA:176,54
DA:177,36
DA:178,36
DA:179,36
DA:180,36
DA:181,18
DA:182,18
DA:186,32
DA:187,154
DA:188,96
DA:189,6
DA:190,6
DA:192,84
DA:197,10
DA:198,30
DA:202,20
DA:203,20
DA:204,20
DA:205,20
DA:206,10
DA:211,10
DA:212,20
DA:213,20
DA:214,20
DA:215,20
DA:216,20
DA:217,20
DA:218,20
DA:220,46
DA:221,22
DA:222,6
DA:223,2
DA:224,2
DA:227,36
DA:228,8
DA:231,36
DA:232,54
DA:233,18
DA:235,36
DA:236,54
DA:237,18
DA:239,36
DA:240,54
DA:241,18
DA:243,36
DA:244,54
DA:245,18
DA:247,42
DA:248,36
DA:249,36
DA:250,12
DA:254,10
DA:257,106
DA:261,212
DA:262,8
DA:264,98
DA:267,212
DA:270,224
DA:271,112
DA:273,118
DA:274,6
DA:277,336
DA:279,112
DA:280,106
DA:284,106
DA:289,2
DA:290,4
DA:293,4
DA:294,12
DA:295,4
DA:296,16
DA:297,4
DA:298,4
DA:299,4
DA:303,2
DA:304,6
DA:305,2
LF:124
LH:95
end_of_record
TN:
SF:/Users/forge18/Repos/typedlua/crates/typedlua-test-helpers/src/compile.rs
FN:22,compile
FN:36,compile_with_optimization
FN:52,compile_with_stdlib
FN:68,compile_with_stdlib_and_optimization
FN:86,type_check
FN:117,create_test_container
FNF:6
FNDA:0,compile
FNDA:0,compile_with_optimization
FNDA:0,compile_with_stdlib
FNDA:0,compile_with_stdlib_and_optimization
FNDA:0,type_check
FNDA:0,create_test_container
DA:22,0
DA:23,0
DA:24,0
DA:25,0
DA:36,0
DA:37,0
DA:38,0
DA:39,0
DA:52,0
DA:53,0
DA:54,0
DA:55,0
DA:68,0
DA:72,0
DA:73,0
DA:74,0
DA:86,0
DA:87,0
DA:88,0
DA:90,0
DA:91,0
DA:93,0
DA:95,0
DA:96,0
DA:98,0
DA:100,0
DA:101,0
DA:102,0
DA:103,0
DA:105,0
DA:117,0
DA:118,0
DA:119,0
DA:120,0
LF:34
LH:0
end_of_record
TN:
SF:/Users/forge18/Repos/typedlua/crates/typedlua-test-helpers/src/fixtures.rs
FN:4,simple_program
FN:8,function_program
FN:14,class_program
FN:30,interface_program
FN:36,type_alias_program
FN:40,enum_program
FN:49,type_error_assignment
FN:53,type_error_call
FN:61,syntax_error_missing_end
FNF:9
FNDA:0,simple_program
FNDA:0,function_program
FNDA:0,class_program
FNDA:0,interface_program
FNDA:0,type_alias_program
FNDA:0,enum_program
FNDA:0,type_error_assignment
FNDA:0,type_error_call
FNDA:0,syntax_error_missing_end
DA:4,0
DA:5,0
DA:8,0
DA:9,0
DA:10,0
DA:11,0
DA:14,0
DA:15,0
DA:16,0
DA:17,0
DA:19,0
DA:20,0
DA:21,0
DA:22,0
DA:24,0
DA:25,0
DA:26,0
DA:27,0
DA:30,0
DA:31,0
DA:32,0
DA:33,0
DA:36,0
DA:37,0
DA:40,0
DA:41,0
DA:42,0
DA:43,0
DA:44,0
DA:45,0
DA:49,0
DA:50,0
DA:53,0
DA:54,0
DA:55,0
DA:56,0
DA:57,0
DA:61,0
DA:62,0
LF:39
LH:0
end_of_record
TN:
SF:/Users/forge18/Repos/typedlua/crates/typedlua-test-helpers/src/mocks.rs
FN:13,MockDiagnosticHandler::new
FN:19,<impl DiagnosticHandler for MockDiagnosticHandler>::report
FN:23,<impl DiagnosticHandler for MockDiagnosticHandler>::has_errors
FN:31,<impl DiagnosticHandler for MockDiagnosticHandler>::error_count
FN:40,<impl DiagnosticHandler for MockDiagnosticHandler>::warning_count
FN:49,<impl DiagnosticHandler for MockDiagnosticHandler>::get_diagnostics
FN:62,TestDocument::new
FN:69,TestDocument::simple_lua
FN:73,TestDocument::with_function
FN:99,lsp_mocks::MockCompletionProvider::new
FN:105,lsp_mocks::<impl CompletionProviderTrait for MockCompletionProvider>::provide
FN:109,lsp_mocks::<impl CompletionProviderTrait for MockCompletionProvider>::resolve
FN:118,lsp_mocks::MockHoverProvider::new
FN:124,lsp_mocks::<impl HoverProviderTrait for MockHoverProvider>::provide
FN:133,lsp_mocks::MockDefinitionProvider::new
FN:139,lsp_mocks::<impl DefinitionProviderTrait for MockDefinitionProvider>::provide
FN:153,lsp_mocks::MockReferencesProvider::new
FN:159,lsp_mocks::<impl ReferencesProviderTrait for MockReferencesProvider>::provide
FN:174,lsp_mocks::MockRenameProvider::new
FN:180,lsp_mocks::<impl RenameProviderTrait for MockRenameProvider>::prepare
FN:184,lsp_mocks::<impl RenameProviderTrait for MockRenameProvider>::rename
FN:199,lsp_mocks::MockSymbolsProvider::new
FN:205,lsp_mocks::<impl SymbolsProviderTrait for MockSymbolsProvider>::provide
FN:214,lsp_mocks::MockFormattingProvider::new
FN:220,lsp_mocks::<impl FormattingProviderTrait for MockFormattingProvider>::format_document
FN:228,lsp_mocks::<impl FormattingProviderTrait for MockFormattingProvider>::format_range
FN:237,lsp_mocks::<impl FormattingProviderTrait for MockFormattingProvider>::format_on_type
FN:252,lsp_mocks::MockCodeActionsProvider::new
FN:258,lsp_mocks::<impl CodeActionsProviderTrait for MockCodeActionsProvider>::provide
FN:268,lsp_mocks::<impl CodeActionsProviderTrait for MockCodeActionsProvider>::resolve
FN:277,lsp_mocks::MockSignatureHelpProvider::new
FN:283,lsp_mocks::<impl SignatureHelpProviderTrait for MockSignatureHelpProvider>::provide
FN:292,lsp_mocks::MockInlayHintsProvider::new
FN:298,lsp_mocks::<impl InlayHintsProviderTrait for MockInlayHintsProvider>::provide
FN:302,lsp_mocks::<impl InlayHintsProviderTrait for MockInlayHintsProvider>::resolve
FN:311,lsp_mocks::MockSelectionRangeProvider::new
FN:317,lsp_mocks::<impl SelectionRangeProviderTrait for MockSelectionRangeProvider>::provide
FN:326,lsp_mocks::MockFoldingRangeProvider::new
FN:332,lsp_mocks::<impl FoldingRangeProviderTrait for MockFoldingRangeProvider>::provide
FN:341,lsp_mocks::MockSemanticTokensProvider::new
FN:347,lsp_mocks::<impl SemanticTokensProviderTrait for MockSemanticTokensProvider>::provide_full
FN:351,lsp_mocks::<impl SemanticTokensProviderTrait for MockSemanticTokensProvider>::provide_range
FN:355,lsp_mocks::<impl SemanticTokensProviderTrait for MockSemanticTokensProvider>::provide_full_delta
FN:368,lsp_mocks::MockDiagnosticsProvider::new
FN:374,lsp_mocks::<impl DiagnosticsProviderTrait for MockDiagnosticsProvider>::provide
FN:379,lsp_mocks::create_mock_providers
FNF:46
FNDA:0,MockDiagnosticHandler::new
FNDA:0,<impl DiagnosticHandler for MockDiagnosticHandler>::report
FNDA:0,<impl DiagnosticHandler for MockDiagnosticHandler>::has_errors
FNDA:0,<impl DiagnosticHandler for MockDiagnosticHandler>::error_count
FNDA:0,<impl DiagnosticHandler for MockDiagnosticHandler>::warning_count
FNDA:0,<impl DiagnosticHandler for MockDiagnosticHandler>::get_diagnostics
FNDA:0,TestDocument::new
FNDA:0,TestDocument::simple_lua
FNDA:0,TestDocument::with_function
FNDA:0,lsp_mocks::MockCompletionProvider::new
FNDA:0,lsp_mocks::<impl CompletionProviderTrait for MockCompletionProvider>::provide
FNDA:0,lsp_mocks::<impl CompletionProviderTrait for MockCompletionProvider>::resolve
FNDA:0,lsp_mocks::MockHoverProvider::new
FNDA:0,lsp_mocks::<impl HoverProviderTrait for MockHoverProvider>::provide
FNDA:0,lsp_mocks::MockDefinitionProvider::new
FNDA:0,lsp_mocks::<impl DefinitionProviderTrait for MockDefinitionProvider>::provide
FNDA:0,lsp_mocks::MockReferencesProvider::new
FNDA:0,lsp_mocks::<impl ReferencesProviderTrait for MockReferencesProvider>::provide
FNDA:0,lsp_mocks::MockRenameProvider::new
FNDA:0,lsp_mocks::<impl RenameProviderTrait for MockRenameProvider>::prepare
FNDA:0,lsp_mocks::<impl RenameProviderTrait for MockRenameProvider>::rename
FNDA:0,lsp_mocks::MockSymbolsProvider::new
FNDA:0,lsp_mocks::<impl SymbolsProviderTrait for MockSymbolsProvider>::provide
FNDA:0,lsp_mocks::MockFormattingProvider::new
FNDA:0,lsp_mocks::<impl FormattingProviderTrait for MockFormattingProvider>::format_document
FNDA:0,lsp_mocks::<impl FormattingProviderTrait for MockFormattingProvider>::format_range
FNDA:0,lsp_mocks::<impl FormattingProviderTrait for MockFormattingProvider>::format_on_type
FNDA:0,lsp_mocks::MockCodeActionsProvider::new
FNDA:0,lsp_mocks::<impl CodeActionsProviderTrait for MockCodeActionsProvider>::provide
FNDA:0,lsp_mocks::<impl CodeActionsProviderTrait for MockCodeActionsProvider>::resolve
FNDA:0,lsp_mocks::MockSignatureHelpProvider::new
FNDA:0,lsp_mocks::<impl SignatureHelpProviderTrait for MockSignatureHelpProvider>::provide
FNDA:0,lsp_mocks::MockInlayHintsProvider::new
FNDA:0,lsp_mocks::<impl InlayHintsProviderTrait for MockInlayHintsProvider>::provide
FNDA:0,lsp_mocks::<impl InlayHintsProviderTrait for MockInlayHintsProvider>::resolve
FNDA:0,lsp_mocks::MockSelectionRangeProvider::new
FNDA:0,lsp_mocks::<impl SelectionRangeProviderTrait for MockSelectionRangeProvider>::provide
FNDA:0,lsp_mocks::MockFoldingRangeProvider::new
FNDA:0,lsp_mocks::<impl FoldingRangeProviderTrait for MockFoldingRangeProvider>::provide
FNDA:0,lsp_mocks::MockSemanticTokensProvider::new
FNDA:0,lsp_mocks::<impl SemanticTokensProviderTrait for MockSemanticTokensProvider>::provide_full
FNDA:0,lsp_mocks::<impl SemanticTokensProviderTrait for MockSemanticTokensProvider>::provide_range
FNDA:0,lsp_mocks::<impl SemanticTokensProviderTrait for MockSemanticTokensProvider>::provide_full_delta
FNDA:0,lsp_mocks::MockDiagnosticsProvider::new
FNDA:0,lsp_mocks::<impl DiagnosticsProviderTrait for MockDiagnosticsProvider>::provide
FNDA:0,lsp_mocks::create_mock_providers
DA:13,0
DA:14,0
DA:19,0
DA:20,0
DA:23,0
DA:24,0
DA:28,0
DA:31,0
DA:32,0
DA:36,0
DA:40,0
DA:41,0
DA:45,0
DA:49,0
DA:50,0
DA:62,0
DA:64,0
DA:69,0
DA:70,0
DA:73,0
DA:99,0
DA:100,0
DA:105,0
DA:106,0
DA:109,0
DA:110,0
DA:118,0
DA:119,0
DA:124,0
DA:125,0
DA:133,0
DA:134,0
DA:139,0
DA:145,0
DA:153,0
DA:154,0
DA:159,0
DA:166,0
DA:174,0
DA:175,0
DA:180,0
DA:181,0
DA:184,0
DA:191,0
DA:199,0
DA:200,0
DA:205,0
DA:206,0
DA:214,0
DA:215,0
DA:220,0
DA:225,0
DA:228,0
DA:234,0
DA:237,0
DA:244,0
DA:252,0
DA:253,0
DA:258,0
DA:265,0
DA:268,0
DA:269,0
DA:277,0
DA:278,0
DA:283,0
DA:284,0
DA:292,0
DA:293,0
DA:298,0
DA:299,0
DA:302,0
DA:303,0
DA:311,0
DA:312,0
DA:317,0
DA:318,0
DA:326,0
DA:327,0
DA:332,0
DA:333,0
DA:341,0
DA:342,0
DA:347,0
DA:348,0
DA:351,0
DA:352,0
DA:355,0
DA:360,0
DA:368,0
DA:369,0
DA:374,0
DA:375,0
DA:379,0
DA:396,0
DA:397,0
DA:398,0
DA:399,0
DA:400,0
DA:401,0
DA:402,0
DA:403,0
DA:404,0
DA:405,0
DA:406,0
DA:407,0
DA:408,0
DA:409,0
LF:107
LH:0
end_of_record
